2016-05-03 22:30:00.005 INFO [pool-2-thread-1][SynchronizeDataTask.java:30] - running SynchronizeData......
 2016-05-03 22:30:00.192 INFO [pool-2-thread-1][SynchronizeDataServiceImpl.java:108] - bti_1=====> [ 新增了0条数据 ]
 2016-05-03 22:30:00.259 INFO [pool-2-thread-1][SynchronizeDataServiceImpl.java:108] - bti_120=====> [ 新增了0条数据 ]
 2016-05-03 22:30:00.324 INFO [pool-2-thread-1][SynchronizeDataServiceImpl.java:108] - bti_1440=====> [ 新增了0条数据 ]
 2016-05-03 22:30:00.414 INFO [pool-2-thread-1][SynchronizeDataServiceImpl.java:108] - bti_15=====> [ 新增了0条数据 ]
 2016-05-03 22:30:00.501 INFO [pool-2-thread-1][SynchronizeDataServiceImpl.java:108] - bti_240=====> [ 新增了0条数据 ]
 2016-05-03 22:30:00.587 INFO [pool-2-thread-1][SynchronizeDataServiceImpl.java:108] - bti_3=====> [ 新增了0条数据 ]
 2016-05-03 22:30:00.670 INFO [pool-2-thread-1][SynchronizeDataServiceImpl.java:108] - bti_30=====> [ 新增了0条数据 ]
 2016-05-03 22:30:00.747 INFO [pool-2-thread-1][SynchronizeDataServiceImpl.java:108] - bti_360=====> [ 新增了0条数据 ]
 2016-05-03 22:30:00.815 INFO [pool-2-thread-1][SynchronizeDataServiceImpl.java:108] - bti_5=====> [ 新增了0条数据 ]
 2016-05-03 22:30:00.892 INFO [pool-2-thread-1][SynchronizeDataServiceImpl.java:108] - bti_60=====> [ 新增了0条数据 ]
 2016-05-03 22:30:00.926 INFO [pool-2-thread-1][SynchronizeDataServiceImpl.java:108] - bti_720=====> [ 新增了0条数据 ]
 2016-05-03 22:30:00.958 INFO [pool-2-thread-1][SynchronizeDataServiceImpl.java:108] - lsi_120=====> [ 新增了0条数据 ]
 2016-05-03 22:30:01.023 INFO [pool-2-thread-1][SynchronizeDataServiceImpl.java:108] - lsi_1440=====> [ 新增了0条数据 ]
 2016-05-03 22:30:01.090 INFO [pool-2-thread-1][SynchronizeDataServiceImpl.java:108] - lsi_240=====> [ 新增了0条数据 ]
 2016-05-03 22:30:01.123 INFO [pool-2-thread-1][SynchronizeDataServiceImpl.java:108] - lsi_360=====> [ 新增了0条数据 ]
 2016-05-03 22:30:01.158 INFO [pool-2-thread-1][SynchronizeDataServiceImpl.java:108] - lsi_60=====> [ 新增了0条数据 ]
 2016-05-03 22:30:01.225 INFO [pool-2-thread-1][SynchronizeDataServiceImpl.java:108] - lsi_720=====> [ 新增了0条数据 ]
 2016-05-03 22:30:01.258 INFO [pool-2-thread-1][SynchronizeDataServiceImpl.java:108] - newbie_china_btc_120=====> [ 新增了0条数据 ]
 2016-05-03 22:30:01.305 INFO [pool-2-thread-1][SynchronizeDataServiceImpl.java:108] - newbie_china_btc_1440=====> [ 新增了0条数据 ]
 2016-05-03 22:30:01.340 INFO [pool-2-thread-1][SynchronizeDataServiceImpl.java:108] - newbie_china_btc_240=====> [ 新增了0条数据 ]
 2016-05-03 22:30:01.370 INFO [pool-2-thread-1][SynchronizeDataServiceImpl.java:108] - newbie_china_btc_360=====> [ 新增了0条数据 ]
 2016-05-03 22:30:01.401 INFO [pool-2-thread-1][SynchronizeDataServiceImpl.java:108] - newbie_china_btc_60=====> [ 新增了0条数据 ]
 2016-05-03 22:30:01.427 INFO [pool-2-thread-1][SynchronizeDataServiceImpl.java:108] - newbie_china_btc_720=====> [ 新增了0条数据 ]
 2016-05-03 22:31:00.005 INFO [pool-2-thread-1][SynchronizeDataTask.java:30] - running SynchronizeData......
 2016-05-03 22:31:00.225 INFO [pool-2-thread-1][SynchronizeDataServiceImpl.java:108] - bti_1=====> [ 新增了2条数据 ]
 2016-05-03 22:31:00.265 INFO [pool-2-thread-1][SynchronizeDataServiceImpl.java:108] - bti_120=====> [ 新增了0条数据 ]
 2016-05-03 22:31:00.294 INFO [pool-2-thread-1][SynchronizeDataServiceImpl.java:108] - bti_1440=====> [ 新增了0条数据 ]
 2016-05-03 22:31:00.371 INFO [pool-2-thread-1][SynchronizeDataServiceImpl.java:108] - bti_15=====> [ 新增了1条数据 ]
 2016-05-03 22:31:00.438 INFO [pool-2-thread-1][SynchronizeDataServiceImpl.java:108] - bti_240=====> [ 新增了0条数据 ]
 2016-05-03 22:31:00.514 INFO [pool-2-thread-1][SynchronizeDataServiceImpl.java:108] - bti_3=====> [ 新增了1条数据 ]
 2016-05-03 22:31:00.636 INFO [pool-2-thread-1][SynchronizeDataServiceImpl.java:108] - bti_30=====> [ 新增了1条数据 ]
 2016-05-03 22:31:00.755 INFO [pool-2-thread-1][SynchronizeDataServiceImpl.java:108] - bti_360=====> [ 新增了0条数据 ]
 2016-05-03 22:31:00.903 INFO [pool-2-thread-1][SynchronizeDataServiceImpl.java:108] - bti_5=====> [ 新增了1条数据 ]
 2016-05-03 22:31:00.967 INFO [pool-2-thread-1][SynchronizeDataServiceImpl.java:108] - bti_60=====> [ 新增了0条数据 ]
 2016-05-03 22:31:01.020 INFO [pool-2-thread-1][SynchronizeDataServiceImpl.java:108] - bti_720=====> [ 新增了0条数据 ]
 2016-05-03 22:31:01.101 INFO [pool-2-thread-1][SynchronizeDataServiceImpl.java:108] - lsi_120=====> [ 新增了0条数据 ]
 2016-05-03 22:31:01.166 INFO [pool-2-thread-1][SynchronizeDataServiceImpl.java:108] - lsi_1440=====> [ 新增了0条数据 ]
 2016-05-03 22:31:01.231 INFO [pool-2-thread-1][SynchronizeDataServiceImpl.java:108] - lsi_240=====> [ 新增了0条数据 ]
 2016-05-03 22:31:01.287 INFO [pool-2-thread-1][SynchronizeDataServiceImpl.java:108] - lsi_360=====> [ 新增了0条数据 ]
 2016-05-03 22:31:01.342 INFO [pool-2-thread-1][SynchronizeDataServiceImpl.java:108] - lsi_60=====> [ 新增了0条数据 ]
 2016-05-03 22:31:01.377 INFO [pool-2-thread-1][SynchronizeDataServiceImpl.java:108] - lsi_720=====> [ 新增了0条数据 ]
 2016-05-03 22:31:01.411 INFO [pool-2-thread-1][SynchronizeDataServiceImpl.java:108] - newbie_china_btc_120=====> [ 新增了0条数据 ]
 2016-05-03 22:31:01.438 INFO [pool-2-thread-1][SynchronizeDataServiceImpl.java:108] - newbie_china_btc_1440=====> [ 新增了0条数据 ]
 2016-05-03 22:31:01.466 INFO [pool-2-thread-1][SynchronizeDataServiceImpl.java:108] - newbie_china_btc_240=====> [ 新增了0条数据 ]
 2016-05-03 22:31:01.495 INFO [pool-2-thread-1][SynchronizeDataServiceImpl.java:108] - newbie_china_btc_360=====> [ 新增了0条数据 ]
 2016-05-03 22:31:01.522 INFO [pool-2-thread-1][SynchronizeDataServiceImpl.java:108] - newbie_china_btc_60=====> [ 新增了0条数据 ]
 2016-05-03 22:31:01.554 INFO [pool-2-thread-1][SynchronizeDataServiceImpl.java:108] - newbie_china_btc_720=====> [ 新增了0条数据 ]
 2016-05-03 22:32:00.006 INFO [pool-2-thread-1][SynchronizeDataTask.java:30] - running SynchronizeData......
 2016-05-03 22:32:00.173 INFO [pool-2-thread-1][SynchronizeDataServiceImpl.java:108] - bti_1=====> [ 新增了0条数据 ]
 2016-05-03 22:32:00.238 INFO [pool-2-thread-1][SynchronizeDataServiceImpl.java:108] - bti_120=====> [ 新增了0条数据 ]
 2016-05-03 22:32:00.272 INFO [pool-2-thread-1][SynchronizeDataServiceImpl.java:108] - bti_1440=====> [ 新增了0条数据 ]
 2016-05-03 22:32:00.362 INFO [pool-2-thread-1][SynchronizeDataServiceImpl.java:108] - bti_15=====> [ 新增了0条数据 ]
 2016-05-03 22:32:00.446 INFO [pool-2-thread-1][SynchronizeDataServiceImpl.java:108] - bti_240=====> [ 新增了0条数据 ]
 2016-05-03 22:32:00.535 INFO [pool-2-thread-1][SynchronizeDataServiceImpl.java:108] - bti_3=====> [ 新增了0条数据 ]
 2016-05-03 22:32:00.617 INFO [pool-2-thread-1][SynchronizeDataServiceImpl.java:108] - bti_30=====> [ 新增了0条数据 ]
 2016-05-03 22:32:00.689 INFO [pool-2-thread-1][SynchronizeDataServiceImpl.java:108] - bti_360=====> [ 新增了0条数据 ]
 2016-05-03 22:32:00.763 INFO [pool-2-thread-1][SynchronizeDataServiceImpl.java:108] - bti_5=====> [ 新增了0条数据 ]
 2016-05-03 22:32:00.838 INFO [pool-2-thread-1][SynchronizeDataServiceImpl.java:108] - bti_60=====> [ 新增了0条数据 ]
 2016-05-03 22:32:00.868 INFO [pool-2-thread-1][SynchronizeDataServiceImpl.java:108] - bti_720=====> [ 新增了0条数据 ]
 2016-05-03 22:32:00.893 INFO [pool-2-thread-1][SynchronizeDataServiceImpl.java:108] - lsi_120=====> [ 新增了0条数据 ]
 2016-05-03 22:32:00.969 INFO [pool-2-thread-1][SynchronizeDataServiceImpl.java:108] - lsi_1440=====> [ 新增了0条数据 ]
 2016-05-03 22:32:01.035 INFO [pool-2-thread-1][SynchronizeDataServiceImpl.java:108] - lsi_240=====> [ 新增了0条数据 ]
 2016-05-03 22:32:01.062 INFO [pool-2-thread-1][SynchronizeDataServiceImpl.java:108] - lsi_360=====> [ 新增了0条数据 ]
 2016-05-03 22:32:01.118 INFO [pool-2-thread-1][SynchronizeDataServiceImpl.java:108] - lsi_60=====> [ 新增了0条数据 ]
 2016-05-03 22:32:01.146 INFO [pool-2-thread-1][SynchronizeDataServiceImpl.java:108] - lsi_720=====> [ 新增了0条数据 ]
 2016-05-03 22:32:01.172 INFO [pool-2-thread-1][SynchronizeDataServiceImpl.java:108] - newbie_china_btc_120=====> [ 新增了0条数据 ]
 2016-05-03 22:32:01.204 INFO [pool-2-thread-1][SynchronizeDataServiceImpl.java:108] - newbie_china_btc_1440=====> [ 新增了0条数据 ]
 2016-05-03 22:32:01.234 INFO [pool-2-thread-1][SynchronizeDataServiceImpl.java:108] - newbie_china_btc_240=====> [ 新增了0条数据 ]
 2016-05-03 22:32:01.261 INFO [pool-2-thread-1][SynchronizeDataServiceImpl.java:108] - newbie_china_btc_360=====> [ 新增了0条数据 ]
 2016-05-03 22:32:01.335 INFO [pool-2-thread-1][SynchronizeDataServiceImpl.java:108] - newbie_china_btc_60=====> [ 新增了0条数据 ]
 2016-05-03 22:32:01.360 INFO [pool-2-thread-1][SynchronizeDataServiceImpl.java:108] - newbie_china_btc_720=====> [ 新增了0条数据 ]
 2016-05-03 22:33:00.005 INFO [pool-2-thread-1][SynchronizeDataTask.java:30] - running SynchronizeData......
 2016-05-03 22:33:00.194 INFO [pool-2-thread-1][SynchronizeDataServiceImpl.java:108] - bti_1=====> [ 新增了2条数据 ]
 2016-05-03 22:33:00.286 INFO [pool-2-thread-1][SynchronizeDataServiceImpl.java:108] - bti_120=====> [ 新增了0条数据 ]
 2016-05-03 22:33:00.356 INFO [pool-2-thread-1][SynchronizeDataServiceImpl.java:108] - bti_1440=====> [ 新增了0条数据 ]
 2016-05-03 22:33:00.391 INFO [pool-2-thread-1][SynchronizeDataServiceImpl.java:108] - bti_15=====> [ 新增了0条数据 ]
 2016-05-03 22:33:00.423 INFO [pool-2-thread-1][SynchronizeDataServiceImpl.java:108] - bti_240=====> [ 新增了0条数据 ]
 2016-05-03 22:33:00.491 INFO [pool-2-thread-1][SynchronizeDataServiceImpl.java:108] - bti_3=====> [ 新增了0条数据 ]
 2016-05-03 22:33:00.529 INFO [pool-2-thread-1][SynchronizeDataServiceImpl.java:108] - bti_30=====> [ 新增了0条数据 ]
 2016-05-03 22:33:00.559 INFO [pool-2-thread-1][SynchronizeDataServiceImpl.java:108] - bti_360=====> [ 新增了0条数据 ]
 2016-05-03 22:33:00.591 INFO [pool-2-thread-1][SynchronizeDataServiceImpl.java:108] - bti_5=====> [ 新增了0条数据 ]
 2016-05-03 22:33:00.667 INFO [pool-2-thread-1][SynchronizeDataServiceImpl.java:108] - bti_60=====> [ 新增了0条数据 ]
 2016-05-03 22:33:00.733 INFO [pool-2-thread-1][SynchronizeDataServiceImpl.java:108] - bti_720=====> [ 新增了0条数据 ]
 2016-05-03 22:33:00.790 INFO [pool-2-thread-1][SynchronizeDataServiceImpl.java:108] - lsi_120=====> [ 新增了0条数据 ]
 2016-05-03 22:33:00.845 INFO [pool-2-thread-1][SynchronizeDataServiceImpl.java:108] - lsi_1440=====> [ 新增了0条数据 ]
 2016-05-03 22:33:00.977 INFO [pool-2-thread-1][SynchronizeDataServiceImpl.java:108] - lsi_240=====> [ 新增了0条数据 ]
 2016-05-03 22:33:01.056 INFO [pool-2-thread-1][SynchronizeDataServiceImpl.java:108] - lsi_360=====> [ 新增了0条数据 ]
 2016-05-03 22:33:01.130 INFO [pool-2-thread-1][SynchronizeDataServiceImpl.java:108] - lsi_60=====> [ 新增了0条数据 ]
 2016-05-03 22:33:01.179 INFO [pool-2-thread-1][SynchronizeDataServiceImpl.java:108] - lsi_720=====> [ 新增了0条数据 ]
 2016-05-03 22:33:01.207 INFO [pool-2-thread-1][SynchronizeDataServiceImpl.java:108] - newbie_china_btc_120=====> [ 新增了0条数据 ]
 2016-05-03 22:33:01.237 INFO [pool-2-thread-1][SynchronizeDataServiceImpl.java:108] - newbie_china_btc_1440=====> [ 新增了0条数据 ]
 2016-05-03 22:33:01.268 INFO [pool-2-thread-1][SynchronizeDataServiceImpl.java:108] - newbie_china_btc_240=====> [ 新增了0条数据 ]
 2016-05-03 22:33:01.296 INFO [pool-2-thread-1][SynchronizeDataServiceImpl.java:108] - newbie_china_btc_360=====> [ 新增了0条数据 ]
 2016-05-03 22:33:01.322 INFO [pool-2-thread-1][SynchronizeDataServiceImpl.java:108] - newbie_china_btc_60=====> [ 新增了0条数据 ]
 2016-05-03 22:33:01.355 INFO [pool-2-thread-1][SynchronizeDataServiceImpl.java:108] - newbie_china_btc_720=====> [ 新增了0条数据 ]
 2016-05-03 22:34:00.005 INFO [pool-2-thread-1][SynchronizeDataTask.java:30] - running SynchronizeData......
 2016-05-03 22:34:00.182 INFO [pool-2-thread-1][SynchronizeDataServiceImpl.java:108] - bti_1=====> [ 新增了0条数据 ]
 2016-05-03 22:34:00.264 INFO [pool-2-thread-1][SynchronizeDataServiceImpl.java:108] - bti_120=====> [ 新增了0条数据 ]
 2016-05-03 22:34:00.318 INFO [pool-2-thread-1][SynchronizeDataServiceImpl.java:108] - bti_1440=====> [ 新增了0条数据 ]
 2016-05-03 22:34:00.405 INFO [pool-2-thread-1][SynchronizeDataServiceImpl.java:108] - bti_15=====> [ 新增了0条数据 ]
 2016-05-03 22:34:00.487 INFO [pool-2-thread-1][SynchronizeDataServiceImpl.java:108] - bti_240=====> [ 新增了0条数据 ]
 2016-05-03 22:34:00.562 INFO [pool-2-thread-1][SynchronizeDataServiceImpl.java:108] - bti_3=====> [ 新增了0条数据 ]
 2016-05-03 22:34:00.626 INFO [pool-2-thread-1][SynchronizeDataServiceImpl.java:108] - bti_30=====> [ 新增了0条数据 ]
 2016-05-03 22:34:00.692 INFO [pool-2-thread-1][SynchronizeDataServiceImpl.java:108] - bti_360=====> [ 新增了0条数据 ]
 2016-05-03 22:34:00.751 INFO [pool-2-thread-1][SynchronizeDataServiceImpl.java:108] - bti_5=====> [ 新增了0条数据 ]
 2016-05-03 22:34:00.837 INFO [pool-2-thread-1][SynchronizeDataServiceImpl.java:108] - bti_60=====> [ 新增了0条数据 ]
 2016-05-03 22:34:00.929 INFO [pool-2-thread-1][SynchronizeDataServiceImpl.java:108] - bti_720=====> [ 新增了0条数据 ]
 2016-05-03 22:34:00.998 INFO [pool-2-thread-1][SynchronizeDataServiceImpl.java:108] - lsi_120=====> [ 新增了0条数据 ]
 2016-05-03 22:34:01.058 INFO [pool-2-thread-1][SynchronizeDataServiceImpl.java:108] - lsi_1440=====> [ 新增了0条数据 ]
 2016-05-03 22:34:01.125 INFO [pool-2-thread-1][SynchronizeDataServiceImpl.java:108] - lsi_240=====> [ 新增了0条数据 ]
 2016-05-03 22:34:01.163 INFO [pool-2-thread-1][SynchronizeDataServiceImpl.java:108] - lsi_360=====> [ 新增了0条数据 ]
 2016-05-03 22:34:01.203 INFO [pool-2-thread-1][SynchronizeDataServiceImpl.java:108] - lsi_60=====> [ 新增了0条数据 ]
 2016-05-03 22:34:01.228 INFO [pool-2-thread-1][SynchronizeDataServiceImpl.java:108] - lsi_720=====> [ 新增了0条数据 ]
 2016-05-03 22:34:01.296 INFO [pool-2-thread-1][SynchronizeDataServiceImpl.java:108] - newbie_china_btc_120=====> [ 新增了0条数据 ]
 2016-05-03 22:34:01.363 INFO [pool-2-thread-1][SynchronizeDataServiceImpl.java:108] - newbie_china_btc_1440=====> [ 新增了0条数据 ]
 2016-05-03 22:34:01.395 INFO [pool-2-thread-1][SynchronizeDataServiceImpl.java:108] - newbie_china_btc_240=====> [ 新增了0条数据 ]
 2016-05-03 22:34:01.430 INFO [pool-2-thread-1][SynchronizeDataServiceImpl.java:108] - newbie_china_btc_360=====> [ 新增了0条数据 ]
 2016-05-03 22:34:01.491 INFO [pool-2-thread-1][SynchronizeDataServiceImpl.java:108] - newbie_china_btc_60=====> [ 新增了0条数据 ]
 2016-05-03 22:34:01.551 INFO [pool-2-thread-1][SynchronizeDataServiceImpl.java:108] - newbie_china_btc_720=====> [ 新增了0条数据 ]
 2016-05-03 22:35:00.005 INFO [pool-2-thread-1][SynchronizeDataTask.java:30] - running SynchronizeData......
 2016-05-03 22:35:00.174 INFO [pool-2-thread-1][SynchronizeDataServiceImpl.java:108] - bti_1=====> [ 新增了2条数据 ]
 2016-05-03 22:35:00.202 INFO [pool-2-thread-1][SynchronizeDataServiceImpl.java:108] - bti_120=====> [ 新增了0条数据 ]
 2016-05-03 22:35:00.235 INFO [pool-2-thread-1][SynchronizeDataServiceImpl.java:108] - bti_1440=====> [ 新增了0条数据 ]
 2016-05-03 22:35:00.274 INFO [pool-2-thread-1][SynchronizeDataServiceImpl.java:108] - bti_15=====> [ 新增了0条数据 ]
 2016-05-03 22:35:00.343 INFO [pool-2-thread-1][SynchronizeDataServiceImpl.java:108] - bti_240=====> [ 新增了0条数据 ]
 2016-05-03 22:35:00.418 INFO [pool-2-thread-1][SynchronizeDataServiceImpl.java:108] - bti_3=====> [ 新增了1条数据 ]
 2016-05-03 22:35:00.491 INFO [pool-2-thread-1][SynchronizeDataServiceImpl.java:108] - bti_30=====> [ 新增了0条数据 ]
 2016-05-03 22:35:00.545 INFO [pool-2-thread-1][SynchronizeDataServiceImpl.java:108] - bti_360=====> [ 新增了0条数据 ]
 2016-05-03 22:35:00.610 INFO [pool-2-thread-1][SynchronizeDataServiceImpl.java:108] - bti_5=====> [ 新增了0条数据 ]
 2016-05-03 22:35:00.668 INFO [pool-2-thread-1][SynchronizeDataServiceImpl.java:108] - bti_60=====> [ 新增了0条数据 ]
 2016-05-03 22:35:00.702 INFO [pool-2-thread-1][SynchronizeDataServiceImpl.java:108] - bti_720=====> [ 新增了0条数据 ]
 2016-05-03 22:35:00.768 INFO [pool-2-thread-1][SynchronizeDataServiceImpl.java:108] - lsi_120=====> [ 新增了0条数据 ]
 2016-05-03 22:35:00.832 INFO [pool-2-thread-1][SynchronizeDataServiceImpl.java:108] - lsi_1440=====> [ 新增了0条数据 ]
 2016-05-03 22:35:00.913 INFO [pool-2-thread-1][SynchronizeDataServiceImpl.java:108] - lsi_240=====> [ 新增了0条数据 ]
 2016-05-03 22:35:00.968 INFO [pool-2-thread-1][SynchronizeDataServiceImpl.java:108] - lsi_360=====> [ 新增了0条数据 ]
 2016-05-03 22:35:01.037 INFO [pool-2-thread-1][SynchronizeDataServiceImpl.java:108] - lsi_60=====> [ 新增了0条数据 ]
 2016-05-03 22:35:01.126 INFO [pool-2-thread-1][SynchronizeDataServiceImpl.java:108] - lsi_720=====> [ 新增了0条数据 ]
 2016-05-03 22:35:01.176 INFO [pool-2-thread-1][SynchronizeDataServiceImpl.java:108] - newbie_china_btc_120=====> [ 新增了0条数据 ]
 2016-05-03 22:35:01.202 INFO [pool-2-thread-1][SynchronizeDataServiceImpl.java:108] - newbie_china_btc_1440=====> [ 新增了0条数据 ]
 2016-05-03 22:35:01.232 INFO [pool-2-thread-1][SynchronizeDataServiceImpl.java:108] - newbie_china_btc_240=====> [ 新增了0条数据 ]
 2016-05-03 22:35:01.257 INFO [pool-2-thread-1][SynchronizeDataServiceImpl.java:108] - newbie_china_btc_360=====> [ 新增了0条数据 ]
 2016-05-03 22:35:01.289 INFO [pool-2-thread-1][SynchronizeDataServiceImpl.java:108] - newbie_china_btc_60=====> [ 新增了0条数据 ]
 2016-05-03 22:35:01.319 INFO [pool-2-thread-1][SynchronizeDataServiceImpl.java:108] - newbie_china_btc_720=====> [ 新增了0条数据 ]
 2016-05-03 22:36:00.004 INFO [pool-2-thread-1][SynchronizeDataTask.java:30] - running SynchronizeData......
 2016-05-03 22:36:00.155 INFO [pool-2-thread-1][SynchronizeDataServiceImpl.java:108] - bti_1=====> [ 新增了0条数据 ]
 2016-05-03 22:36:00.220 INFO [pool-2-thread-1][SynchronizeDataServiceImpl.java:108] - bti_120=====> [ 新增了0条数据 ]
 2016-05-03 22:36:00.259 INFO [pool-2-thread-1][SynchronizeDataServiceImpl.java:108] - bti_1440=====> [ 新增了0条数据 ]
 2016-05-03 22:36:00.332 INFO [pool-2-thread-1][SynchronizeDataServiceImpl.java:108] - bti_15=====> [ 新增了0条数据 ]
 2016-05-03 22:36:00.399 INFO [pool-2-thread-1][SynchronizeDataServiceImpl.java:108] - bti_240=====> [ 新增了0条数据 ]
 2016-05-03 22:36:00.477 INFO [pool-2-thread-1][SynchronizeDataServiceImpl.java:108] - bti_3=====> [ 新增了0条数据 ]
 2016-05-03 22:36:00.561 INFO [pool-2-thread-1][SynchronizeDataServiceImpl.java:108] - bti_30=====> [ 新增了0条数据 ]
 2016-05-03 22:36:00.629 INFO [pool-2-thread-1][SynchronizeDataServiceImpl.java:108] - bti_360=====> [ 新增了0条数据 ]
 2016-05-03 22:36:00.716 INFO [pool-2-thread-1][SynchronizeDataServiceImpl.java:108] - bti_5=====> [ 新增了0条数据 ]
 2016-05-03 22:36:00.798 INFO [pool-2-thread-1][SynchronizeDataServiceImpl.java:108] - bti_60=====> [ 新增了0条数据 ]
 2016-05-03 22:36:00.832 INFO [pool-2-thread-1][SynchronizeDataServiceImpl.java:108] - bti_720=====> [ 新增了0条数据 ]
 2016-05-03 22:36:00.865 INFO [pool-2-thread-1][SynchronizeDataServiceImpl.java:108] - lsi_120=====> [ 新增了0条数据 ]
 2016-05-03 22:36:00.953 INFO [pool-2-thread-1][SynchronizeDataServiceImpl.java:108] - lsi_1440=====> [ 新增了0条数据 ]
 2016-05-03 22:36:01.044 INFO [pool-2-thread-1][SynchronizeDataServiceImpl.java:108] - lsi_240=====> [ 新增了0条数据 ]
 2016-05-03 22:36:01.139 INFO [pool-2-thread-1][SynchronizeDataServiceImpl.java:108] - lsi_360=====> [ 新增了0条数据 ]
 2016-05-03 22:36:01.198 INFO [pool-2-thread-1][SynchronizeDataServiceImpl.java:108] - lsi_60=====> [ 新增了0条数据 ]
 2016-05-03 22:36:01.227 INFO [pool-2-thread-1][SynchronizeDataServiceImpl.java:108] - lsi_720=====> [ 新增了0条数据 ]
 2016-05-03 22:36:01.253 INFO [pool-2-thread-1][SynchronizeDataServiceImpl.java:108] - newbie_china_btc_120=====> [ 新增了0条数据 ]
 2016-05-03 22:36:01.286 INFO [pool-2-thread-1][SynchronizeDataServiceImpl.java:108] - newbie_china_btc_1440=====> [ 新增了0条数据 ]
 2016-05-03 22:36:01.361 INFO [pool-2-thread-1][SynchronizeDataServiceImpl.java:108] - newbie_china_btc_240=====> [ 新增了0条数据 ]
 2016-05-03 22:36:01.432 INFO [pool-2-thread-1][SynchronizeDataServiceImpl.java:108] - newbie_china_btc_360=====> [ 新增了0条数据 ]
 2016-05-03 22:36:01.587 INFO [pool-2-thread-1][SynchronizeDataServiceImpl.java:108] - newbie_china_btc_60=====> [ 新增了0条数据 ]
 2016-05-03 22:36:01.642 INFO [pool-2-thread-1][SynchronizeDataServiceImpl.java:108] - newbie_china_btc_720=====> [ 新增了0条数据 ]
 2016-05-03 22:37:00.005 INFO [pool-2-thread-1][SynchronizeDataTask.java:30] - running SynchronizeData......
 2016-05-03 22:37:00.198 INFO [pool-2-thread-1][SynchronizeDataServiceImpl.java:108] - bti_1=====> [ 新增了2条数据 ]
 2016-05-03 22:37:00.279 INFO [pool-2-thread-1][SynchronizeDataServiceImpl.java:108] - bti_120=====> [ 新增了0条数据 ]
 2016-05-03 22:37:00.367 INFO [pool-2-thread-1][SynchronizeDataServiceImpl.java:108] - bti_1440=====> [ 新增了0条数据 ]
 2016-05-03 22:37:00.404 INFO [pool-2-thread-1][SynchronizeDataServiceImpl.java:108] - bti_15=====> [ 新增了0条数据 ]
 2016-05-03 22:37:00.524 INFO [pool-2-thread-1][SynchronizeDataServiceImpl.java:108] - bti_240=====> [ 新增了0条数据 ]
 2016-05-03 22:37:00.610 INFO [pool-2-thread-1][SynchronizeDataServiceImpl.java:108] - bti_3=====> [ 新增了1条数据 ]
 2016-05-03 22:37:00.649 INFO [pool-2-thread-1][SynchronizeDataServiceImpl.java:108] - bti_30=====> [ 新增了0条数据 ]
 2016-05-03 22:37:00.690 INFO [pool-2-thread-1][SynchronizeDataServiceImpl.java:108] - bti_360=====> [ 新增了0条数据 ]
 2016-05-03 22:37:00.743 INFO [pool-2-thread-1][SynchronizeDataServiceImpl.java:108] - bti_5=====> [ 新增了1条数据 ]
 2016-05-03 22:37:00.782 INFO [pool-2-thread-1][SynchronizeDataServiceImpl.java:108] - bti_60=====> [ 新增了0条数据 ]
 2016-05-03 22:37:00.817 INFO [pool-2-thread-1][SynchronizeDataServiceImpl.java:108] - bti_720=====> [ 新增了0条数据 ]
 2016-05-03 22:37:00.846 INFO [pool-2-thread-1][SynchronizeDataServiceImpl.java:108] - lsi_120=====> [ 新增了0条数据 ]
 2016-05-03 22:37:00.877 INFO [pool-2-thread-1][SynchronizeDataServiceImpl.java:108] - lsi_1440=====> [ 新增了0条数据 ]
 2016-05-03 22:37:00.938 INFO [pool-2-thread-1][SynchronizeDataServiceImpl.java:108] - lsi_240=====> [ 新增了0条数据 ]
 2016-05-03 22:37:00.993 INFO [pool-2-thread-1][SynchronizeDataServiceImpl.java:108] - lsi_360=====> [ 新增了0条数据 ]
 2016-05-03 22:37:01.078 INFO [pool-2-thread-1][SynchronizeDataServiceImpl.java:108] - lsi_60=====> [ 新增了0条数据 ]
 2016-05-03 22:37:01.126 INFO [pool-2-thread-1][SynchronizeDataServiceImpl.java:108] - lsi_720=====> [ 新增了0条数据 ]
 2016-05-03 22:37:01.177 INFO [pool-2-thread-1][SynchronizeDataServiceImpl.java:108] - newbie_china_btc_120=====> [ 新增了0条数据 ]
 2016-05-03 22:37:01.208 INFO [pool-2-thread-1][SynchronizeDataServiceImpl.java:108] - newbie_china_btc_1440=====> [ 新增了0条数据 ]
 2016-05-03 22:37:01.238 INFO [pool-2-thread-1][SynchronizeDataServiceImpl.java:108] - newbie_china_btc_240=====> [ 新增了0条数据 ]
 2016-05-03 22:37:01.267 INFO [pool-2-thread-1][SynchronizeDataServiceImpl.java:108] - newbie_china_btc_360=====> [ 新增了0条数据 ]
 2016-05-03 22:37:01.330 INFO [pool-2-thread-1][SynchronizeDataServiceImpl.java:108] - newbie_china_btc_60=====> [ 新增了0条数据 ]
 2016-05-03 22:37:01.357 INFO [pool-2-thread-1][SynchronizeDataServiceImpl.java:108] - newbie_china_btc_720=====> [ 新增了0条数据 ]
 2016-05-03 22:38:00.005 INFO [pool-2-thread-1][SynchronizeDataTask.java:30] - running SynchronizeData......
 2016-05-03 22:38:00.157 INFO [pool-2-thread-1][SynchronizeDataServiceImpl.java:108] - bti_1=====> [ 新增了0条数据 ]
 2016-05-03 22:38:00.385 INFO [pool-2-thread-1][SynchronizeDataServiceImpl.java:108] - bti_120=====> [ 新增了0条数据 ]
 2016-05-03 22:38:00.463 INFO [pool-2-thread-1][SynchronizeDataServiceImpl.java:108] - bti_1440=====> [ 新增了0条数据 ]
 2016-05-03 22:38:00.552 INFO [pool-2-thread-1][SynchronizeDataServiceImpl.java:108] - bti_15=====> [ 新增了0条数据 ]
 2016-05-03 22:38:00.633 INFO [pool-2-thread-1][SynchronizeDataServiceImpl.java:108] - bti_240=====> [ 新增了0条数据 ]
 2016-05-03 22:38:00.701 INFO [pool-2-thread-1][SynchronizeDataServiceImpl.java:108] - bti_3=====> [ 新增了0条数据 ]
 2016-05-03 22:38:00.765 INFO [pool-2-thread-1][SynchronizeDataServiceImpl.java:108] - bti_30=====> [ 新增了0条数据 ]
 2016-05-03 22:38:00.841 INFO [pool-2-thread-1][SynchronizeDataServiceImpl.java:108] - bti_360=====> [ 新增了0条数据 ]
 2016-05-03 22:38:00.907 INFO [pool-2-thread-1][SynchronizeDataServiceImpl.java:108] - bti_5=====> [ 新增了0条数据 ]
 2016-05-03 22:38:00.987 INFO [pool-2-thread-1][SynchronizeDataServiceImpl.java:108] - bti_60=====> [ 新增了0条数据 ]
 2016-05-03 22:38:01.055 INFO [pool-2-thread-1][SynchronizeDataServiceImpl.java:108] - bti_720=====> [ 新增了0条数据 ]
 2016-05-03 22:38:01.090 INFO [pool-2-thread-1][SynchronizeDataServiceImpl.java:108] - lsi_120=====> [ 新增了0条数据 ]
 2016-05-03 22:38:01.154 INFO [pool-2-thread-1][SynchronizeDataServiceImpl.java:108] - lsi_1440=====> [ 新增了0条数据 ]
 2016-05-03 22:38:01.230 INFO [pool-2-thread-1][SynchronizeDataServiceImpl.java:108] - lsi_240=====> [ 新增了0条数据 ]
 2016-05-03 22:38:01.256 INFO [pool-2-thread-1][SynchronizeDataServiceImpl.java:108] - lsi_360=====> [ 新增了0条数据 ]
 2016-05-03 22:38:01.322 INFO [pool-2-thread-1][SynchronizeDataServiceImpl.java:108] - lsi_60=====> [ 新增了0条数据 ]
 2016-05-03 22:38:01.356 INFO [pool-2-thread-1][SynchronizeDataServiceImpl.java:108] - lsi_720=====> [ 新增了0条数据 ]
 2016-05-03 22:38:01.386 INFO [pool-2-thread-1][SynchronizeDataServiceImpl.java:108] - newbie_china_btc_120=====> [ 新增了0条数据 ]
 2016-05-03 22:38:01.411 INFO [pool-2-thread-1][SynchronizeDataServiceImpl.java:108] - newbie_china_btc_1440=====> [ 新增了0条数据 ]
 2016-05-03 22:38:01.451 INFO [pool-2-thread-1][SynchronizeDataServiceImpl.java:108] - newbie_china_btc_240=====> [ 新增了0条数据 ]
 2016-05-03 22:38:01.481 INFO [pool-2-thread-1][SynchronizeDataServiceImpl.java:108] - newbie_china_btc_360=====> [ 新增了0条数据 ]
 2016-05-03 22:38:01.511 INFO [pool-2-thread-1][SynchronizeDataServiceImpl.java:108] - newbie_china_btc_60=====> [ 新增了0条数据 ]
 2016-05-03 22:38:01.566 INFO [pool-2-thread-1][SynchronizeDataServiceImpl.java:108] - newbie_china_btc_720=====> [ 新增了0条数据 ]
 2016-05-03 22:39:00.005 INFO [pool-2-thread-1][SynchronizeDataTask.java:30] - running SynchronizeData......
 2016-05-03 22:39:00.178 INFO [pool-2-thread-1][SynchronizeDataServiceImpl.java:108] - bti_1=====> [ 新增了2条数据 ]
 2016-05-03 22:39:00.206 INFO [pool-2-thread-1][SynchronizeDataServiceImpl.java:108] - bti_120=====> [ 新增了0条数据 ]
 2016-05-03 22:39:00.241 INFO [pool-2-thread-1][SynchronizeDataServiceImpl.java:108] - bti_1440=====> [ 新增了0条数据 ]
 2016-05-03 22:39:00.273 INFO [pool-2-thread-1][SynchronizeDataServiceImpl.java:108] - bti_15=====> [ 新增了0条数据 ]
 2016-05-03 22:39:00.360 INFO [pool-2-thread-1][SynchronizeDataServiceImpl.java:108] - bti_240=====> [ 新增了0条数据 ]
 2016-05-03 22:39:00.397 INFO [pool-2-thread-1][SynchronizeDataServiceImpl.java:108] - bti_3=====> [ 新增了0条数据 ]
 2016-05-03 22:39:00.431 INFO [pool-2-thread-1][SynchronizeDataServiceImpl.java:108] - bti_30=====> [ 新增了0条数据 ]
 2016-05-03 22:39:00.462 INFO [pool-2-thread-1][SynchronizeDataServiceImpl.java:108] - bti_360=====> [ 新增了0条数据 ]
 2016-05-03 22:39:00.497 INFO [pool-2-thread-1][SynchronizeDataServiceImpl.java:108] - bti_5=====> [ 新增了0条数据 ]
 2016-05-03 22:39:00.582 INFO [pool-2-thread-1][SynchronizeDataServiceImpl.java:108] - bti_60=====> [ 新增了0条数据 ]
 2016-05-03 22:39:00.614 INFO [pool-2-thread-1][SynchronizeDataServiceImpl.java:108] - bti_720=====> [ 新增了0条数据 ]
 2016-05-03 22:39:00.641 INFO [pool-2-thread-1][SynchronizeDataServiceImpl.java:108] - lsi_120=====> [ 新增了0条数据 ]
 2016-05-03 22:39:00.673 INFO [pool-2-thread-1][SynchronizeDataServiceImpl.java:108] - lsi_1440=====> [ 新增了0条数据 ]
 2016-05-03 22:39:00.703 INFO [pool-2-thread-1][SynchronizeDataServiceImpl.java:108] - lsi_240=====> [ 新增了0条数据 ]
 2016-05-03 22:39:00.780 INFO [pool-2-thread-1][SynchronizeDataServiceImpl.java:108] - lsi_360=====> [ 新增了0条数据 ]
 2016-05-03 22:39:00.859 INFO [pool-2-thread-1][SynchronizeDataServiceImpl.java:108] - lsi_60=====> [ 新增了0条数据 ]
 2016-05-03 22:39:00.941 INFO [pool-2-thread-1][SynchronizeDataServiceImpl.java:108] - lsi_720=====> [ 新增了0条数据 ]
 2016-05-03 22:39:01.007 INFO [pool-2-thread-1][SynchronizeDataServiceImpl.java:108] - newbie_china_btc_120=====> [ 新增了0条数据 ]
 2016-05-03 22:39:01.062 INFO [pool-2-thread-1][SynchronizeDataServiceImpl.java:108] - newbie_china_btc_1440=====> [ 新增了0条数据 ]
 2016-05-03 22:39:01.320 INFO [pool-2-thread-1][SynchronizeDataServiceImpl.java:108] - newbie_china_btc_240=====> [ 新增了0条数据 ]
 2016-05-03 22:39:01.542 INFO [pool-2-thread-1][SynchronizeDataServiceImpl.java:108] - newbie_china_btc_360=====> [ 新增了0条数据 ]
 2016-05-03 22:39:01.627 INFO [pool-2-thread-1][SynchronizeDataServiceImpl.java:108] - newbie_china_btc_60=====> [ 新增了0条数据 ]
 2016-05-03 22:39:01.684 INFO [pool-2-thread-1][SynchronizeDataServiceImpl.java:108] - newbie_china_btc_720=====> [ 新增了0条数据 ]
 2016-05-03 22:40:00.006 INFO [pool-2-thread-1][SynchronizeDataTask.java:30] - running SynchronizeData......
 2016-05-03 22:40:00.113 INFO [pool-2-thread-1][SynchronizeDataServiceImpl.java:108] - bti_1=====> [ 新增了0条数据 ]
 2016-05-03 22:40:00.176 INFO [pool-2-thread-1][SynchronizeDataServiceImpl.java:108] - bti_120=====> [ 新增了0条数据 ]
 2016-05-03 22:40:00.236 INFO [pool-2-thread-1][SynchronizeDataServiceImpl.java:108] - bti_1440=====> [ 新增了0条数据 ]
 2016-05-03 22:40:00.314 INFO [pool-2-thread-1][SynchronizeDataServiceImpl.java:108] - bti_15=====> [ 新增了0条数据 ]
 2016-05-03 22:40:00.380 INFO [pool-2-thread-1][SynchronizeDataServiceImpl.java:108] - bti_240=====> [ 新增了0条数据 ]
 2016-05-03 22:40:00.476 INFO [pool-2-thread-1][SynchronizeDataServiceImpl.java:108] - bti_3=====> [ 新增了0条数据 ]
 2016-05-03 22:40:00.566 INFO [pool-2-thread-1][SynchronizeDataServiceImpl.java:108] - bti_30=====> [ 新增了0条数据 ]
 2016-05-03 22:40:00.633 INFO [pool-2-thread-1][SynchronizeDataServiceImpl.java:108] - bti_360=====> [ 新增了0条数据 ]
 2016-05-03 22:40:00.702 INFO [pool-2-thread-1][SynchronizeDataServiceImpl.java:108] - bti_5=====> [ 新增了0条数据 ]
 2016-05-03 22:40:00.780 INFO [pool-2-thread-1][SynchronizeDataServiceImpl.java:108] - bti_60=====> [ 新增了0条数据 ]
 2016-05-03 22:40:00.813 INFO [pool-2-thread-1][SynchronizeDataServiceImpl.java:108] - bti_720=====> [ 新增了0条数据 ]
 2016-05-03 22:40:00.847 INFO [pool-2-thread-1][SynchronizeDataServiceImpl.java:108] - lsi_120=====> [ 新增了0条数据 ]
 2016-05-03 22:40:00.922 INFO [pool-2-thread-1][SynchronizeDataServiceImpl.java:108] - lsi_1440=====> [ 新增了0条数据 ]
 2016-05-03 22:40:00.989 INFO [pool-2-thread-1][SynchronizeDataServiceImpl.java:108] - lsi_240=====> [ 新增了0条数据 ]
 2016-05-03 22:40:01.012 INFO [pool-2-thread-1][SynchronizeDataServiceImpl.java:108] - lsi_360=====> [ 新增了0条数据 ]
 2016-05-03 22:40:01.079 INFO [pool-2-thread-1][SynchronizeDataServiceImpl.java:108] - lsi_60=====> [ 新增了0条数据 ]
 2016-05-03 22:40:01.109 INFO [pool-2-thread-1][SynchronizeDataServiceImpl.java:108] - lsi_720=====> [ 新增了0条数据 ]
 2016-05-03 22:40:01.143 INFO [pool-2-thread-1][SynchronizeDataServiceImpl.java:108] - newbie_china_btc_120=====> [ 新增了0条数据 ]
 2016-05-03 22:40:01.249 INFO [pool-2-thread-1][SynchronizeDataServiceImpl.java:108] - newbie_china_btc_1440=====> [ 新增了0条数据 ]
 2016-05-03 22:40:01.321 INFO [pool-2-thread-1][SynchronizeDataServiceImpl.java:108] - newbie_china_btc_240=====> [ 新增了0条数据 ]
 2016-05-03 22:40:01.347 INFO [pool-2-thread-1][SynchronizeDataServiceImpl.java:108] - newbie_china_btc_360=====> [ 新增了0条数据 ]
 2016-05-03 22:40:01.375 INFO [pool-2-thread-1][SynchronizeDataServiceImpl.java:108] - newbie_china_btc_60=====> [ 新增了0条数据 ]
 2016-05-03 22:40:01.402 INFO [pool-2-thread-1][SynchronizeDataServiceImpl.java:108] - newbie_china_btc_720=====> [ 新增了0条数据 ]
 2016-05-03 22:41:00.005 INFO [pool-2-thread-1][SynchronizeDataTask.java:30] - running SynchronizeData......
 2016-05-03 22:41:00.124 INFO [pool-2-thread-1][SynchronizeDataServiceImpl.java:108] - bti_1=====> [ 新增了2条数据 ]
 2016-05-03 22:41:00.149 INFO [pool-2-thread-1][SynchronizeDataServiceImpl.java:108] - bti_120=====> [ 新增了0条数据 ]
 2016-05-03 22:41:00.175 INFO [pool-2-thread-1][SynchronizeDataServiceImpl.java:108] - bti_1440=====> [ 新增了0条数据 ]
 2016-05-03 22:41:00.204 INFO [pool-2-thread-1][SynchronizeDataServiceImpl.java:108] - bti_15=====> [ 新增了0条数据 ]
 2016-05-03 22:41:00.271 INFO [pool-2-thread-1][SynchronizeDataServiceImpl.java:108] - bti_240=====> [ 新增了0条数据 ]
 2016-05-03 22:41:00.324 INFO [pool-2-thread-1][SynchronizeDataServiceImpl.java:108] - bti_3=====> [ 新增了1条数据 ]
 2016-05-03 22:41:00.360 INFO [pool-2-thread-1][SynchronizeDataServiceImpl.java:108] - bti_30=====> [ 新增了0条数据 ]
 2016-05-03 22:41:00.386 INFO [pool-2-thread-1][SynchronizeDataServiceImpl.java:108] - bti_360=====> [ 新增了0条数据 ]
 2016-05-03 22:41:00.436 INFO [pool-2-thread-1][SynchronizeDataServiceImpl.java:108] - bti_5=====> [ 新增了1条数据 ]
 2016-05-03 22:41:00.472 INFO [pool-2-thread-1][SynchronizeDataServiceImpl.java:108] - bti_60=====> [ 新增了0条数据 ]
 2016-05-03 22:41:00.497 INFO [pool-2-thread-1][SynchronizeDataServiceImpl.java:108] - bti_720=====> [ 新增了0条数据 ]
 2016-05-03 22:41:00.530 INFO [pool-2-thread-1][SynchronizeDataServiceImpl.java:108] - lsi_120=====> [ 新增了0条数据 ]
 2016-05-03 22:41:00.597 INFO [pool-2-thread-1][SynchronizeDataServiceImpl.java:108] - lsi_1440=====> [ 新增了0条数据 ]
 2016-05-03 22:41:00.676 INFO [pool-2-thread-1][SynchronizeDataServiceImpl.java:108] - lsi_240=====> [ 新增了0条数据 ]
 2016-05-03 22:41:00.751 INFO [pool-2-thread-1][SynchronizeDataServiceImpl.java:108] - lsi_360=====> [ 新增了0条数据 ]
 2016-05-03 22:41:00.888 INFO [pool-2-thread-1][SynchronizeDataServiceImpl.java:108] - lsi_60=====> [ 新增了0条数据 ]
 2016-05-03 22:41:00.949 INFO [pool-2-thread-1][SynchronizeDataServiceImpl.java:108] - lsi_720=====> [ 新增了0条数据 ]
 2016-05-03 22:41:01.042 INFO [pool-2-thread-1][SynchronizeDataServiceImpl.java:108] - newbie_china_btc_120=====> [ 新增了0条数据 ]
 2016-05-03 22:41:01.072 INFO [pool-2-thread-1][SynchronizeDataServiceImpl.java:108] - newbie_china_btc_1440=====> [ 新增了0条数据 ]
 2016-05-03 22:41:01.106 INFO [pool-2-thread-1][SynchronizeDataServiceImpl.java:108] - newbie_china_btc_240=====> [ 新增了0条数据 ]
 2016-05-03 22:41:01.130 INFO [pool-2-thread-1][SynchronizeDataServiceImpl.java:108] - newbie_china_btc_360=====> [ 新增了0条数据 ]
 2016-05-03 22:41:01.160 INFO [pool-2-thread-1][SynchronizeDataServiceImpl.java:108] - newbie_china_btc_60=====> [ 新增了0条数据 ]
 2016-05-03 22:41:01.186 INFO [pool-2-thread-1][SynchronizeDataServiceImpl.java:108] - newbie_china_btc_720=====> [ 新增了0条数据 ]
 2016-05-03 22:42:00.002 INFO [pool-2-thread-1][SynchronizeDataTask.java:30] - running SynchronizeData......
 2016-05-03 22:42:00.194 INFO [pool-2-thread-1][SynchronizeDataServiceImpl.java:108] - bti_1=====> [ 新增了0条数据 ]
 2016-05-03 22:42:00.427 INFO [pool-2-thread-1][SynchronizeDataServiceImpl.java:108] - bti_120=====> [ 新增了0条数据 ]
 2016-05-03 22:42:00.549 INFO [pool-2-thread-1][SynchronizeDataServiceImpl.java:108] - bti_1440=====> [ 新增了0条数据 ]
 2016-05-03 22:42:00.839 INFO [pool-2-thread-1][SynchronizeDataServiceImpl.java:108] - bti_15=====> [ 新增了0条数据 ]
 2016-05-03 22:42:01.015 INFO [pool-2-thread-1][SynchronizeDataServiceImpl.java:108] - bti_240=====> [ 新增了0条数据 ]
 2016-05-03 22:42:01.395 INFO [pool-2-thread-1][SynchronizeDataServiceImpl.java:108] - bti_3=====> [ 新增了0条数据 ]
 2016-05-03 22:42:02.005 INFO [pool-2-thread-1][SynchronizeDataServiceImpl.java:108] - bti_30=====> [ 新增了0条数据 ]
 2016-05-03 22:42:02.350 INFO [pool-2-thread-1][SynchronizeDataServiceImpl.java:108] - bti_360=====> [ 新增了0条数据 ]
 2016-05-03 22:42:02.624 INFO [pool-2-thread-1][SynchronizeDataServiceImpl.java:108] - bti_5=====> [ 新增了0条数据 ]
 2016-05-03 22:42:02.825 INFO [pool-2-thread-1][SynchronizeDataServiceImpl.java:108] - bti_60=====> [ 新增了0条数据 ]
 2016-05-03 22:42:02.946 INFO [pool-2-thread-1][SynchronizeDataServiceImpl.java:108] - bti_720=====> [ 新增了0条数据 ]
 2016-05-03 22:42:03.073 INFO [pool-2-thread-1][SynchronizeDataServiceImpl.java:108] - lsi_120=====> [ 新增了0条数据 ]
 2016-05-03 22:42:05.272 INFO [pool-2-thread-1][SynchronizeDataServiceImpl.java:108] - lsi_1440=====> [ 新增了0条数据 ]
 2016-05-03 22:42:07.239 INFO [pool-2-thread-1][SynchronizeDataServiceImpl.java:108] - lsi_240=====> [ 新增了0条数据 ]
 2016-05-03 22:42:07.638 INFO [pool-2-thread-1][SynchronizeDataServiceImpl.java:108] - lsi_360=====> [ 新增了0条数据 ]
 2016-05-03 22:42:07.706 INFO [pool-2-thread-1][SynchronizeDataServiceImpl.java:108] - lsi_60=====> [ 新增了0条数据 ]
 2016-05-03 22:42:07.737 INFO [pool-2-thread-1][SynchronizeDataServiceImpl.java:108] - lsi_720=====> [ 新增了0条数据 ]
 2016-05-03 22:42:07.761 INFO [pool-2-thread-1][SynchronizeDataServiceImpl.java:108] - newbie_china_btc_120=====> [ 新增了0条数据 ]
 2016-05-03 22:42:07.817 INFO [pool-2-thread-1][SynchronizeDataServiceImpl.java:108] - newbie_china_btc_1440=====> [ 新增了0条数据 ]
 2016-05-03 22:42:07.917 INFO [pool-2-thread-1][SynchronizeDataServiceImpl.java:108] - newbie_china_btc_240=====> [ 新增了0条数据 ]
 2016-05-03 22:42:07.958 INFO [pool-2-thread-1][SynchronizeDataServiceImpl.java:108] - newbie_china_btc_360=====> [ 新增了0条数据 ]
 2016-05-03 22:42:07.985 INFO [pool-2-thread-1][SynchronizeDataServiceImpl.java:108] - newbie_china_btc_60=====> [ 新增了0条数据 ]
 2016-05-03 22:42:08.083 INFO [pool-2-thread-1][SynchronizeDataServiceImpl.java:108] - newbie_china_btc_720=====> [ 新增了0条数据 ]
 2016-05-03 22:43:00.002 INFO [pool-2-thread-1][SynchronizeDataTask.java:30] - running SynchronizeData......
 2016-05-03 22:43:01.009 INFO [pool-2-thread-1][SynchronizeDataServiceImpl.java:108] - bti_1=====> [ 新增了2条数据 ]
 2016-05-03 22:43:01.106 INFO [pool-2-thread-1][SynchronizeDataServiceImpl.java:108] - bti_120=====> [ 新增了0条数据 ]
 2016-05-03 22:43:01.317 INFO [pool-2-thread-1][SynchronizeDataServiceImpl.java:108] - bti_1440=====> [ 新增了0条数据 ]
 2016-05-03 22:43:01.696 INFO [pool-2-thread-1][SynchronizeDataServiceImpl.java:108] - bti_15=====> [ 新增了0条数据 ]
 2016-05-03 22:43:02.040 INFO [pool-2-thread-1][SynchronizeDataServiceImpl.java:108] - bti_240=====> [ 新增了0条数据 ]
 2016-05-03 22:43:02.531 INFO [pool-2-thread-1][SynchronizeDataServiceImpl.java:108] - bti_3=====> [ 新增了1条数据 ]
 2016-05-03 22:43:02.707 INFO [pool-2-thread-1][SynchronizeDataServiceImpl.java:108] - bti_30=====> [ 新增了0条数据 ]
 2016-05-03 22:43:02.784 INFO [pool-2-thread-1][SynchronizeDataServiceImpl.java:108] - bti_360=====> [ 新增了0条数据 ]
 2016-05-03 22:43:02.846 INFO [pool-2-thread-1][SynchronizeDataServiceImpl.java:108] - bti_5=====> [ 新增了0条数据 ]
 2016-05-03 22:43:02.929 INFO [pool-2-thread-1][SynchronizeDataServiceImpl.java:108] - bti_60=====> [ 新增了0条数据 ]
 2016-05-03 22:43:02.974 INFO [pool-2-thread-1][SynchronizeDataServiceImpl.java:108] - bti_720=====> [ 新增了0条数据 ]
 2016-05-03 22:43:03.039 INFO [pool-2-thread-1][SynchronizeDataServiceImpl.java:108] - lsi_120=====> [ 新增了0条数据 ]
 2016-05-03 22:43:03.093 INFO [pool-2-thread-1][SynchronizeDataServiceImpl.java:108] - lsi_1440=====> [ 新增了0条数据 ]
 2016-05-03 22:43:03.141 INFO [pool-2-thread-1][SynchronizeDataServiceImpl.java:108] - lsi_240=====> [ 新增了0条数据 ]
 2016-05-03 22:43:03.170 INFO [pool-2-thread-1][SynchronizeDataServiceImpl.java:108] - lsi_360=====> [ 新增了0条数据 ]
 2016-05-03 22:43:03.230 INFO [pool-2-thread-1][SynchronizeDataServiceImpl.java:108] - lsi_60=====> [ 新增了0条数据 ]
 2016-05-03 22:43:03.285 INFO [pool-2-thread-1][SynchronizeDataServiceImpl.java:108] - lsi_720=====> [ 新增了0条数据 ]
 2016-05-03 22:43:03.339 INFO [pool-2-thread-1][SynchronizeDataServiceImpl.java:108] - newbie_china_btc_120=====> [ 新增了0条数据 ]
 2016-05-03 22:43:03.375 INFO [pool-2-thread-1][SynchronizeDataServiceImpl.java:108] - newbie_china_btc_1440=====> [ 新增了0条数据 ]
 2016-05-03 22:43:03.426 INFO [pool-2-thread-1][SynchronizeDataServiceImpl.java:108] - newbie_china_btc_240=====> [ 新增了0条数据 ]
 2016-05-03 22:43:03.476 INFO [pool-2-thread-1][SynchronizeDataServiceImpl.java:108] - newbie_china_btc_360=====> [ 新增了0条数据 ]
 2016-05-03 22:43:03.532 INFO [pool-2-thread-1][SynchronizeDataServiceImpl.java:108] - newbie_china_btc_60=====> [ 新增了0条数据 ]
 2016-05-03 22:43:03.573 INFO [pool-2-thread-1][SynchronizeDataServiceImpl.java:108] - newbie_china_btc_720=====> [ 新增了0条数据 ]
 2016-05-03 22:44:00.004 INFO [pool-2-thread-1][SynchronizeDataTask.java:30] - running SynchronizeData......
 2016-05-03 22:44:00.126 INFO [pool-2-thread-1][SynchronizeDataServiceImpl.java:108] - bti_1=====> [ 新增了0条数据 ]
 2016-05-03 22:44:00.192 INFO [pool-2-thread-1][SynchronizeDataServiceImpl.java:108] - bti_120=====> [ 新增了0条数据 ]
 2016-05-03 22:44:00.246 INFO [pool-2-thread-1][SynchronizeDataServiceImpl.java:108] - bti_1440=====> [ 新增了0条数据 ]
 2016-05-03 22:44:00.313 INFO [pool-2-thread-1][SynchronizeDataServiceImpl.java:108] - bti_15=====> [ 新增了0条数据 ]
 2016-05-03 22:44:00.369 INFO [pool-2-thread-1][SynchronizeDataServiceImpl.java:108] - bti_240=====> [ 新增了0条数据 ]
 2016-05-03 22:44:00.448 INFO [pool-2-thread-1][SynchronizeDataServiceImpl.java:108] - bti_3=====> [ 新增了0条数据 ]
 2016-05-03 22:44:00.514 INFO [pool-2-thread-1][SynchronizeDataServiceImpl.java:108] - bti_30=====> [ 新增了0条数据 ]
 2016-05-03 22:44:00.577 INFO [pool-2-thread-1][SynchronizeDataServiceImpl.java:108] - bti_360=====> [ 新增了0条数据 ]
 2016-05-03 22:44:00.636 INFO [pool-2-thread-1][SynchronizeDataServiceImpl.java:108] - bti_5=====> [ 新增了0条数据 ]
 2016-05-03 22:44:00.712 INFO [pool-2-thread-1][SynchronizeDataServiceImpl.java:108] - bti_60=====> [ 新增了0条数据 ]
 2016-05-03 22:44:00.746 INFO [pool-2-thread-1][SynchronizeDataServiceImpl.java:108] - bti_720=====> [ 新增了0条数据 ]
 2016-05-03 22:44:00.795 INFO [pool-2-thread-1][SynchronizeDataServiceImpl.java:108] - lsi_120=====> [ 新增了0条数据 ]
 2016-05-03 22:44:00.867 INFO [pool-2-thread-1][SynchronizeDataServiceImpl.java:108] - lsi_1440=====> [ 新增了0条数据 ]
 2016-05-03 22:44:00.944 INFO [pool-2-thread-1][SynchronizeDataServiceImpl.java:108] - lsi_240=====> [ 新增了0条数据 ]
 2016-05-03 22:44:00.979 INFO [pool-2-thread-1][SynchronizeDataServiceImpl.java:108] - lsi_360=====> [ 新增了0条数据 ]
 2016-05-03 22:44:01.047 INFO [pool-2-thread-1][SynchronizeDataServiceImpl.java:108] - lsi_60=====> [ 新增了0条数据 ]
 2016-05-03 22:44:01.116 INFO [pool-2-thread-1][SynchronizeDataServiceImpl.java:108] - lsi_720=====> [ 新增了0条数据 ]
 2016-05-03 22:44:01.369 INFO [pool-2-thread-1][SynchronizeDataServiceImpl.java:108] - newbie_china_btc_120=====> [ 新增了0条数据 ]
 2016-05-03 22:44:01.426 INFO [pool-2-thread-1][SynchronizeDataServiceImpl.java:108] - newbie_china_btc_1440=====> [ 新增了0条数据 ]
 2016-05-03 22:44:01.461 INFO [pool-2-thread-1][SynchronizeDataServiceImpl.java:108] - newbie_china_btc_240=====> [ 新增了0条数据 ]
 2016-05-03 22:44:01.493 INFO [pool-2-thread-1][SynchronizeDataServiceImpl.java:108] - newbie_china_btc_360=====> [ 新增了0条数据 ]
 2016-05-03 22:44:01.559 INFO [pool-2-thread-1][SynchronizeDataServiceImpl.java:108] - newbie_china_btc_60=====> [ 新增了0条数据 ]
 2016-05-03 22:44:01.600 INFO [pool-2-thread-1][SynchronizeDataServiceImpl.java:108] - newbie_china_btc_720=====> [ 新增了0条数据 ]
 2016-05-03 22:45:00.005 INFO [pool-2-thread-1][SynchronizeDataTask.java:30] - running SynchronizeData......
 2016-05-03 22:45:00.124 INFO [pool-2-thread-1][SynchronizeDataServiceImpl.java:108] - bti_1=====> [ 新增了2条数据 ]
 2016-05-03 22:45:00.165 INFO [pool-2-thread-1][SynchronizeDataServiceImpl.java:108] - bti_120=====> [ 新增了0条数据 ]
 2016-05-03 22:45:00.226 INFO [pool-2-thread-1][SynchronizeDataServiceImpl.java:108] - bti_1440=====> [ 新增了0条数据 ]
 2016-05-03 22:45:00.266 INFO [pool-2-thread-1][SynchronizeDataServiceImpl.java:108] - bti_15=====> [ 新增了0条数据 ]
 2016-05-03 22:45:00.329 INFO [pool-2-thread-1][SynchronizeDataServiceImpl.java:108] - bti_240=====> [ 新增了0条数据 ]
 2016-05-03 22:45:00.354 INFO [pool-2-thread-1][SynchronizeDataServiceImpl.java:108] - bti_3=====> [ 新增了0条数据 ]
 2016-05-03 22:45:00.387 INFO [pool-2-thread-1][SynchronizeDataServiceImpl.java:108] - bti_30=====> [ 新增了0条数据 ]
 2016-05-03 22:45:00.432 INFO [pool-2-thread-1][SynchronizeDataServiceImpl.java:108] - bti_360=====> [ 新增了0条数据 ]
 2016-05-03 22:45:00.474 INFO [pool-2-thread-1][SynchronizeDataServiceImpl.java:108] - bti_5=====> [ 新增了0条数据 ]
 2016-05-03 22:45:00.512 INFO [pool-2-thread-1][SynchronizeDataServiceImpl.java:108] - bti_60=====> [ 新增了0条数据 ]
 2016-05-03 22:45:00.545 INFO [pool-2-thread-1][SynchronizeDataServiceImpl.java:108] - bti_720=====> [ 新增了0条数据 ]
 2016-05-03 22:45:00.574 INFO [pool-2-thread-1][SynchronizeDataServiceImpl.java:108] - lsi_120=====> [ 新增了0条数据 ]
 2016-05-03 22:45:00.631 INFO [pool-2-thread-1][SynchronizeDataServiceImpl.java:108] - lsi_1440=====> [ 新增了0条数据 ]
 2016-05-03 22:45:00.698 INFO [pool-2-thread-1][SynchronizeDataServiceImpl.java:108] - lsi_240=====> [ 新增了0条数据 ]
 2016-05-03 22:45:00.755 INFO [pool-2-thread-1][SynchronizeDataServiceImpl.java:108] - lsi_360=====> [ 新增了0条数据 ]
 2016-05-03 22:45:00.788 INFO [pool-2-thread-1][SynchronizeDataServiceImpl.java:108] - lsi_60=====> [ 新增了0条数据 ]
 2016-05-03 22:45:00.833 INFO [pool-2-thread-1][SynchronizeDataServiceImpl.java:108] - lsi_720=====> [ 新增了0条数据 ]
 2016-05-03 22:45:00.887 INFO [pool-2-thread-1][SynchronizeDataServiceImpl.java:108] - newbie_china_btc_120=====> [ 新增了0条数据 ]
 2016-05-03 22:45:00.956 INFO [pool-2-thread-1][SynchronizeDataServiceImpl.java:108] - newbie_china_btc_1440=====> [ 新增了0条数据 ]
 2016-05-03 22:45:01.018 INFO [pool-2-thread-1][SynchronizeDataServiceImpl.java:108] - newbie_china_btc_240=====> [ 新增了0条数据 ]
 2016-05-03 22:45:01.064 INFO [pool-2-thread-1][SynchronizeDataServiceImpl.java:108] - newbie_china_btc_360=====> [ 新增了0条数据 ]
 2016-05-03 22:45:01.097 INFO [pool-2-thread-1][SynchronizeDataServiceImpl.java:108] - newbie_china_btc_60=====> [ 新增了0条数据 ]
 2016-05-03 22:45:01.130 INFO [pool-2-thread-1][SynchronizeDataServiceImpl.java:108] - newbie_china_btc_720=====> [ 新增了0条数据 ]
 2016-05-03 22:46:00.005 INFO [pool-2-thread-1][SynchronizeDataTask.java:30] - running SynchronizeData......
 2016-05-03 22:46:00.114 INFO [pool-2-thread-1][SynchronizeDataServiceImpl.java:108] - bti_1=====> [ 新增了0条数据 ]
 2016-05-03 22:46:00.169 INFO [pool-2-thread-1][SynchronizeDataServiceImpl.java:108] - bti_120=====> [ 新增了0条数据 ]
 2016-05-03 22:46:00.194 INFO [pool-2-thread-1][SynchronizeDataServiceImpl.java:108] - bti_1440=====> [ 新增了0条数据 ]
 2016-05-03 22:46:00.260 INFO [pool-2-thread-1][SynchronizeDataServiceImpl.java:108] - bti_15=====> [ 新增了0条数据 ]
 2016-05-03 22:46:00.338 INFO [pool-2-thread-1][SynchronizeDataServiceImpl.java:108] - bti_240=====> [ 新增了0条数据 ]
 2016-05-03 22:46:00.416 INFO [pool-2-thread-1][SynchronizeDataServiceImpl.java:108] - bti_3=====> [ 新增了0条数据 ]
 2016-05-03 22:46:00.481 INFO [pool-2-thread-1][SynchronizeDataServiceImpl.java:108] - bti_30=====> [ 新增了0条数据 ]
 2016-05-03 22:46:00.568 INFO [pool-2-thread-1][SynchronizeDataServiceImpl.java:108] - bti_360=====> [ 新增了0条数据 ]
 2016-05-03 22:46:00.626 INFO [pool-2-thread-1][SynchronizeDataServiceImpl.java:108] - bti_5=====> [ 新增了0条数据 ]
 2016-05-03 22:46:00.714 INFO [pool-2-thread-1][SynchronizeDataServiceImpl.java:108] - bti_60=====> [ 新增了0条数据 ]
 2016-05-03 22:46:00.792 INFO [pool-2-thread-1][SynchronizeDataServiceImpl.java:108] - bti_720=====> [ 新增了0条数据 ]
 2016-05-03 22:46:00.826 INFO [pool-2-thread-1][SynchronizeDataServiceImpl.java:108] - lsi_120=====> [ 新增了0条数据 ]
 2016-05-03 22:46:00.890 INFO [pool-2-thread-1][SynchronizeDataServiceImpl.java:108] - lsi_1440=====> [ 新增了0条数据 ]
 2016-05-03 22:46:00.956 INFO [pool-2-thread-1][SynchronizeDataServiceImpl.java:108] - lsi_240=====> [ 新增了0条数据 ]
 2016-05-03 22:46:01.007 INFO [pool-2-thread-1][SynchronizeDataServiceImpl.java:108] - lsi_360=====> [ 新增了0条数据 ]
 2016-05-03 22:46:01.070 INFO [pool-2-thread-1][SynchronizeDataServiceImpl.java:108] - lsi_60=====> [ 新增了0条数据 ]
 2016-05-03 22:46:01.137 INFO [pool-2-thread-1][SynchronizeDataServiceImpl.java:108] - lsi_720=====> [ 新增了0条数据 ]
 2016-05-03 22:46:01.166 INFO [pool-2-thread-1][SynchronizeDataServiceImpl.java:108] - newbie_china_btc_120=====> [ 新增了0条数据 ]
 2016-05-03 22:46:01.236 INFO [pool-2-thread-1][SynchronizeDataServiceImpl.java:108] - newbie_china_btc_1440=====> [ 新增了0条数据 ]
 2016-05-03 22:46:01.282 INFO [pool-2-thread-1][SynchronizeDataServiceImpl.java:108] - newbie_china_btc_240=====> [ 新增了0条数据 ]
 2016-05-03 22:46:01.311 INFO [pool-2-thread-1][SynchronizeDataServiceImpl.java:108] - newbie_china_btc_360=====> [ 新增了0条数据 ]
 2016-05-03 22:46:01.337 INFO [pool-2-thread-1][SynchronizeDataServiceImpl.java:108] - newbie_china_btc_60=====> [ 新增了0条数据 ]
 2016-05-03 22:46:01.367 INFO [pool-2-thread-1][SynchronizeDataServiceImpl.java:108] - newbie_china_btc_720=====> [ 新增了0条数据 ]
 2016-05-03 22:47:00.005 INFO [pool-2-thread-1][SynchronizeDataTask.java:30] - running SynchronizeData......
 2016-05-03 22:47:00.193 INFO [pool-2-thread-1][SynchronizeDataServiceImpl.java:108] - bti_1=====> [ 新增了2条数据 ]
 2016-05-03 22:47:00.222 INFO [pool-2-thread-1][SynchronizeDataServiceImpl.java:108] - bti_120=====> [ 新增了0条数据 ]
 2016-05-03 22:47:00.253 INFO [pool-2-thread-1][SynchronizeDataServiceImpl.java:108] - bti_1440=====> [ 新增了0条数据 ]
 2016-05-03 22:47:00.339 INFO [pool-2-thread-1][SynchronizeDataServiceImpl.java:108] - bti_15=====> [ 新增了1条数据 ]
 2016-05-03 22:47:00.408 INFO [pool-2-thread-1][SynchronizeDataServiceImpl.java:108] - bti_240=====> [ 新增了0条数据 ]
 2016-05-03 22:47:00.445 INFO [pool-2-thread-1][SynchronizeDataServiceImpl.java:108] - bti_3=====> [ 新增了1条数据 ]
 2016-05-03 22:47:00.477 INFO [pool-2-thread-1][SynchronizeDataServiceImpl.java:108] - bti_30=====> [ 新增了0条数据 ]
 2016-05-03 22:47:00.546 INFO [pool-2-thread-1][SynchronizeDataServiceImpl.java:108] - bti_360=====> [ 新增了0条数据 ]
 2016-05-03 22:47:00.662 INFO [pool-2-thread-1][SynchronizeDataServiceImpl.java:108] - bti_5=====> [ 新增了1条数据 ]
 2016-05-03 22:47:00.687 INFO [pool-2-thread-1][SynchronizeDataServiceImpl.java:108] - bti_60=====> [ 新增了0条数据 ]
 2016-05-03 22:47:00.718 INFO [pool-2-thread-1][SynchronizeDataServiceImpl.java:108] - bti_720=====> [ 新增了0条数据 ]
 2016-05-03 22:47:00.743 INFO [pool-2-thread-1][SynchronizeDataServiceImpl.java:108] - lsi_120=====> [ 新增了0条数据 ]
 2016-05-03 22:47:00.776 INFO [pool-2-thread-1][SynchronizeDataServiceImpl.java:108] - lsi_1440=====> [ 新增了0条数据 ]
 2016-05-03 22:47:00.807 INFO [pool-2-thread-1][SynchronizeDataServiceImpl.java:108] - lsi_240=====> [ 新增了0条数据 ]
 2016-05-03 22:47:00.832 INFO [pool-2-thread-1][SynchronizeDataServiceImpl.java:108] - lsi_360=====> [ 新增了0条数据 ]
 2016-05-03 22:47:00.907 INFO [pool-2-thread-1][SynchronizeDataServiceImpl.java:108] - lsi_60=====> [ 新增了0条数据 ]
 2016-05-03 22:47:00.967 INFO [pool-2-thread-1][SynchronizeDataServiceImpl.java:108] - lsi_720=====> [ 新增了0条数据 ]
 2016-05-03 22:47:01.041 INFO [pool-2-thread-1][SynchronizeDataServiceImpl.java:108] - newbie_china_btc_120=====> [ 新增了0条数据 ]
 2016-05-03 22:47:01.103 INFO [pool-2-thread-1][SynchronizeDataServiceImpl.java:108] - newbie_china_btc_1440=====> [ 新增了0条数据 ]
 2016-05-03 22:47:01.165 INFO [pool-2-thread-1][SynchronizeDataServiceImpl.java:108] - newbie_china_btc_240=====> [ 新增了0条数据 ]
 2016-05-03 22:47:01.222 INFO [pool-2-thread-1][SynchronizeDataServiceImpl.java:108] - newbie_china_btc_360=====> [ 新增了0条数据 ]
 2016-05-03 22:47:01.289 INFO [pool-2-thread-1][SynchronizeDataServiceImpl.java:108] - newbie_china_btc_60=====> [ 新增了0条数据 ]
 2016-05-03 22:47:01.354 INFO [pool-2-thread-1][SynchronizeDataServiceImpl.java:108] - newbie_china_btc_720=====> [ 新增了0条数据 ]
 2016-05-03 22:48:00.004 INFO [pool-2-thread-1][SynchronizeDataTask.java:30] - running SynchronizeData......
 2016-05-03 22:48:00.117 INFO [pool-2-thread-1][SynchronizeDataServiceImpl.java:108] - bti_1=====> [ 新增了0条数据 ]
 2016-05-03 22:48:00.172 INFO [pool-2-thread-1][SynchronizeDataServiceImpl.java:108] - bti_120=====> [ 新增了0条数据 ]
 2016-05-03 22:48:00.195 INFO [pool-2-thread-1][SynchronizeDataServiceImpl.java:108] - bti_1440=====> [ 新增了0条数据 ]
 2016-05-03 22:48:00.276 INFO [pool-2-thread-1][SynchronizeDataServiceImpl.java:108] - bti_15=====> [ 新增了0条数据 ]
 2016-05-03 22:48:00.341 INFO [pool-2-thread-1][SynchronizeDataServiceImpl.java:108] - bti_240=====> [ 新增了0条数据 ]
 2016-05-03 22:48:00.413 INFO [pool-2-thread-1][SynchronizeDataServiceImpl.java:108] - bti_3=====> [ 新增了0条数据 ]
 2016-05-03 22:48:00.482 INFO [pool-2-thread-1][SynchronizeDataServiceImpl.java:108] - bti_30=====> [ 新增了0条数据 ]
 2016-05-03 22:48:00.547 INFO [pool-2-thread-1][SynchronizeDataServiceImpl.java:108] - bti_360=====> [ 新增了0条数据 ]
 2016-05-03 22:48:00.573 INFO [pool-2-thread-1][SynchronizeDataServiceImpl.java:108] - bti_5=====> [ 新增了0条数据 ]
 2016-05-03 22:48:00.671 INFO [pool-2-thread-1][SynchronizeDataServiceImpl.java:108] - bti_60=====> [ 新增了0条数据 ]
 2016-05-03 22:48:00.725 INFO [pool-2-thread-1][SynchronizeDataServiceImpl.java:108] - bti_720=====> [ 新增了0条数据 ]
 2016-05-03 22:48:00.761 INFO [pool-2-thread-1][SynchronizeDataServiceImpl.java:108] - lsi_120=====> [ 新增了0条数据 ]
 2016-05-03 22:48:00.826 INFO [pool-2-thread-1][SynchronizeDataServiceImpl.java:108] - lsi_1440=====> [ 新增了0条数据 ]
 2016-05-03 22:48:00.892 INFO [pool-2-thread-1][SynchronizeDataServiceImpl.java:108] - lsi_240=====> [ 新增了0条数据 ]
 2016-05-03 22:48:00.916 INFO [pool-2-thread-1][SynchronizeDataServiceImpl.java:108] - lsi_360=====> [ 新增了0条数据 ]
 2016-05-03 22:48:00.986 INFO [pool-2-thread-1][SynchronizeDataServiceImpl.java:108] - lsi_60=====> [ 新增了0条数据 ]
 2016-05-03 22:48:01.050 INFO [pool-2-thread-1][SynchronizeDataServiceImpl.java:108] - lsi_720=====> [ 新增了0条数据 ]
 2016-05-03 22:48:01.085 INFO [pool-2-thread-1][SynchronizeDataServiceImpl.java:108] - newbie_china_btc_120=====> [ 新增了0条数据 ]
 2016-05-03 22:48:01.172 INFO [pool-2-thread-1][SynchronizeDataServiceImpl.java:108] - newbie_china_btc_1440=====> [ 新增了0条数据 ]
 2016-05-03 22:48:01.217 INFO [pool-2-thread-1][SynchronizeDataServiceImpl.java:108] - newbie_china_btc_240=====> [ 新增了0条数据 ]
 2016-05-03 22:48:01.250 INFO [pool-2-thread-1][SynchronizeDataServiceImpl.java:108] - newbie_china_btc_360=====> [ 新增了0条数据 ]
 2016-05-03 22:48:01.285 INFO [pool-2-thread-1][SynchronizeDataServiceImpl.java:108] - newbie_china_btc_60=====> [ 新增了0条数据 ]
 2016-05-03 22:48:01.317 INFO [pool-2-thread-1][SynchronizeDataServiceImpl.java:108] - newbie_china_btc_720=====> [ 新增了0条数据 ]
 2016-05-03 22:49:00.002 INFO [pool-2-thread-1][SynchronizeDataTask.java:30] - running SynchronizeData......
 2016-05-03 22:49:00.108 INFO [pool-2-thread-1][SynchronizeDataServiceImpl.java:108] - bti_1=====> [ 新增了2条数据 ]
 2016-05-03 22:49:00.137 INFO [pool-2-thread-1][SynchronizeDataServiceImpl.java:108] - bti_120=====> [ 新增了0条数据 ]
 2016-05-03 22:49:00.167 INFO [pool-2-thread-1][SynchronizeDataServiceImpl.java:108] - bti_1440=====> [ 新增了0条数据 ]
 2016-05-03 22:49:00.193 INFO [pool-2-thread-1][SynchronizeDataServiceImpl.java:108] - bti_15=====> [ 新增了0条数据 ]
 2016-05-03 22:49:00.246 INFO [pool-2-thread-1][SynchronizeDataServiceImpl.java:108] - bti_240=====> [ 新增了0条数据 ]
 2016-05-03 22:49:00.307 INFO [pool-2-thread-1][SynchronizeDataServiceImpl.java:108] - bti_3=====> [ 新增了1条数据 ]
 2016-05-03 22:49:00.337 INFO [pool-2-thread-1][SynchronizeDataServiceImpl.java:108] - bti_30=====> [ 新增了0条数据 ]
 2016-05-03 22:49:00.366 INFO [pool-2-thread-1][SynchronizeDataServiceImpl.java:108] - bti_360=====> [ 新增了0条数据 ]
 2016-05-03 22:49:00.390 INFO [pool-2-thread-1][SynchronizeDataServiceImpl.java:108] - bti_5=====> [ 新增了0条数据 ]
 2016-05-03 22:49:00.427 INFO [pool-2-thread-1][SynchronizeDataServiceImpl.java:108] - bti_60=====> [ 新增了0条数据 ]
 2016-05-03 22:49:00.454 INFO [pool-2-thread-1][SynchronizeDataServiceImpl.java:108] - bti_720=====> [ 新增了0条数据 ]
 2016-05-03 22:49:00.479 INFO [pool-2-thread-1][SynchronizeDataServiceImpl.java:108] - lsi_120=====> [ 新增了0条数据 ]
 2016-05-03 22:49:00.510 INFO [pool-2-thread-1][SynchronizeDataServiceImpl.java:108] - lsi_1440=====> [ 新增了0条数据 ]
 2016-05-03 22:49:00.535 INFO [pool-2-thread-1][SynchronizeDataServiceImpl.java:108] - lsi_240=====> [ 新增了0条数据 ]
 2016-05-03 22:49:00.579 INFO [pool-2-thread-1][SynchronizeDataServiceImpl.java:108] - lsi_360=====> [ 新增了0条数据 ]
 2016-05-03 22:49:00.606 INFO [pool-2-thread-1][SynchronizeDataServiceImpl.java:108] - lsi_60=====> [ 新增了0条数据 ]
 2016-05-03 22:49:00.646 INFO [pool-2-thread-1][SynchronizeDataServiceImpl.java:108] - lsi_720=====> [ 新增了0条数据 ]
 2016-05-03 22:49:00.679 INFO [pool-2-thread-1][SynchronizeDataServiceImpl.java:108] - newbie_china_btc_120=====> [ 新增了0条数据 ]
 2016-05-03 22:49:00.710 INFO [pool-2-thread-1][SynchronizeDataServiceImpl.java:108] - newbie_china_btc_1440=====> [ 新增了0条数据 ]
 2016-05-03 22:49:00.754 INFO [pool-2-thread-1][SynchronizeDataServiceImpl.java:108] - newbie_china_btc_240=====> [ 新增了0条数据 ]
 2016-05-03 22:49:00.796 INFO [pool-2-thread-1][SynchronizeDataServiceImpl.java:108] - newbie_china_btc_360=====> [ 新增了0条数据 ]
 2016-05-03 22:49:00.854 INFO [pool-2-thread-1][SynchronizeDataServiceImpl.java:108] - newbie_china_btc_60=====> [ 新增了0条数据 ]
 2016-05-03 22:49:00.896 INFO [pool-2-thread-1][SynchronizeDataServiceImpl.java:108] - newbie_china_btc_720=====> [ 新增了0条数据 ]
 