2016-05-03 22:01:00.004 INFO [pool-2-thread-1][SynchronizeDataTask.java:30] - running SynchronizeData......
 2016-05-03 22:04:00.005 INFO [pool-2-thread-1][SynchronizeDataTask.java:30] - running SynchronizeData......
 2016-05-03 22:07:00.005 INFO [pool-2-thread-1][SynchronizeDataTask.java:30] - running SynchronizeData......
 2016-05-03 22:17:00.018 INFO [pool-2-thread-1][SynchronizeDataTask.java:30] - running SynchronizeData......
 2016-05-03 22:17:00.759 INFO [pool-2-thread-1][SynchronizeDataServiceImpl.java:108] - bti_1=====> [ 新增了22条数据 ]
 2016-05-03 22:17:00.855 INFO [pool-2-thread-1][SynchronizeDataServiceImpl.java:108] - bti_120=====> [ 新增了1条数据 ]
 2016-05-03 22:17:00.894 INFO [pool-2-thread-1][SynchronizeDataServiceImpl.java:108] - bti_1440=====> [ 新增了0条数据 ]
 2016-05-03 22:17:00.955 INFO [pool-2-thread-1][SynchronizeDataServiceImpl.java:108] - bti_15=====> [ 新增了2条数据 ]
 2016-05-03 22:17:00.997 INFO [pool-2-thread-1][SynchronizeDataServiceImpl.java:108] - bti_240=====> [ 新增了0条数据 ]
 2016-05-03 22:17:01.136 INFO [pool-2-thread-1][SynchronizeDataServiceImpl.java:108] - bti_3=====> [ 新增了7条数据 ]
 2016-05-03 22:17:01.189 INFO [pool-2-thread-1][SynchronizeDataServiceImpl.java:108] - bti_30=====> [ 新增了1条数据 ]
 2016-05-03 22:17:01.217 INFO [pool-2-thread-1][SynchronizeDataServiceImpl.java:108] - bti_360=====> [ 新增了0条数据 ]
 2016-05-03 22:17:01.311 INFO [pool-2-thread-1][SynchronizeDataServiceImpl.java:108] - bti_5=====> [ 新增了5条数据 ]
 2016-05-03 22:17:01.403 INFO [pool-2-thread-1][SynchronizeDataServiceImpl.java:108] - bti_60=====> [ 新增了1条数据 ]
 2016-05-03 22:17:01.462 INFO [pool-2-thread-1][SynchronizeDataServiceImpl.java:108] - bti_720=====> [ 新增了0条数据 ]
 2016-05-03 22:17:01.589 INFO [pool-2-thread-1][SynchronizeDataServiceImpl.java:108] - lsi_120=====> [ 新增了1条数据 ]
 2016-05-03 22:17:01.669 INFO [pool-2-thread-1][SynchronizeDataServiceImpl.java:108] - lsi_1440=====> [ 新增了0条数据 ]
 2016-05-03 22:17:01.742 INFO [pool-2-thread-1][SynchronizeDataServiceImpl.java:108] - lsi_240=====> [ 新增了0条数据 ]
 2016-05-03 22:17:01.814 INFO [pool-2-thread-1][SynchronizeDataServiceImpl.java:108] - lsi_360=====> [ 新增了0条数据 ]
 2016-05-03 22:17:02.411 INFO [pool-2-thread-1][SynchronizeDataServiceImpl.java:108] - lsi_60=====> [ 新增了1条数据 ]
 2016-05-03 22:17:02.491 INFO [pool-2-thread-1][SynchronizeDataServiceImpl.java:108] - lsi_720=====> [ 新增了0条数据 ]
 2016-05-03 22:17:02.600 INFO [pool-2-thread-1][SynchronizeDataServiceImpl.java:108] - newbie_china_btc_120=====> [ 新增了1条数据 ]
 2016-05-03 22:17:02.680 INFO [pool-2-thread-1][SynchronizeDataServiceImpl.java:108] - newbie_china_btc_1440=====> [ 新增了0条数据 ]
 2016-05-03 22:17:02.748 INFO [pool-2-thread-1][SynchronizeDataServiceImpl.java:108] - newbie_china_btc_240=====> [ 新增了0条数据 ]
 2016-05-03 22:17:02.790 INFO [pool-2-thread-1][SynchronizeDataServiceImpl.java:108] - newbie_china_btc_360=====> [ 新增了0条数据 ]
 2016-05-03 22:17:02.900 INFO [pool-2-thread-1][SynchronizeDataServiceImpl.java:108] - newbie_china_btc_60=====> [ 新增了1条数据 ]
 2016-05-03 22:17:02.941 INFO [pool-2-thread-1][SynchronizeDataServiceImpl.java:108] - newbie_china_btc_720=====> [ 新增了0条数据 ]
 2016-05-03 22:18:00.004 INFO [pool-2-thread-1][SynchronizeDataTask.java:30] - running SynchronizeData......
 2016-05-03 22:18:00.174 INFO [pool-2-thread-1][SynchronizeDataServiceImpl.java:108] - bti_1=====> [ 新增了0条数据 ]
 2016-05-03 22:18:00.257 INFO [pool-2-thread-1][SynchronizeDataServiceImpl.java:108] - bti_120=====> [ 新增了0条数据 ]
 2016-05-03 22:18:00.439 INFO [pool-2-thread-1][SynchronizeDataServiceImpl.java:108] - bti_1440=====> [ 新增了0条数据 ]
 2016-05-03 22:18:00.619 INFO [pool-2-thread-1][SynchronizeDataServiceImpl.java:108] - bti_15=====> [ 新增了0条数据 ]
 2016-05-03 22:18:00.710 INFO [pool-2-thread-1][SynchronizeDataServiceImpl.java:108] - bti_240=====> [ 新增了0条数据 ]
 2016-05-03 22:18:00.820 INFO [pool-2-thread-1][SynchronizeDataServiceImpl.java:108] - bti_3=====> [ 新增了0条数据 ]
 2016-05-03 22:18:00.902 INFO [pool-2-thread-1][SynchronizeDataServiceImpl.java:108] - bti_30=====> [ 新增了0条数据 ]
 2016-05-03 22:18:00.975 INFO [pool-2-thread-1][SynchronizeDataServiceImpl.java:108] - bti_360=====> [ 新增了0条数据 ]
 2016-05-03 22:18:01.046 INFO [pool-2-thread-1][SynchronizeDataServiceImpl.java:108] - bti_5=====> [ 新增了0条数据 ]
 2016-05-03 22:18:01.124 INFO [pool-2-thread-1][SynchronizeDataServiceImpl.java:108] - bti_60=====> [ 新增了0条数据 ]
 2016-05-03 22:18:01.180 INFO [pool-2-thread-1][SynchronizeDataServiceImpl.java:108] - bti_720=====> [ 新增了0条数据 ]
 2016-05-03 22:18:01.256 INFO [pool-2-thread-1][SynchronizeDataServiceImpl.java:108] - lsi_120=====> [ 新增了0条数据 ]
 2016-05-03 22:18:01.331 INFO [pool-2-thread-1][SynchronizeDataServiceImpl.java:108] - lsi_1440=====> [ 新增了0条数据 ]
 2016-05-03 22:18:01.414 INFO [pool-2-thread-1][SynchronizeDataServiceImpl.java:108] - lsi_240=====> [ 新增了0条数据 ]
 2016-05-03 22:18:01.448 INFO [pool-2-thread-1][SynchronizeDataServiceImpl.java:108] - lsi_360=====> [ 新增了0条数据 ]
 2016-05-03 22:18:01.532 INFO [pool-2-thread-1][SynchronizeDataServiceImpl.java:108] - lsi_60=====> [ 新增了0条数据 ]
 2016-05-03 22:18:01.586 INFO [pool-2-thread-1][SynchronizeDataServiceImpl.java:108] - lsi_720=====> [ 新增了0条数据 ]
 2016-05-03 22:18:01.637 INFO [pool-2-thread-1][SynchronizeDataServiceImpl.java:108] - newbie_china_btc_120=====> [ 新增了0条数据 ]
 2016-05-03 22:18:01.680 INFO [pool-2-thread-1][SynchronizeDataServiceImpl.java:108] - newbie_china_btc_1440=====> [ 新增了0条数据 ]
 2016-05-03 22:18:01.738 INFO [pool-2-thread-1][SynchronizeDataServiceImpl.java:108] - newbie_china_btc_240=====> [ 新增了0条数据 ]
 2016-05-03 22:18:01.779 INFO [pool-2-thread-1][SynchronizeDataServiceImpl.java:108] - newbie_china_btc_360=====> [ 新增了0条数据 ]
 2016-05-03 22:18:01.814 INFO [pool-2-thread-1][SynchronizeDataServiceImpl.java:108] - newbie_china_btc_60=====> [ 新增了0条数据 ]
 2016-05-03 22:18:01.852 INFO [pool-2-thread-1][SynchronizeDataServiceImpl.java:108] - newbie_china_btc_720=====> [ 新增了0条数据 ]
 2016-05-03 22:19:00.005 INFO [pool-2-thread-1][SynchronizeDataTask.java:30] - running SynchronizeData......
 2016-05-03 22:19:00.235 INFO [pool-2-thread-1][SynchronizeDataServiceImpl.java:108] - bti_1=====> [ 新增了2条数据 ]
 2016-05-03 22:19:00.316 INFO [pool-2-thread-1][SynchronizeDataServiceImpl.java:108] - bti_120=====> [ 新增了0条数据 ]
 2016-05-03 22:19:00.363 INFO [pool-2-thread-1][SynchronizeDataServiceImpl.java:108] - bti_1440=====> [ 新增了0条数据 ]
 2016-05-03 22:19:00.426 INFO [pool-2-thread-1][SynchronizeDataServiceImpl.java:108] - bti_15=====> [ 新增了0条数据 ]
 2016-05-03 22:19:00.465 INFO [pool-2-thread-1][SynchronizeDataServiceImpl.java:108] - bti_240=====> [ 新增了0条数据 ]
 2016-05-03 22:19:00.531 INFO [pool-2-thread-1][SynchronizeDataServiceImpl.java:108] - bti_3=====> [ 新增了1条数据 ]
 2016-05-03 22:19:00.563 INFO [pool-2-thread-1][SynchronizeDataServiceImpl.java:108] - bti_30=====> [ 新增了0条数据 ]
 2016-05-03 22:19:00.619 INFO [pool-2-thread-1][SynchronizeDataServiceImpl.java:108] - bti_360=====> [ 新增了0条数据 ]
 2016-05-03 22:19:00.652 INFO [pool-2-thread-1][SynchronizeDataServiceImpl.java:108] - bti_5=====> [ 新增了0条数据 ]
 2016-05-03 22:19:00.708 INFO [pool-2-thread-1][SynchronizeDataServiceImpl.java:108] - bti_60=====> [ 新增了0条数据 ]
 2016-05-03 22:19:00.761 INFO [pool-2-thread-1][SynchronizeDataServiceImpl.java:108] - bti_720=====> [ 新增了0条数据 ]
 2016-05-03 22:19:00.835 INFO [pool-2-thread-1][SynchronizeDataServiceImpl.java:108] - lsi_120=====> [ 新增了0条数据 ]
 2016-05-03 22:19:00.865 INFO [pool-2-thread-1][SynchronizeDataServiceImpl.java:108] - lsi_1440=====> [ 新增了0条数据 ]
 2016-05-03 22:19:00.898 INFO [pool-2-thread-1][SynchronizeDataServiceImpl.java:108] - lsi_240=====> [ 新增了0条数据 ]
 2016-05-03 22:19:00.926 INFO [pool-2-thread-1][SynchronizeDataServiceImpl.java:108] - lsi_360=====> [ 新增了0条数据 ]
 2016-05-03 22:19:00.952 INFO [pool-2-thread-1][SynchronizeDataServiceImpl.java:108] - lsi_60=====> [ 新增了0条数据 ]
 2016-05-03 22:19:00.992 INFO [pool-2-thread-1][SynchronizeDataServiceImpl.java:108] - lsi_720=====> [ 新增了0条数据 ]
 2016-05-03 22:19:01.020 INFO [pool-2-thread-1][SynchronizeDataServiceImpl.java:108] - newbie_china_btc_120=====> [ 新增了0条数据 ]
 2016-05-03 22:19:01.055 INFO [pool-2-thread-1][SynchronizeDataServiceImpl.java:108] - newbie_china_btc_1440=====> [ 新增了0条数据 ]
 2016-05-03 22:19:01.083 INFO [pool-2-thread-1][SynchronizeDataServiceImpl.java:108] - newbie_china_btc_240=====> [ 新增了0条数据 ]
 2016-05-03 22:19:01.108 INFO [pool-2-thread-1][SynchronizeDataServiceImpl.java:108] - newbie_china_btc_360=====> [ 新增了0条数据 ]
 2016-05-03 22:19:01.137 INFO [pool-2-thread-1][SynchronizeDataServiceImpl.java:108] - newbie_china_btc_60=====> [ 新增了0条数据 ]
 2016-05-03 22:19:01.169 INFO [pool-2-thread-1][SynchronizeDataServiceImpl.java:108] - newbie_china_btc_720=====> [ 新增了0条数据 ]
 2016-05-03 22:20:00.005 INFO [pool-2-thread-1][SynchronizeDataTask.java:30] - running SynchronizeData......
 2016-05-03 22:20:00.127 INFO [pool-2-thread-1][SynchronizeDataServiceImpl.java:108] - bti_1=====> [ 新增了0条数据 ]
 2016-05-03 22:20:00.194 INFO [pool-2-thread-1][SynchronizeDataServiceImpl.java:108] - bti_120=====> [ 新增了0条数据 ]
 2016-05-03 22:20:00.231 INFO [pool-2-thread-1][SynchronizeDataServiceImpl.java:108] - bti_1440=====> [ 新增了0条数据 ]
 2016-05-03 22:20:00.303 INFO [pool-2-thread-1][SynchronizeDataServiceImpl.java:108] - bti_15=====> [ 新增了0条数据 ]
 2016-05-03 22:20:00.370 INFO [pool-2-thread-1][SynchronizeDataServiceImpl.java:108] - bti_240=====> [ 新增了0条数据 ]
 2016-05-03 22:20:00.438 INFO [pool-2-thread-1][SynchronizeDataServiceImpl.java:108] - bti_3=====> [ 新增了0条数据 ]
 2016-05-03 22:20:00.510 INFO [pool-2-thread-1][SynchronizeDataServiceImpl.java:108] - bti_30=====> [ 新增了0条数据 ]
 2016-05-03 22:20:00.577 INFO [pool-2-thread-1][SynchronizeDataServiceImpl.java:108] - bti_360=====> [ 新增了0条数据 ]
 2016-05-03 22:20:00.655 INFO [pool-2-thread-1][SynchronizeDataServiceImpl.java:108] - bti_5=====> [ 新增了0条数据 ]
 2016-05-03 22:20:00.747 INFO [pool-2-thread-1][SynchronizeDataServiceImpl.java:108] - bti_60=====> [ 新增了0条数据 ]
 2016-05-03 22:20:00.778 INFO [pool-2-thread-1][SynchronizeDataServiceImpl.java:108] - bti_720=====> [ 新增了0条数据 ]
 2016-05-03 22:20:00.868 INFO [pool-2-thread-1][SynchronizeDataServiceImpl.java:108] - lsi_120=====> [ 新增了0条数据 ]
 2016-05-03 22:20:00.958 INFO [pool-2-thread-1][SynchronizeDataServiceImpl.java:108] - lsi_1440=====> [ 新增了0条数据 ]
 2016-05-03 22:20:01.034 INFO [pool-2-thread-1][SynchronizeDataServiceImpl.java:108] - lsi_240=====> [ 新增了0条数据 ]
 2016-05-03 22:20:01.109 INFO [pool-2-thread-1][SynchronizeDataServiceImpl.java:108] - lsi_360=====> [ 新增了0条数据 ]
 2016-05-03 22:20:01.182 INFO [pool-2-thread-1][SynchronizeDataServiceImpl.java:108] - lsi_60=====> [ 新增了0条数据 ]
 2016-05-03 22:20:01.249 INFO [pool-2-thread-1][SynchronizeDataServiceImpl.java:108] - lsi_720=====> [ 新增了0条数据 ]
 2016-05-03 22:20:01.315 INFO [pool-2-thread-1][SynchronizeDataServiceImpl.java:108] - newbie_china_btc_120=====> [ 新增了0条数据 ]
 2016-05-03 22:20:01.388 INFO [pool-2-thread-1][SynchronizeDataServiceImpl.java:108] - newbie_china_btc_1440=====> [ 新增了0条数据 ]
 2016-05-03 22:20:01.426 INFO [pool-2-thread-1][SynchronizeDataServiceImpl.java:108] - newbie_china_btc_240=====> [ 新增了0条数据 ]
 2016-05-03 22:20:01.455 INFO [pool-2-thread-1][SynchronizeDataServiceImpl.java:108] - newbie_china_btc_360=====> [ 新增了0条数据 ]
 2016-05-03 22:20:01.514 INFO [pool-2-thread-1][SynchronizeDataServiceImpl.java:108] - newbie_china_btc_60=====> [ 新增了0条数据 ]
 2016-05-03 22:20:01.544 INFO [pool-2-thread-1][SynchronizeDataServiceImpl.java:108] - newbie_china_btc_720=====> [ 新增了0条数据 ]
 2016-05-03 22:21:00.004 INFO [pool-2-thread-1][SynchronizeDataTask.java:30] - running SynchronizeData......
 2016-05-03 22:21:00.215 INFO [pool-2-thread-1][SynchronizeDataServiceImpl.java:108] - bti_1=====> [ 新增了2条数据 ]
 2016-05-03 22:21:00.283 INFO [pool-2-thread-1][SynchronizeDataServiceImpl.java:108] - bti_120=====> [ 新增了0条数据 ]
 2016-05-03 22:21:00.316 INFO [pool-2-thread-1][SynchronizeDataServiceImpl.java:108] - bti_1440=====> [ 新增了0条数据 ]
 2016-05-03 22:21:00.343 INFO [pool-2-thread-1][SynchronizeDataServiceImpl.java:108] - bti_15=====> [ 新增了0条数据 ]
 2016-05-03 22:21:00.374 INFO [pool-2-thread-1][SynchronizeDataServiceImpl.java:108] - bti_240=====> [ 新增了0条数据 ]
 2016-05-03 22:21:00.399 INFO [pool-2-thread-1][SynchronizeDataServiceImpl.java:108] - bti_3=====> [ 新增了0条数据 ]
 2016-05-03 22:21:00.429 INFO [pool-2-thread-1][SynchronizeDataServiceImpl.java:108] - bti_30=====> [ 新增了0条数据 ]
 2016-05-03 22:21:00.499 INFO [pool-2-thread-1][SynchronizeDataServiceImpl.java:108] - bti_360=====> [ 新增了0条数据 ]
 2016-05-03 22:21:00.659 INFO [pool-2-thread-1][SynchronizeDataServiceImpl.java:108] - bti_5=====> [ 新增了1条数据 ]
 2016-05-03 22:21:00.744 INFO [pool-2-thread-1][SynchronizeDataServiceImpl.java:108] - bti_60=====> [ 新增了0条数据 ]
 2016-05-03 22:21:00.857 INFO [pool-2-thread-1][SynchronizeDataServiceImpl.java:108] - bti_720=====> [ 新增了0条数据 ]
 2016-05-03 22:21:00.932 INFO [pool-2-thread-1][SynchronizeDataServiceImpl.java:108] - lsi_120=====> [ 新增了0条数据 ]
 2016-05-03 22:21:00.995 INFO [pool-2-thread-1][SynchronizeDataServiceImpl.java:108] - lsi_1440=====> [ 新增了0条数据 ]
 2016-05-03 22:21:01.062 INFO [pool-2-thread-1][SynchronizeDataServiceImpl.java:108] - lsi_240=====> [ 新增了0条数据 ]
 2016-05-03 22:21:01.088 INFO [pool-2-thread-1][SynchronizeDataServiceImpl.java:108] - lsi_360=====> [ 新增了0条数据 ]
 2016-05-03 22:21:01.121 INFO [pool-2-thread-1][SynchronizeDataServiceImpl.java:108] - lsi_60=====> [ 新增了0条数据 ]
 2016-05-03 22:21:01.150 INFO [pool-2-thread-1][SynchronizeDataServiceImpl.java:108] - lsi_720=====> [ 新增了0条数据 ]
 2016-05-03 22:21:01.223 INFO [pool-2-thread-1][SynchronizeDataServiceImpl.java:108] - newbie_china_btc_120=====> [ 新增了0条数据 ]
 2016-05-03 22:21:01.433 INFO [pool-2-thread-1][SynchronizeDataServiceImpl.java:108] - newbie_china_btc_1440=====> [ 新增了0条数据 ]
 2016-05-03 22:21:01.662 INFO [pool-2-thread-1][SynchronizeDataServiceImpl.java:108] - newbie_china_btc_240=====> [ 新增了0条数据 ]
 2016-05-03 22:21:01.688 INFO [pool-2-thread-1][SynchronizeDataServiceImpl.java:108] - newbie_china_btc_360=====> [ 新增了0条数据 ]
 2016-05-03 22:21:01.755 INFO [pool-2-thread-1][SynchronizeDataServiceImpl.java:108] - newbie_china_btc_60=====> [ 新增了0条数据 ]
 2016-05-03 22:21:01.806 INFO [pool-2-thread-1][SynchronizeDataServiceImpl.java:108] - newbie_china_btc_720=====> [ 新增了0条数据 ]
 2016-05-03 22:22:00.004 INFO [pool-2-thread-1][SynchronizeDataTask.java:30] - running SynchronizeData......
 2016-05-03 22:22:00.162 INFO [pool-2-thread-1][SynchronizeDataServiceImpl.java:108] - bti_1=====> [ 新增了0条数据 ]
 2016-05-03 22:22:00.232 INFO [pool-2-thread-1][SynchronizeDataServiceImpl.java:108] - bti_120=====> [ 新增了0条数据 ]
 2016-05-03 22:22:00.312 INFO [pool-2-thread-1][SynchronizeDataServiceImpl.java:108] - bti_1440=====> [ 新增了0条数据 ]
 2016-05-03 22:22:00.384 INFO [pool-2-thread-1][SynchronizeDataServiceImpl.java:108] - bti_15=====> [ 新增了0条数据 ]
 2016-05-03 22:22:00.468 INFO [pool-2-thread-1][SynchronizeDataServiceImpl.java:108] - bti_240=====> [ 新增了0条数据 ]
 2016-05-03 22:22:00.556 INFO [pool-2-thread-1][SynchronizeDataServiceImpl.java:108] - bti_3=====> [ 新增了0条数据 ]
 2016-05-03 22:22:00.638 INFO [pool-2-thread-1][SynchronizeDataServiceImpl.java:108] - bti_30=====> [ 新增了0条数据 ]
 2016-05-03 22:22:00.735 INFO [pool-2-thread-1][SynchronizeDataServiceImpl.java:108] - bti_360=====> [ 新增了0条数据 ]
 2016-05-03 22:22:00.828 INFO [pool-2-thread-1][SynchronizeDataServiceImpl.java:108] - bti_5=====> [ 新增了0条数据 ]
 2016-05-03 22:22:00.905 INFO [pool-2-thread-1][SynchronizeDataServiceImpl.java:108] - bti_60=====> [ 新增了0条数据 ]
 2016-05-03 22:22:00.934 INFO [pool-2-thread-1][SynchronizeDataServiceImpl.java:108] - bti_720=====> [ 新增了0条数据 ]
 2016-05-03 22:22:00.962 INFO [pool-2-thread-1][SynchronizeDataServiceImpl.java:108] - lsi_120=====> [ 新增了0条数据 ]
 2016-05-03 22:22:01.023 INFO [pool-2-thread-1][SynchronizeDataServiceImpl.java:108] - lsi_1440=====> [ 新增了0条数据 ]
 2016-05-03 22:22:01.105 INFO [pool-2-thread-1][SynchronizeDataServiceImpl.java:108] - lsi_240=====> [ 新增了0条数据 ]
 2016-05-03 22:22:01.141 INFO [pool-2-thread-1][SynchronizeDataServiceImpl.java:108] - lsi_360=====> [ 新增了0条数据 ]
 2016-05-03 22:22:01.206 INFO [pool-2-thread-1][SynchronizeDataServiceImpl.java:108] - lsi_60=====> [ 新增了0条数据 ]
 2016-05-03 22:22:01.272 INFO [pool-2-thread-1][SynchronizeDataServiceImpl.java:108] - lsi_720=====> [ 新增了0条数据 ]
 2016-05-03 22:22:01.311 INFO [pool-2-thread-1][SynchronizeDataServiceImpl.java:108] - newbie_china_btc_120=====> [ 新增了0条数据 ]
 2016-05-03 22:22:01.340 INFO [pool-2-thread-1][SynchronizeDataServiceImpl.java:108] - newbie_china_btc_1440=====> [ 新增了0条数据 ]
 2016-05-03 22:22:01.368 INFO [pool-2-thread-1][SynchronizeDataServiceImpl.java:108] - newbie_china_btc_240=====> [ 新增了0条数据 ]
 2016-05-03 22:22:01.394 INFO [pool-2-thread-1][SynchronizeDataServiceImpl.java:108] - newbie_china_btc_360=====> [ 新增了0条数据 ]
 2016-05-03 22:22:01.423 INFO [pool-2-thread-1][SynchronizeDataServiceImpl.java:108] - newbie_china_btc_60=====> [ 新增了0条数据 ]
 2016-05-03 22:22:01.450 INFO [pool-2-thread-1][SynchronizeDataServiceImpl.java:108] - newbie_china_btc_720=====> [ 新增了0条数据 ]
 2016-05-03 22:23:00.005 INFO [pool-2-thread-1][SynchronizeDataTask.java:30] - running SynchronizeData......
 2016-05-03 22:23:00.229 INFO [pool-2-thread-1][SynchronizeDataServiceImpl.java:108] - bti_1=====> [ 新增了2条数据 ]
 2016-05-03 22:23:00.265 INFO [pool-2-thread-1][SynchronizeDataServiceImpl.java:108] - bti_120=====> [ 新增了0条数据 ]
 2016-05-03 22:23:00.341 INFO [pool-2-thread-1][SynchronizeDataServiceImpl.java:108] - bti_1440=====> [ 新增了0条数据 ]
 2016-05-03 22:23:00.399 INFO [pool-2-thread-1][SynchronizeDataServiceImpl.java:108] - bti_15=====> [ 新增了0条数据 ]
 2016-05-03 22:23:00.435 INFO [pool-2-thread-1][SynchronizeDataServiceImpl.java:108] - bti_240=====> [ 新增了0条数据 ]
 2016-05-03 22:23:00.539 INFO [pool-2-thread-1][SynchronizeDataServiceImpl.java:108] - bti_3=====> [ 新增了1条数据 ]
 2016-05-03 22:23:00.568 INFO [pool-2-thread-1][SynchronizeDataServiceImpl.java:108] - bti_30=====> [ 新增了0条数据 ]
 2016-05-03 22:23:00.641 INFO [pool-2-thread-1][SynchronizeDataServiceImpl.java:108] - bti_360=====> [ 新增了0条数据 ]
 2016-05-03 22:23:00.691 INFO [pool-2-thread-1][SynchronizeDataServiceImpl.java:108] - bti_5=====> [ 新增了0条数据 ]
 2016-05-03 22:23:00.790 INFO [pool-2-thread-1][SynchronizeDataServiceImpl.java:108] - bti_60=====> [ 新增了0条数据 ]
 2016-05-03 22:23:00.858 INFO [pool-2-thread-1][SynchronizeDataServiceImpl.java:108] - bti_720=====> [ 新增了0条数据 ]
 2016-05-03 22:23:00.971 INFO [pool-2-thread-1][SynchronizeDataServiceImpl.java:108] - lsi_120=====> [ 新增了0条数据 ]
 2016-05-03 22:23:01.042 INFO [pool-2-thread-1][SynchronizeDataServiceImpl.java:108] - lsi_1440=====> [ 新增了0条数据 ]
 2016-05-03 22:23:01.075 INFO [pool-2-thread-1][SynchronizeDataServiceImpl.java:108] - lsi_240=====> [ 新增了0条数据 ]
 2016-05-03 22:23:01.109 INFO [pool-2-thread-1][SynchronizeDataServiceImpl.java:108] - lsi_360=====> [ 新增了0条数据 ]
 2016-05-03 22:23:01.134 INFO [pool-2-thread-1][SynchronizeDataServiceImpl.java:108] - lsi_60=====> [ 新增了0条数据 ]
 2016-05-03 22:23:01.164 INFO [pool-2-thread-1][SynchronizeDataServiceImpl.java:108] - lsi_720=====> [ 新增了0条数据 ]
 2016-05-03 22:23:01.192 INFO [pool-2-thread-1][SynchronizeDataServiceImpl.java:108] - newbie_china_btc_120=====> [ 新增了0条数据 ]
 2016-05-03 22:23:01.232 INFO [pool-2-thread-1][SynchronizeDataServiceImpl.java:108] - newbie_china_btc_1440=====> [ 新增了0条数据 ]
 2016-05-03 22:23:01.264 INFO [pool-2-thread-1][SynchronizeDataServiceImpl.java:108] - newbie_china_btc_240=====> [ 新增了0条数据 ]
 2016-05-03 22:23:01.290 INFO [pool-2-thread-1][SynchronizeDataServiceImpl.java:108] - newbie_china_btc_360=====> [ 新增了0条数据 ]
 2016-05-03 22:23:01.325 INFO [pool-2-thread-1][SynchronizeDataServiceImpl.java:108] - newbie_china_btc_60=====> [ 新增了0条数据 ]
 2016-05-03 22:23:01.568 INFO [pool-2-thread-1][SynchronizeDataServiceImpl.java:108] - newbie_china_btc_720=====> [ 新增了0条数据 ]
 2016-05-03 22:24:00.005 INFO [pool-2-thread-1][SynchronizeDataTask.java:30] - running SynchronizeData......
 2016-05-03 22:24:00.130 INFO [pool-2-thread-1][SynchronizeDataServiceImpl.java:108] - bti_1=====> [ 新增了0条数据 ]
 2016-05-03 22:24:00.187 INFO [pool-2-thread-1][SynchronizeDataServiceImpl.java:108] - bti_120=====> [ 新增了0条数据 ]
 2016-05-03 22:24:00.231 INFO [pool-2-thread-1][SynchronizeDataServiceImpl.java:108] - bti_1440=====> [ 新增了0条数据 ]
 2016-05-03 22:24:00.310 INFO [pool-2-thread-1][SynchronizeDataServiceImpl.java:108] - bti_15=====> [ 新增了0条数据 ]
 2016-05-03 22:24:00.375 INFO [pool-2-thread-1][SynchronizeDataServiceImpl.java:108] - bti_240=====> [ 新增了0条数据 ]
 2016-05-03 22:24:00.472 INFO [pool-2-thread-1][SynchronizeDataServiceImpl.java:108] - bti_3=====> [ 新增了0条数据 ]
 2016-05-03 22:24:00.552 INFO [pool-2-thread-1][SynchronizeDataServiceImpl.java:108] - bti_30=====> [ 新增了0条数据 ]
 2016-05-03 22:24:00.626 INFO [pool-2-thread-1][SynchronizeDataServiceImpl.java:108] - bti_360=====> [ 新增了0条数据 ]
 2016-05-03 22:24:00.697 INFO [pool-2-thread-1][SynchronizeDataServiceImpl.java:108] - bti_5=====> [ 新增了0条数据 ]
 2016-05-03 22:24:00.775 INFO [pool-2-thread-1][SynchronizeDataServiceImpl.java:108] - bti_60=====> [ 新增了0条数据 ]
 2016-05-03 22:24:00.864 INFO [pool-2-thread-1][SynchronizeDataServiceImpl.java:108] - bti_720=====> [ 新增了0条数据 ]
 2016-05-03 22:24:01.030 INFO [pool-2-thread-1][SynchronizeDataServiceImpl.java:108] - lsi_120=====> [ 新增了0条数据 ]
 2016-05-03 22:24:01.304 INFO [pool-2-thread-1][SynchronizeDataServiceImpl.java:108] - lsi_1440=====> [ 新增了0条数据 ]
 2016-05-03 22:24:01.383 INFO [pool-2-thread-1][SynchronizeDataServiceImpl.java:108] - lsi_240=====> [ 新增了0条数据 ]
 2016-05-03 22:24:01.419 INFO [pool-2-thread-1][SynchronizeDataServiceImpl.java:108] - lsi_360=====> [ 新增了0条数据 ]
 2016-05-03 22:24:01.486 INFO [pool-2-thread-1][SynchronizeDataServiceImpl.java:108] - lsi_60=====> [ 新增了0条数据 ]
 2016-05-03 22:24:01.553 INFO [pool-2-thread-1][SynchronizeDataServiceImpl.java:108] - lsi_720=====> [ 新增了0条数据 ]
 2016-05-03 22:24:01.585 INFO [pool-2-thread-1][SynchronizeDataServiceImpl.java:108] - newbie_china_btc_120=====> [ 新增了0条数据 ]
 2016-05-03 22:24:01.654 INFO [pool-2-thread-1][SynchronizeDataServiceImpl.java:108] - newbie_china_btc_1440=====> [ 新增了0条数据 ]
 2016-05-03 22:24:01.693 INFO [pool-2-thread-1][SynchronizeDataServiceImpl.java:108] - newbie_china_btc_240=====> [ 新增了0条数据 ]
 2016-05-03 22:24:01.731 INFO [pool-2-thread-1][SynchronizeDataServiceImpl.java:108] - newbie_china_btc_360=====> [ 新增了0条数据 ]
 2016-05-03 22:24:01.763 INFO [pool-2-thread-1][SynchronizeDataServiceImpl.java:108] - newbie_china_btc_60=====> [ 新增了0条数据 ]
 2016-05-03 22:24:01.803 INFO [pool-2-thread-1][SynchronizeDataServiceImpl.java:108] - newbie_china_btc_720=====> [ 新增了0条数据 ]
 2016-05-03 22:25:00.006 INFO [pool-2-thread-1][SynchronizeDataTask.java:30] - running SynchronizeData......
 2016-05-03 22:25:00.226 INFO [pool-2-thread-1][SynchronizeDataServiceImpl.java:108] - bti_1=====> [ 新增了2条数据 ]
 2016-05-03 22:25:00.259 INFO [pool-2-thread-1][SynchronizeDataServiceImpl.java:108] - bti_120=====> [ 新增了0条数据 ]
 2016-05-03 22:25:00.289 INFO [pool-2-thread-1][SynchronizeDataServiceImpl.java:108] - bti_1440=====> [ 新增了0条数据 ]
 2016-05-03 22:25:00.323 INFO [pool-2-thread-1][SynchronizeDataServiceImpl.java:108] - bti_15=====> [ 新增了0条数据 ]
 2016-05-03 22:25:00.355 INFO [pool-2-thread-1][SynchronizeDataServiceImpl.java:108] - bti_240=====> [ 新增了0条数据 ]
 2016-05-03 22:25:00.393 INFO [pool-2-thread-1][SynchronizeDataServiceImpl.java:108] - bti_3=====> [ 新增了1条数据 ]
 2016-05-03 22:25:00.421 INFO [pool-2-thread-1][SynchronizeDataServiceImpl.java:108] - bti_30=====> [ 新增了0条数据 ]
 2016-05-03 22:25:00.481 INFO [pool-2-thread-1][SynchronizeDataServiceImpl.java:108] - bti_360=====> [ 新增了0条数据 ]
 2016-05-03 22:25:00.549 INFO [pool-2-thread-1][SynchronizeDataServiceImpl.java:108] - bti_5=====> [ 新增了0条数据 ]
 2016-05-03 22:25:00.637 INFO [pool-2-thread-1][SynchronizeDataServiceImpl.java:108] - bti_60=====> [ 新增了0条数据 ]
 2016-05-03 22:25:00.693 INFO [pool-2-thread-1][SynchronizeDataServiceImpl.java:108] - bti_720=====> [ 新增了0条数据 ]
 2016-05-03 22:25:00.769 INFO [pool-2-thread-1][SynchronizeDataServiceImpl.java:108] - lsi_120=====> [ 新增了0条数据 ]
 2016-05-03 22:25:00.848 INFO [pool-2-thread-1][SynchronizeDataServiceImpl.java:108] - lsi_1440=====> [ 新增了0条数据 ]
 2016-05-03 22:25:00.915 INFO [pool-2-thread-1][SynchronizeDataServiceImpl.java:108] - lsi_240=====> [ 新增了0条数据 ]
 2016-05-03 22:25:00.950 INFO [pool-2-thread-1][SynchronizeDataServiceImpl.java:108] - lsi_360=====> [ 新增了0条数据 ]
 2016-05-03 22:25:00.981 INFO [pool-2-thread-1][SynchronizeDataServiceImpl.java:108] - lsi_60=====> [ 新增了0条数据 ]
 2016-05-03 22:25:01.014 INFO [pool-2-thread-1][SynchronizeDataServiceImpl.java:108] - lsi_720=====> [ 新增了0条数据 ]
 2016-05-03 22:25:01.043 INFO [pool-2-thread-1][SynchronizeDataServiceImpl.java:108] - newbie_china_btc_120=====> [ 新增了0条数据 ]
 2016-05-03 22:25:01.078 INFO [pool-2-thread-1][SynchronizeDataServiceImpl.java:108] - newbie_china_btc_1440=====> [ 新增了0条数据 ]
 2016-05-03 22:25:01.116 INFO [pool-2-thread-1][SynchronizeDataServiceImpl.java:108] - newbie_china_btc_240=====> [ 新增了0条数据 ]
 2016-05-03 22:25:01.143 INFO [pool-2-thread-1][SynchronizeDataServiceImpl.java:108] - newbie_china_btc_360=====> [ 新增了0条数据 ]
 2016-05-03 22:25:01.170 INFO [pool-2-thread-1][SynchronizeDataServiceImpl.java:108] - newbie_china_btc_60=====> [ 新增了0条数据 ]
 2016-05-03 22:25:01.200 INFO [pool-2-thread-1][SynchronizeDataServiceImpl.java:108] - newbie_china_btc_720=====> [ 新增了0条数据 ]
 2016-05-03 22:26:00.005 INFO [pool-2-thread-1][SynchronizeDataTask.java:30] - running SynchronizeData......
 2016-05-03 22:26:00.154 INFO [pool-2-thread-1][SynchronizeDataServiceImpl.java:108] - bti_1=====> [ 新增了0条数据 ]
 2016-05-03 22:26:00.213 INFO [pool-2-thread-1][SynchronizeDataServiceImpl.java:108] - bti_120=====> [ 新增了0条数据 ]
 2016-05-03 22:26:00.251 INFO [pool-2-thread-1][SynchronizeDataServiceImpl.java:108] - bti_1440=====> [ 新增了0条数据 ]
 2016-05-03 22:26:00.333 INFO [pool-2-thread-1][SynchronizeDataServiceImpl.java:108] - bti_15=====> [ 新增了0条数据 ]
 2016-05-03 22:26:00.398 INFO [pool-2-thread-1][SynchronizeDataServiceImpl.java:108] - bti_240=====> [ 新增了0条数据 ]
 2016-05-03 22:26:00.465 INFO [pool-2-thread-1][SynchronizeDataServiceImpl.java:108] - bti_3=====> [ 新增了0条数据 ]
 2016-05-03 22:26:00.540 INFO [pool-2-thread-1][SynchronizeDataServiceImpl.java:108] - bti_30=====> [ 新增了0条数据 ]
 2016-05-03 22:26:00.606 INFO [pool-2-thread-1][SynchronizeDataServiceImpl.java:108] - bti_360=====> [ 新增了0条数据 ]
 2016-05-03 22:26:00.678 INFO [pool-2-thread-1][SynchronizeDataServiceImpl.java:108] - bti_5=====> [ 新增了0条数据 ]
 2016-05-03 22:26:00.764 INFO [pool-2-thread-1][SynchronizeDataServiceImpl.java:108] - bti_60=====> [ 新增了0条数据 ]
 2016-05-03 22:26:00.799 INFO [pool-2-thread-1][SynchronizeDataServiceImpl.java:108] - bti_720=====> [ 新增了0条数据 ]
 2016-05-03 22:26:00.833 INFO [pool-2-thread-1][SynchronizeDataServiceImpl.java:108] - lsi_120=====> [ 新增了0条数据 ]
 2016-05-03 22:26:00.916 INFO [pool-2-thread-1][SynchronizeDataServiceImpl.java:108] - lsi_1440=====> [ 新增了0条数据 ]
 2016-05-03 22:26:00.984 INFO [pool-2-thread-1][SynchronizeDataServiceImpl.java:108] - lsi_240=====> [ 新增了0条数据 ]
 2016-05-03 22:26:01.021 INFO [pool-2-thread-1][SynchronizeDataServiceImpl.java:108] - lsi_360=====> [ 新增了0条数据 ]
 2016-05-03 22:26:01.155 INFO [pool-2-thread-1][SynchronizeDataServiceImpl.java:108] - lsi_60=====> [ 新增了0条数据 ]
 2016-05-03 22:26:01.220 INFO [pool-2-thread-1][SynchronizeDataServiceImpl.java:108] - lsi_720=====> [ 新增了0条数据 ]
 2016-05-03 22:26:01.250 INFO [pool-2-thread-1][SynchronizeDataServiceImpl.java:108] - newbie_china_btc_120=====> [ 新增了0条数据 ]
 2016-05-03 22:26:01.330 INFO [pool-2-thread-1][SynchronizeDataServiceImpl.java:108] - newbie_china_btc_1440=====> [ 新增了0条数据 ]
 2016-05-03 22:26:01.361 INFO [pool-2-thread-1][SynchronizeDataServiceImpl.java:108] - newbie_china_btc_240=====> [ 新增了0条数据 ]
 2016-05-03 22:26:01.388 INFO [pool-2-thread-1][SynchronizeDataServiceImpl.java:108] - newbie_china_btc_360=====> [ 新增了0条数据 ]
 2016-05-03 22:26:01.418 INFO [pool-2-thread-1][SynchronizeDataServiceImpl.java:108] - newbie_china_btc_60=====> [ 新增了0条数据 ]
 2016-05-03 22:26:01.443 INFO [pool-2-thread-1][SynchronizeDataServiceImpl.java:108] - newbie_china_btc_720=====> [ 新增了0条数据 ]
 2016-05-03 22:27:00.005 INFO [pool-2-thread-1][SynchronizeDataTask.java:30] - running SynchronizeData......
 2016-05-03 22:27:00.188 INFO [pool-2-thread-1][SynchronizeDataServiceImpl.java:108] - bti_1=====> [ 新增了2条数据 ]
 2016-05-03 22:27:00.237 INFO [pool-2-thread-1][SynchronizeDataServiceImpl.java:108] - bti_120=====> [ 新增了0条数据 ]
 2016-05-03 22:27:00.271 INFO [pool-2-thread-1][SynchronizeDataServiceImpl.java:108] - bti_1440=====> [ 新增了0条数据 ]
 2016-05-03 22:27:00.306 INFO [pool-2-thread-1][SynchronizeDataServiceImpl.java:108] - bti_15=====> [ 新增了0条数据 ]
 2016-05-03 22:27:00.340 INFO [pool-2-thread-1][SynchronizeDataServiceImpl.java:108] - bti_240=====> [ 新增了0条数据 ]
 2016-05-03 22:27:00.372 INFO [pool-2-thread-1][SynchronizeDataServiceImpl.java:108] - bti_3=====> [ 新增了0条数据 ]
 2016-05-03 22:27:00.405 INFO [pool-2-thread-1][SynchronizeDataServiceImpl.java:108] - bti_30=====> [ 新增了0条数据 ]
 2016-05-03 22:27:00.449 INFO [pool-2-thread-1][SynchronizeDataServiceImpl.java:108] - bti_360=====> [ 新增了0条数据 ]
 2016-05-03 22:27:00.533 INFO [pool-2-thread-1][SynchronizeDataServiceImpl.java:108] - bti_5=====> [ 新增了1条数据 ]
 2016-05-03 22:27:00.606 INFO [pool-2-thread-1][SynchronizeDataServiceImpl.java:108] - bti_60=====> [ 新增了0条数据 ]
 2016-05-03 22:27:00.662 INFO [pool-2-thread-1][SynchronizeDataServiceImpl.java:108] - bti_720=====> [ 新增了0条数据 ]
 2016-05-03 22:27:00.750 INFO [pool-2-thread-1][SynchronizeDataServiceImpl.java:108] - lsi_120=====> [ 新增了0条数据 ]
 2016-05-03 22:27:00.826 INFO [pool-2-thread-1][SynchronizeDataServiceImpl.java:108] - lsi_1440=====> [ 新增了0条数据 ]
 2016-05-03 22:27:00.858 INFO [pool-2-thread-1][SynchronizeDataServiceImpl.java:108] - lsi_240=====> [ 新增了0条数据 ]
 2016-05-03 22:27:00.925 INFO [pool-2-thread-1][SynchronizeDataServiceImpl.java:108] - lsi_360=====> [ 新增了0条数据 ]
 2016-05-03 22:27:00.951 INFO [pool-2-thread-1][SynchronizeDataServiceImpl.java:108] - lsi_60=====> [ 新增了0条数据 ]
 2016-05-03 22:27:00.980 INFO [pool-2-thread-1][SynchronizeDataServiceImpl.java:108] - lsi_720=====> [ 新增了0条数据 ]
 2016-05-03 22:27:01.015 INFO [pool-2-thread-1][SynchronizeDataServiceImpl.java:108] - newbie_china_btc_120=====> [ 新增了0条数据 ]
 2016-05-03 22:27:01.045 INFO [pool-2-thread-1][SynchronizeDataServiceImpl.java:108] - newbie_china_btc_1440=====> [ 新增了0条数据 ]
 2016-05-03 22:27:01.071 INFO [pool-2-thread-1][SynchronizeDataServiceImpl.java:108] - newbie_china_btc_240=====> [ 新增了0条数据 ]
 2016-05-03 22:27:01.105 INFO [pool-2-thread-1][SynchronizeDataServiceImpl.java:108] - newbie_china_btc_360=====> [ 新增了0条数据 ]
 2016-05-03 22:27:01.135 INFO [pool-2-thread-1][SynchronizeDataServiceImpl.java:108] - newbie_china_btc_60=====> [ 新增了0条数据 ]
 2016-05-03 22:27:01.160 INFO [pool-2-thread-1][SynchronizeDataServiceImpl.java:108] - newbie_china_btc_720=====> [ 新增了0条数据 ]
 2016-05-03 22:28:00.005 INFO [pool-2-thread-1][SynchronizeDataTask.java:30] - running SynchronizeData......
 2016-05-03 22:28:00.147 INFO [pool-2-thread-1][SynchronizeDataServiceImpl.java:108] - bti_1=====> [ 新增了0条数据 ]
 2016-05-03 22:28:00.314 INFO [pool-2-thread-1][SynchronizeDataServiceImpl.java:108] - bti_120=====> [ 新增了0条数据 ]
 2016-05-03 22:28:00.397 INFO [pool-2-thread-1][SynchronizeDataServiceImpl.java:108] - bti_1440=====> [ 新增了0条数据 ]
 2016-05-03 22:28:00.470 INFO [pool-2-thread-1][SynchronizeDataServiceImpl.java:108] - bti_15=====> [ 新增了0条数据 ]
 2016-05-03 22:28:00.522 INFO [pool-2-thread-1][SynchronizeDataServiceImpl.java:108] - bti_240=====> [ 新增了0条数据 ]
 2016-05-03 22:28:00.578 INFO [pool-2-thread-1][SynchronizeDataServiceImpl.java:108] - bti_3=====> [ 新增了0条数据 ]
 2016-05-03 22:28:00.641 INFO [pool-2-thread-1][SynchronizeDataServiceImpl.java:108] - bti_30=====> [ 新增了0条数据 ]
 2016-05-03 22:28:00.700 INFO [pool-2-thread-1][SynchronizeDataServiceImpl.java:108] - bti_360=====> [ 新增了0条数据 ]
 2016-05-03 22:28:00.756 INFO [pool-2-thread-1][SynchronizeDataServiceImpl.java:108] - bti_5=====> [ 新增了0条数据 ]
 2016-05-03 22:28:00.822 INFO [pool-2-thread-1][SynchronizeDataServiceImpl.java:108] - bti_60=====> [ 新增了0条数据 ]
 2016-05-03 22:28:00.853 INFO [pool-2-thread-1][SynchronizeDataServiceImpl.java:108] - bti_720=====> [ 新增了0条数据 ]
 2016-05-03 22:28:00.912 INFO [pool-2-thread-1][SynchronizeDataServiceImpl.java:108] - lsi_120=====> [ 新增了0条数据 ]
 2016-05-03 22:28:00.977 INFO [pool-2-thread-1][SynchronizeDataServiceImpl.java:108] - lsi_1440=====> [ 新增了0条数据 ]
 2016-05-03 22:28:01.047 INFO [pool-2-thread-1][SynchronizeDataServiceImpl.java:108] - lsi_240=====> [ 新增了0条数据 ]
 2016-05-03 22:28:01.112 INFO [pool-2-thread-1][SynchronizeDataServiceImpl.java:108] - lsi_360=====> [ 新增了0条数据 ]
 2016-05-03 22:28:01.174 INFO [pool-2-thread-1][SynchronizeDataServiceImpl.java:108] - lsi_60=====> [ 新增了0条数据 ]
 2016-05-03 22:28:01.212 INFO [pool-2-thread-1][SynchronizeDataServiceImpl.java:108] - lsi_720=====> [ 新增了0条数据 ]
 2016-05-03 22:28:01.246 INFO [pool-2-thread-1][SynchronizeDataServiceImpl.java:108] - newbie_china_btc_120=====> [ 新增了0条数据 ]
 2016-05-03 22:28:01.311 INFO [pool-2-thread-1][SynchronizeDataServiceImpl.java:108] - newbie_china_btc_1440=====> [ 新增了0条数据 ]
 2016-05-03 22:28:01.364 INFO [pool-2-thread-1][SynchronizeDataServiceImpl.java:108] - newbie_china_btc_240=====> [ 新增了0条数据 ]
 2016-05-03 22:28:01.389 INFO [pool-2-thread-1][SynchronizeDataServiceImpl.java:108] - newbie_china_btc_360=====> [ 新增了0条数据 ]
 2016-05-03 22:28:01.423 INFO [pool-2-thread-1][SynchronizeDataServiceImpl.java:108] - newbie_china_btc_60=====> [ 新增了0条数据 ]
 2016-05-03 22:28:01.467 INFO [pool-2-thread-1][SynchronizeDataServiceImpl.java:108] - newbie_china_btc_720=====> [ 新增了0条数据 ]
 2016-05-03 22:29:00.005 INFO [pool-2-thread-1][SynchronizeDataTask.java:30] - running SynchronizeData......
 2016-05-03 22:29:00.201 INFO [pool-2-thread-1][SynchronizeDataServiceImpl.java:108] - bti_1=====> [ 新增了2条数据 ]
 2016-05-03 22:29:00.241 INFO [pool-2-thread-1][SynchronizeDataServiceImpl.java:108] - bti_120=====> [ 新增了0条数据 ]
 2016-05-03 22:29:00.298 INFO [pool-2-thread-1][SynchronizeDataServiceImpl.java:108] - bti_1440=====> [ 新增了0条数据 ]
 2016-05-03 22:29:00.348 INFO [pool-2-thread-1][SynchronizeDataServiceImpl.java:108] - bti_15=====> [ 新增了0条数据 ]
 2016-05-03 22:29:00.397 INFO [pool-2-thread-1][SynchronizeDataServiceImpl.java:108] - bti_240=====> [ 新增了0条数据 ]
 2016-05-03 22:29:00.457 INFO [pool-2-thread-1][SynchronizeDataServiceImpl.java:108] - bti_3=====> [ 新增了1条数据 ]
 2016-05-03 22:29:00.496 INFO [pool-2-thread-1][SynchronizeDataServiceImpl.java:108] - bti_30=====> [ 新增了0条数据 ]
 2016-05-03 22:29:00.525 INFO [pool-2-thread-1][SynchronizeDataServiceImpl.java:108] - bti_360=====> [ 新增了0条数据 ]
 2016-05-03 22:29:00.572 INFO [pool-2-thread-1][SynchronizeDataServiceImpl.java:108] - bti_5=====> [ 新增了0条数据 ]
 2016-05-03 22:29:00.618 INFO [pool-2-thread-1][SynchronizeDataServiceImpl.java:108] - bti_60=====> [ 新增了0条数据 ]
 2016-05-03 22:29:00.651 INFO [pool-2-thread-1][SynchronizeDataServiceImpl.java:108] - bti_720=====> [ 新增了0条数据 ]
 2016-05-03 22:29:00.685 INFO [pool-2-thread-1][SynchronizeDataServiceImpl.java:108] - lsi_120=====> [ 新增了0条数据 ]
 2016-05-03 22:29:00.718 INFO [pool-2-thread-1][SynchronizeDataServiceImpl.java:108] - lsi_1440=====> [ 新增了0条数据 ]
 2016-05-03 22:29:00.748 INFO [pool-2-thread-1][SynchronizeDataServiceImpl.java:108] - lsi_240=====> [ 新增了0条数据 ]
 2016-05-03 22:29:01.241 INFO [pool-2-thread-1][SynchronizeDataServiceImpl.java:108] - lsi_360=====> [ 新增了0条数据 ]
 2016-05-03 22:29:01.318 INFO [pool-2-thread-1][SynchronizeDataServiceImpl.java:108] - lsi_60=====> [ 新增了0条数据 ]
 2016-05-03 22:29:01.387 INFO [pool-2-thread-1][SynchronizeDataServiceImpl.java:108] - lsi_720=====> [ 新增了0条数据 ]
 2016-05-03 22:29:01.418 INFO [pool-2-thread-1][SynchronizeDataServiceImpl.java:108] - newbie_china_btc_120=====> [ 新增了0条数据 ]
 2016-05-03 22:29:01.485 INFO [pool-2-thread-1][SynchronizeDataServiceImpl.java:108] - newbie_china_btc_1440=====> [ 新增了0条数据 ]
 2016-05-03 22:29:01.565 INFO [pool-2-thread-1][SynchronizeDataServiceImpl.java:108] - newbie_china_btc_240=====> [ 新增了0条数据 ]
 2016-05-03 22:29:01.608 INFO [pool-2-thread-1][SynchronizeDataServiceImpl.java:108] - newbie_china_btc_360=====> [ 新增了0条数据 ]
 2016-05-03 22:29:01.642 INFO [pool-2-thread-1][SynchronizeDataServiceImpl.java:108] - newbie_china_btc_60=====> [ 新增了0条数据 ]
 2016-05-03 22:29:01.674 INFO [pool-2-thread-1][SynchronizeDataServiceImpl.java:108] - newbie_china_btc_720=====> [ 新增了0条数据 ]
 