2016-05-03 21:45:10.793 INFO [main][SynchronizeDataServiceImpl.java:108] - bti_1=====> [ 新增了31条数据 ]
 2016-05-03 21:45:10.860 INFO [main][SynchronizeDataServiceImpl.java:108] - bti_120=====> [ 新增了0条数据 ]
 2016-05-03 21:45:10.902 INFO [main][SynchronizeDataServiceImpl.java:108] - bti_1440=====> [ 新增了0条数据 ]
 2016-05-03 21:45:10.979 INFO [main][SynchronizeDataServiceImpl.java:108] - bti_15=====> [ 新增了2条数据 ]
 2016-05-03 21:45:11.026 INFO [main][SynchronizeDataServiceImpl.java:108] - bti_240=====> [ 新增了0条数据 ]
 2016-05-03 21:45:11.282 INFO [main][SynchronizeDataServiceImpl.java:108] - bti_3=====> [ 新增了10条数据 ]
 2016-05-03 21:45:11.346 INFO [main][SynchronizeDataServiceImpl.java:108] - bti_30=====> [ 新增了1条数据 ]
 2016-05-03 21:45:11.432 INFO [main][SynchronizeDataServiceImpl.java:108] - bti_360=====> [ 新增了0条数据 ]
 2016-05-03 21:45:11.602 INFO [main][SynchronizeDataServiceImpl.java:108] - bti_5=====> [ 新增了6条数据 ]
 2016-05-03 21:45:11.648 INFO [main][SynchronizeDataServiceImpl.java:108] - bti_60=====> [ 新增了0条数据 ]
 2016-05-03 21:45:11.708 INFO [main][SynchronizeDataServiceImpl.java:108] - bti_720=====> [ 新增了0条数据 ]
 2016-05-03 21:45:11.753 INFO [main][SynchronizeDataServiceImpl.java:108] - lsi_120=====> [ 新增了0条数据 ]
 2016-05-03 21:45:11.790 INFO [main][SynchronizeDataServiceImpl.java:108] - lsi_1440=====> [ 新增了0条数据 ]
 2016-05-03 21:45:11.831 INFO [main][SynchronizeDataServiceImpl.java:108] - lsi_240=====> [ 新增了0条数据 ]
 2016-05-03 21:45:11.876 INFO [main][SynchronizeDataServiceImpl.java:108] - lsi_360=====> [ 新增了0条数据 ]
 2016-05-03 21:45:11.915 INFO [main][SynchronizeDataServiceImpl.java:108] - lsi_60=====> [ 新增了0条数据 ]
 2016-05-03 21:45:11.956 INFO [main][SynchronizeDataServiceImpl.java:108] - lsi_720=====> [ 新增了0条数据 ]
 2016-05-03 21:45:11.993 INFO [main][SynchronizeDataServiceImpl.java:108] - newbie_china_btc_120=====> [ 新增了0条数据 ]
 2016-05-03 21:45:12.037 INFO [main][SynchronizeDataServiceImpl.java:108] - newbie_china_btc_1440=====> [ 新增了0条数据 ]
 2016-05-03 21:45:12.120 INFO [main][SynchronizeDataServiceImpl.java:108] - newbie_china_btc_240=====> [ 新增了0条数据 ]
 2016-05-03 21:45:12.188 INFO [main][SynchronizeDataServiceImpl.java:108] - newbie_china_btc_360=====> [ 新增了0条数据 ]
 2016-05-03 21:45:12.267 INFO [main][SynchronizeDataServiceImpl.java:108] - newbie_china_btc_60=====> [ 新增了0条数据 ]
 2016-05-03 21:45:12.348 INFO [main][SynchronizeDataServiceImpl.java:108] - newbie_china_btc_720=====> [ 新增了0条数据 ]
 2016-05-03 21:45:29.908 INFO [main][SynchronizeDataServiceImpl.java:108] - bti_1=====> [ 新增了0条数据 ]
 2016-05-03 21:45:29.989 INFO [main][SynchronizeDataServiceImpl.java:108] - bti_120=====> [ 新增了0条数据 ]
 2016-05-03 21:45:30.070 INFO [main][SynchronizeDataServiceImpl.java:108] - bti_1440=====> [ 新增了0条数据 ]
 2016-05-03 21:45:30.173 INFO [main][SynchronizeDataServiceImpl.java:108] - bti_15=====> [ 新增了0条数据 ]
 2016-05-03 21:45:30.278 INFO [main][SynchronizeDataServiceImpl.java:108] - bti_240=====> [ 新增了0条数据 ]
 2016-05-03 21:45:30.386 INFO [main][SynchronizeDataServiceImpl.java:108] - bti_3=====> [ 新增了0条数据 ]
 2016-05-03 21:45:30.478 INFO [main][SynchronizeDataServiceImpl.java:108] - bti_30=====> [ 新增了0条数据 ]
 2016-05-03 21:45:30.755 INFO [main][SynchronizeDataServiceImpl.java:108] - bti_360=====> [ 新增了0条数据 ]
 2016-05-03 21:45:30.856 INFO [main][SynchronizeDataServiceImpl.java:108] - bti_5=====> [ 新增了0条数据 ]
 2016-05-03 21:45:30.962 INFO [main][SynchronizeDataServiceImpl.java:108] - bti_60=====> [ 新增了0条数据 ]
 2016-05-03 21:45:31.007 INFO [main][SynchronizeDataServiceImpl.java:108] - bti_720=====> [ 新增了0条数据 ]
 2016-05-03 21:45:31.045 INFO [main][SynchronizeDataServiceImpl.java:108] - lsi_120=====> [ 新增了0条数据 ]
 2016-05-03 21:45:31.117 INFO [main][SynchronizeDataServiceImpl.java:108] - lsi_1440=====> [ 新增了0条数据 ]
 2016-05-03 21:45:31.202 INFO [main][SynchronizeDataServiceImpl.java:108] - lsi_240=====> [ 新增了0条数据 ]
 2016-05-03 21:45:31.244 INFO [main][SynchronizeDataServiceImpl.java:108] - lsi_360=====> [ 新增了0条数据 ]
 2016-05-03 21:45:31.341 INFO [main][SynchronizeDataServiceImpl.java:108] - lsi_60=====> [ 新增了0条数据 ]
 2016-05-03 21:45:31.423 INFO [main][SynchronizeDataServiceImpl.java:108] - lsi_720=====> [ 新增了0条数据 ]
 2016-05-03 21:45:31.469 INFO [main][SynchronizeDataServiceImpl.java:108] - newbie_china_btc_120=====> [ 新增了0条数据 ]
 2016-05-03 21:45:31.545 INFO [main][SynchronizeDataServiceImpl.java:108] - newbie_china_btc_1440=====> [ 新增了0条数据 ]
 2016-05-03 21:45:31.590 INFO [main][SynchronizeDataServiceImpl.java:108] - newbie_china_btc_240=====> [ 新增了0条数据 ]
 2016-05-03 21:45:31.637 INFO [main][SynchronizeDataServiceImpl.java:108] - newbie_china_btc_360=====> [ 新增了0条数据 ]
 2016-05-03 21:45:31.844 INFO [main][SynchronizeDataServiceImpl.java:108] - newbie_china_btc_60=====> [ 新增了0条数据 ]
 2016-05-03 21:45:31.944 INFO [main][SynchronizeDataServiceImpl.java:108] - newbie_china_btc_720=====> [ 新增了0条数据 ]
 2016-05-03 21:49:00.013 INFO [pool-2-thread-1][SynchronizeDataTask.java:30] - running SynchronizeData......
 2016-05-03 21:49:00.344 INFO [pool-2-thread-1][SynchronizeDataServiceImpl.java:108] - bti_1=====> [ 新增了5条数据 ]
 2016-05-03 21:49:00.394 INFO [pool-2-thread-1][SynchronizeDataServiceImpl.java:108] - bti_120=====> [ 新增了0条数据 ]
 2016-05-03 21:49:00.470 INFO [pool-2-thread-1][SynchronizeDataServiceImpl.java:108] - bti_1440=====> [ 新增了0条数据 ]
 2016-05-03 21:49:00.527 INFO [pool-2-thread-1][SynchronizeDataServiceImpl.java:108] - bti_15=====> [ 新增了1条数据 ]
 2016-05-03 21:49:00.576 INFO [pool-2-thread-1][SynchronizeDataServiceImpl.java:108] - bti_240=====> [ 新增了0条数据 ]
 2016-05-03 21:49:00.677 INFO [pool-2-thread-1][SynchronizeDataServiceImpl.java:108] - bti_3=====> [ 新增了2条数据 ]
 2016-05-03 21:49:00.739 INFO [pool-2-thread-1][SynchronizeDataServiceImpl.java:108] - bti_30=====> [ 新增了0条数据 ]
 2016-05-03 21:49:00.779 INFO [pool-2-thread-1][SynchronizeDataServiceImpl.java:108] - bti_360=====> [ 新增了0条数据 ]
 2016-05-03 21:49:00.838 INFO [pool-2-thread-1][SynchronizeDataServiceImpl.java:108] - bti_5=====> [ 新增了1条数据 ]
 2016-05-03 21:49:00.886 INFO [pool-2-thread-1][SynchronizeDataServiceImpl.java:108] - bti_60=====> [ 新增了0条数据 ]
 2016-05-03 21:49:00.933 INFO [pool-2-thread-1][SynchronizeDataServiceImpl.java:108] - bti_720=====> [ 新增了0条数据 ]
 2016-05-03 21:49:00.976 INFO [pool-2-thread-1][SynchronizeDataServiceImpl.java:108] - lsi_120=====> [ 新增了0条数据 ]
 2016-05-03 21:49:01.012 INFO [pool-2-thread-1][SynchronizeDataServiceImpl.java:108] - lsi_1440=====> [ 新增了0条数据 ]
 2016-05-03 21:49:01.050 INFO [pool-2-thread-1][SynchronizeDataServiceImpl.java:108] - lsi_240=====> [ 新增了0条数据 ]
 2016-05-03 21:49:01.088 INFO [pool-2-thread-1][SynchronizeDataServiceImpl.java:108] - lsi_360=====> [ 新增了0条数据 ]
 2016-05-03 21:49:01.126 INFO [pool-2-thread-1][SynchronizeDataServiceImpl.java:108] - lsi_60=====> [ 新增了0条数据 ]
 2016-05-03 21:49:01.194 INFO [pool-2-thread-1][SynchronizeDataServiceImpl.java:108] - lsi_720=====> [ 新增了0条数据 ]
 2016-05-03 21:49:01.233 INFO [pool-2-thread-1][SynchronizeDataServiceImpl.java:108] - newbie_china_btc_120=====> [ 新增了0条数据 ]
 2016-05-03 21:49:01.267 INFO [pool-2-thread-1][SynchronizeDataServiceImpl.java:108] - newbie_china_btc_1440=====> [ 新增了0条数据 ]
 2016-05-03 21:49:01.338 INFO [pool-2-thread-1][SynchronizeDataServiceImpl.java:108] - newbie_china_btc_240=====> [ 新增了0条数据 ]
 2016-05-03 21:49:01.456 INFO [pool-2-thread-1][SynchronizeDataServiceImpl.java:108] - newbie_china_btc_360=====> [ 新增了0条数据 ]
 2016-05-03 21:49:01.553 INFO [pool-2-thread-1][SynchronizeDataServiceImpl.java:108] - newbie_china_btc_60=====> [ 新增了0条数据 ]
 2016-05-03 21:49:01.621 INFO [pool-2-thread-1][SynchronizeDataServiceImpl.java:108] - newbie_china_btc_720=====> [ 新增了0条数据 ]
 2016-05-03 21:50:00.005 INFO [pool-2-thread-1][SynchronizeDataTask.java:30] - running SynchronizeData......
 2016-05-03 21:50:00.206 INFO [pool-2-thread-1][SynchronizeDataServiceImpl.java:108] - bti_1=====> [ 新增了0条数据 ]
 2016-05-03 21:50:00.283 INFO [pool-2-thread-1][SynchronizeDataServiceImpl.java:108] - bti_120=====> [ 新增了0条数据 ]
 2016-05-03 21:50:00.334 INFO [pool-2-thread-1][SynchronizeDataServiceImpl.java:108] - bti_1440=====> [ 新增了0条数据 ]
 2016-05-03 21:50:00.424 INFO [pool-2-thread-1][SynchronizeDataServiceImpl.java:108] - bti_15=====> [ 新增了0条数据 ]
 2016-05-03 21:50:00.506 INFO [pool-2-thread-1][SynchronizeDataServiceImpl.java:108] - bti_240=====> [ 新增了0条数据 ]
 2016-05-03 21:50:00.595 INFO [pool-2-thread-1][SynchronizeDataServiceImpl.java:108] - bti_3=====> [ 新增了0条数据 ]
 2016-05-03 21:50:00.678 INFO [pool-2-thread-1][SynchronizeDataServiceImpl.java:108] - bti_30=====> [ 新增了0条数据 ]
 2016-05-03 21:50:00.757 INFO [pool-2-thread-1][SynchronizeDataServiceImpl.java:108] - bti_360=====> [ 新增了0条数据 ]
 2016-05-03 21:50:00.857 INFO [pool-2-thread-1][SynchronizeDataServiceImpl.java:108] - bti_5=====> [ 新增了0条数据 ]
 2016-05-03 21:50:00.950 INFO [pool-2-thread-1][SynchronizeDataServiceImpl.java:108] - bti_60=====> [ 新增了0条数据 ]
 2016-05-03 21:50:00.983 INFO [pool-2-thread-1][SynchronizeDataServiceImpl.java:108] - bti_720=====> [ 新增了0条数据 ]
 2016-05-03 21:50:01.018 INFO [pool-2-thread-1][SynchronizeDataServiceImpl.java:108] - lsi_120=====> [ 新增了0条数据 ]
 2016-05-03 21:50:01.091 INFO [pool-2-thread-1][SynchronizeDataServiceImpl.java:108] - lsi_1440=====> [ 新增了0条数据 ]
 2016-05-03 21:50:01.170 INFO [pool-2-thread-1][SynchronizeDataServiceImpl.java:108] - lsi_240=====> [ 新增了0条数据 ]
 2016-05-03 21:50:01.217 INFO [pool-2-thread-1][SynchronizeDataServiceImpl.java:108] - lsi_360=====> [ 新增了0条数据 ]
 2016-05-03 21:50:01.300 INFO [pool-2-thread-1][SynchronizeDataServiceImpl.java:108] - lsi_60=====> [ 新增了0条数据 ]
 2016-05-03 21:50:01.372 INFO [pool-2-thread-1][SynchronizeDataServiceImpl.java:108] - lsi_720=====> [ 新增了0条数据 ]
 2016-05-03 21:50:01.413 INFO [pool-2-thread-1][SynchronizeDataServiceImpl.java:108] - newbie_china_btc_120=====> [ 新增了0条数据 ]
 2016-05-03 21:50:01.484 INFO [pool-2-thread-1][SynchronizeDataServiceImpl.java:108] - newbie_china_btc_1440=====> [ 新增了0条数据 ]
 2016-05-03 21:50:01.557 INFO [pool-2-thread-1][SynchronizeDataServiceImpl.java:108] - newbie_china_btc_240=====> [ 新增了0条数据 ]
 2016-05-03 21:50:01.594 INFO [pool-2-thread-1][SynchronizeDataServiceImpl.java:108] - newbie_china_btc_360=====> [ 新增了0条数据 ]
 2016-05-03 21:50:01.627 INFO [pool-2-thread-1][SynchronizeDataServiceImpl.java:108] - newbie_china_btc_60=====> [ 新增了0条数据 ]
 2016-05-03 21:50:01.660 INFO [pool-2-thread-1][SynchronizeDataServiceImpl.java:108] - newbie_china_btc_720=====> [ 新增了0条数据 ]
 2016-05-03 21:51:00.004 INFO [pool-2-thread-1][SynchronizeDataTask.java:30] - running SynchronizeData......
 2016-05-03 21:51:00.224 INFO [pool-2-thread-1][SynchronizeDataServiceImpl.java:108] - bti_1=====> [ 新增了2条数据 ]
 2016-05-03 21:51:00.267 INFO [pool-2-thread-1][SynchronizeDataServiceImpl.java:108] - bti_120=====> [ 新增了0条数据 ]
 2016-05-03 21:51:00.312 INFO [pool-2-thread-1][SynchronizeDataServiceImpl.java:108] - bti_1440=====> [ 新增了0条数据 ]
 2016-05-03 21:51:00.364 INFO [pool-2-thread-1][SynchronizeDataServiceImpl.java:108] - bti_15=====> [ 新增了0条数据 ]
 2016-05-03 21:51:00.401 INFO [pool-2-thread-1][SynchronizeDataServiceImpl.java:108] - bti_240=====> [ 新增了0条数据 ]
 2016-05-03 21:51:00.429 INFO [pool-2-thread-1][SynchronizeDataServiceImpl.java:108] - bti_3=====> [ 新增了0条数据 ]
 2016-05-03 21:51:00.456 INFO [pool-2-thread-1][SynchronizeDataServiceImpl.java:108] - bti_30=====> [ 新增了0条数据 ]
 2016-05-03 21:51:00.485 INFO [pool-2-thread-1][SynchronizeDataServiceImpl.java:108] - bti_360=====> [ 新增了0条数据 ]
 2016-05-03 21:51:00.536 INFO [pool-2-thread-1][SynchronizeDataServiceImpl.java:108] - bti_5=====> [ 新增了1条数据 ]
 2016-05-03 21:51:00.569 INFO [pool-2-thread-1][SynchronizeDataServiceImpl.java:108] - bti_60=====> [ 新增了0条数据 ]
 2016-05-03 21:51:00.600 INFO [pool-2-thread-1][SynchronizeDataServiceImpl.java:108] - bti_720=====> [ 新增了0条数据 ]
 2016-05-03 21:51:00.629 INFO [pool-2-thread-1][SynchronizeDataServiceImpl.java:108] - lsi_120=====> [ 新增了0条数据 ]
 2016-05-03 21:51:00.656 INFO [pool-2-thread-1][SynchronizeDataServiceImpl.java:108] - lsi_1440=====> [ 新增了0条数据 ]
 2016-05-03 21:51:00.698 INFO [pool-2-thread-1][SynchronizeDataServiceImpl.java:108] - lsi_240=====> [ 新增了0条数据 ]
 2016-05-03 21:51:00.736 INFO [pool-2-thread-1][SynchronizeDataServiceImpl.java:108] - lsi_360=====> [ 新增了0条数据 ]
 2016-05-03 21:51:00.767 INFO [pool-2-thread-1][SynchronizeDataServiceImpl.java:108] - lsi_60=====> [ 新增了0条数据 ]
 2016-05-03 21:51:00.796 INFO [pool-2-thread-1][SynchronizeDataServiceImpl.java:108] - lsi_720=====> [ 新增了0条数据 ]
 2016-05-03 21:51:00.823 INFO [pool-2-thread-1][SynchronizeDataServiceImpl.java:108] - newbie_china_btc_120=====> [ 新增了0条数据 ]
 2016-05-03 21:51:00.897 INFO [pool-2-thread-1][SynchronizeDataServiceImpl.java:108] - newbie_china_btc_1440=====> [ 新增了0条数据 ]
 2016-05-03 21:51:00.986 INFO [pool-2-thread-1][SynchronizeDataServiceImpl.java:108] - newbie_china_btc_240=====> [ 新增了0条数据 ]
 2016-05-03 21:51:01.064 INFO [pool-2-thread-1][SynchronizeDataServiceImpl.java:108] - newbie_china_btc_360=====> [ 新增了0条数据 ]
 2016-05-03 21:51:01.135 INFO [pool-2-thread-1][SynchronizeDataServiceImpl.java:108] - newbie_china_btc_60=====> [ 新增了0条数据 ]
 2016-05-03 21:51:01.212 INFO [pool-2-thread-1][SynchronizeDataServiceImpl.java:108] - newbie_china_btc_720=====> [ 新增了0条数据 ]
 2016-05-03 21:52:00.005 INFO [pool-2-thread-1][SynchronizeDataTask.java:30] - running SynchronizeData......
 2016-05-03 21:52:00.174 INFO [pool-2-thread-1][SynchronizeDataServiceImpl.java:108] - bti_1=====> [ 新增了0条数据 ]
 2016-05-03 21:52:00.240 INFO [pool-2-thread-1][SynchronizeDataServiceImpl.java:108] - bti_120=====> [ 新增了0条数据 ]
 2016-05-03 21:52:00.273 INFO [pool-2-thread-1][SynchronizeDataServiceImpl.java:108] - bti_1440=====> [ 新增了0条数据 ]
 2016-05-03 21:52:00.358 INFO [pool-2-thread-1][SynchronizeDataServiceImpl.java:108] - bti_15=====> [ 新增了0条数据 ]
 2016-05-03 21:52:00.449 INFO [pool-2-thread-1][SynchronizeDataServiceImpl.java:108] - bti_240=====> [ 新增了0条数据 ]
 2016-05-03 21:52:00.572 INFO [pool-2-thread-1][SynchronizeDataServiceImpl.java:108] - bti_3=====> [ 新增了0条数据 ]
 2016-05-03 21:52:00.664 INFO [pool-2-thread-1][SynchronizeDataServiceImpl.java:108] - bti_30=====> [ 新增了0条数据 ]
 2016-05-03 21:52:00.737 INFO [pool-2-thread-1][SynchronizeDataServiceImpl.java:108] - bti_360=====> [ 新增了0条数据 ]
 2016-05-03 21:52:00.821 INFO [pool-2-thread-1][SynchronizeDataServiceImpl.java:108] - bti_5=====> [ 新增了0条数据 ]
 2016-05-03 21:52:00.908 INFO [pool-2-thread-1][SynchronizeDataServiceImpl.java:108] - bti_60=====> [ 新增了0条数据 ]
 2016-05-03 21:52:00.962 INFO [pool-2-thread-1][SynchronizeDataServiceImpl.java:108] - bti_720=====> [ 新增了0条数据 ]
 2016-05-03 21:52:00.992 INFO [pool-2-thread-1][SynchronizeDataServiceImpl.java:108] - lsi_120=====> [ 新增了0条数据 ]
 2016-05-03 21:52:01.059 INFO [pool-2-thread-1][SynchronizeDataServiceImpl.java:108] - lsi_1440=====> [ 新增了0条数据 ]
 2016-05-03 21:52:01.126 INFO [pool-2-thread-1][SynchronizeDataServiceImpl.java:108] - lsi_240=====> [ 新增了0条数据 ]
 2016-05-03 21:52:01.163 INFO [pool-2-thread-1][SynchronizeDataServiceImpl.java:108] - lsi_360=====> [ 新增了0条数据 ]
 2016-05-03 21:52:01.248 INFO [pool-2-thread-1][SynchronizeDataServiceImpl.java:108] - lsi_60=====> [ 新增了0条数据 ]
 2016-05-03 21:52:01.350 INFO [pool-2-thread-1][SynchronizeDataServiceImpl.java:108] - lsi_720=====> [ 新增了0条数据 ]
 2016-05-03 21:52:01.561 INFO [pool-2-thread-1][SynchronizeDataServiceImpl.java:108] - newbie_china_btc_120=====> [ 新增了0条数据 ]
 2016-05-03 21:52:01.664 INFO [pool-2-thread-1][SynchronizeDataServiceImpl.java:108] - newbie_china_btc_1440=====> [ 新增了0条数据 ]
 2016-05-03 21:52:01.716 INFO [pool-2-thread-1][SynchronizeDataServiceImpl.java:108] - newbie_china_btc_240=====> [ 新增了0条数据 ]
 2016-05-03 21:52:01.752 INFO [pool-2-thread-1][SynchronizeDataServiceImpl.java:108] - newbie_china_btc_360=====> [ 新增了0条数据 ]
 2016-05-03 21:52:01.785 INFO [pool-2-thread-1][SynchronizeDataServiceImpl.java:108] - newbie_china_btc_60=====> [ 新增了0条数据 ]
 2016-05-03 21:52:01.829 INFO [pool-2-thread-1][SynchronizeDataServiceImpl.java:108] - newbie_china_btc_720=====> [ 新增了0条数据 ]
 2016-05-03 21:53:00.004 INFO [pool-2-thread-1][SynchronizeDataTask.java:30] - running SynchronizeData......
 2016-05-03 21:53:00.182 INFO [pool-2-thread-1][SynchronizeDataServiceImpl.java:108] - bti_1=====> [ 新增了2条数据 ]
 2016-05-03 21:53:00.217 INFO [pool-2-thread-1][SynchronizeDataServiceImpl.java:108] - bti_120=====> [ 新增了0条数据 ]
 2016-05-03 21:53:00.253 INFO [pool-2-thread-1][SynchronizeDataServiceImpl.java:108] - bti_1440=====> [ 新增了0条数据 ]
 2016-05-03 21:53:00.347 INFO [pool-2-thread-1][SynchronizeDataServiceImpl.java:108] - bti_15=====> [ 新增了0条数据 ]
 2016-05-03 21:53:00.380 INFO [pool-2-thread-1][SynchronizeDataServiceImpl.java:108] - bti_240=====> [ 新增了0条数据 ]
 2016-05-03 21:53:00.476 INFO [pool-2-thread-1][SynchronizeDataServiceImpl.java:108] - bti_3=====> [ 新增了1条数据 ]
 2016-05-03 21:53:00.522 INFO [pool-2-thread-1][SynchronizeDataServiceImpl.java:108] - bti_30=====> [ 新增了0条数据 ]
 2016-05-03 21:53:00.600 INFO [pool-2-thread-1][SynchronizeDataServiceImpl.java:108] - bti_360=====> [ 新增了0条数据 ]
 2016-05-03 21:53:00.694 INFO [pool-2-thread-1][SynchronizeDataServiceImpl.java:108] - bti_5=====> [ 新增了0条数据 ]
 2016-05-03 21:53:00.745 INFO [pool-2-thread-1][SynchronizeDataServiceImpl.java:108] - bti_60=====> [ 新增了0条数据 ]
 2016-05-03 21:53:00.775 INFO [pool-2-thread-1][SynchronizeDataServiceImpl.java:108] - bti_720=====> [ 新增了0条数据 ]
 2016-05-03 21:53:00.803 INFO [pool-2-thread-1][SynchronizeDataServiceImpl.java:108] - lsi_120=====> [ 新增了0条数据 ]
 2016-05-03 21:53:00.837 INFO [pool-2-thread-1][SynchronizeDataServiceImpl.java:108] - lsi_1440=====> [ 新增了0条数据 ]
 2016-05-03 21:53:00.913 INFO [pool-2-thread-1][SynchronizeDataServiceImpl.java:108] - lsi_240=====> [ 新增了0条数据 ]
 2016-05-03 21:53:00.947 INFO [pool-2-thread-1][SynchronizeDataServiceImpl.java:108] - lsi_360=====> [ 新增了0条数据 ]
 2016-05-03 21:53:00.989 INFO [pool-2-thread-1][SynchronizeDataServiceImpl.java:108] - lsi_60=====> [ 新增了0条数据 ]
 2016-05-03 21:53:01.025 INFO [pool-2-thread-1][SynchronizeDataServiceImpl.java:108] - lsi_720=====> [ 新增了0条数据 ]
 2016-05-03 21:53:01.059 INFO [pool-2-thread-1][SynchronizeDataServiceImpl.java:108] - newbie_china_btc_120=====> [ 新增了0条数据 ]
 2016-05-03 21:53:01.126 INFO [pool-2-thread-1][SynchronizeDataServiceImpl.java:108] - newbie_china_btc_1440=====> [ 新增了0条数据 ]
 2016-05-03 21:53:01.197 INFO [pool-2-thread-1][SynchronizeDataServiceImpl.java:108] - newbie_china_btc_240=====> [ 新增了0条数据 ]
 2016-05-03 21:53:01.266 INFO [pool-2-thread-1][SynchronizeDataServiceImpl.java:108] - newbie_china_btc_360=====> [ 新增了0条数据 ]
 2016-05-03 21:53:01.344 INFO [pool-2-thread-1][SynchronizeDataServiceImpl.java:108] - newbie_china_btc_60=====> [ 新增了0条数据 ]
 2016-05-03 21:53:01.405 INFO [pool-2-thread-1][SynchronizeDataServiceImpl.java:108] - newbie_china_btc_720=====> [ 新增了0条数据 ]
 2016-05-03 21:54:00.005 INFO [pool-2-thread-1][SynchronizeDataTask.java:30] - running SynchronizeData......
 2016-05-03 21:54:00.138 INFO [pool-2-thread-1][SynchronizeDataServiceImpl.java:108] - bti_1=====> [ 新增了0条数据 ]
 2016-05-03 21:54:00.222 INFO [pool-2-thread-1][SynchronizeDataServiceImpl.java:108] - bti_120=====> [ 新增了0条数据 ]
 2016-05-03 21:54:00.295 INFO [pool-2-thread-1][SynchronizeDataServiceImpl.java:108] - bti_1440=====> [ 新增了0条数据 ]
 2016-05-03 21:54:00.365 INFO [pool-2-thread-1][SynchronizeDataServiceImpl.java:108] - bti_15=====> [ 新增了0条数据 ]
 2016-05-03 21:54:00.451 INFO [pool-2-thread-1][SynchronizeDataServiceImpl.java:108] - bti_240=====> [ 新增了0条数据 ]
 2016-05-03 21:54:00.519 INFO [pool-2-thread-1][SynchronizeDataServiceImpl.java:108] - bti_3=====> [ 新增了0条数据 ]
 2016-05-03 21:54:00.572 INFO [pool-2-thread-1][SynchronizeDataServiceImpl.java:108] - bti_30=====> [ 新增了0条数据 ]
 2016-05-03 21:54:00.627 INFO [pool-2-thread-1][SynchronizeDataServiceImpl.java:108] - bti_360=====> [ 新增了0条数据 ]
 2016-05-03 21:54:00.688 INFO [pool-2-thread-1][SynchronizeDataServiceImpl.java:108] - bti_5=====> [ 新增了0条数据 ]
 2016-05-03 21:54:00.766 INFO [pool-2-thread-1][SynchronizeDataServiceImpl.java:108] - bti_60=====> [ 新增了0条数据 ]
 2016-05-03 21:54:00.798 INFO [pool-2-thread-1][SynchronizeDataServiceImpl.java:108] - bti_720=====> [ 新增了0条数据 ]
 2016-05-03 21:54:00.843 INFO [pool-2-thread-1][SynchronizeDataServiceImpl.java:108] - lsi_120=====> [ 新增了0条数据 ]
 2016-05-03 21:54:00.905 INFO [pool-2-thread-1][SynchronizeDataServiceImpl.java:108] - lsi_1440=====> [ 新增了0条数据 ]
 2016-05-03 21:54:00.971 INFO [pool-2-thread-1][SynchronizeDataServiceImpl.java:108] - lsi_240=====> [ 新增了0条数据 ]
 2016-05-03 21:54:01.009 INFO [pool-2-thread-1][SynchronizeDataServiceImpl.java:108] - lsi_360=====> [ 新增了0条数据 ]
 2016-05-03 21:54:01.074 INFO [pool-2-thread-1][SynchronizeDataServiceImpl.java:108] - lsi_60=====> [ 新增了0条数据 ]
 2016-05-03 21:54:01.255 INFO [pool-2-thread-1][SynchronizeDataServiceImpl.java:108] - lsi_720=====> [ 新增了0条数据 ]
 2016-05-03 21:54:01.349 INFO [pool-2-thread-1][SynchronizeDataServiceImpl.java:108] - newbie_china_btc_120=====> [ 新增了0条数据 ]
 2016-05-03 21:54:01.414 INFO [pool-2-thread-1][SynchronizeDataServiceImpl.java:108] - newbie_china_btc_1440=====> [ 新增了0条数据 ]
 2016-05-03 21:54:01.454 INFO [pool-2-thread-1][SynchronizeDataServiceImpl.java:108] - newbie_china_btc_240=====> [ 新增了0条数据 ]
 2016-05-03 21:54:01.522 INFO [pool-2-thread-1][SynchronizeDataServiceImpl.java:108] - newbie_china_btc_360=====> [ 新增了0条数据 ]
 2016-05-03 21:54:01.598 INFO [pool-2-thread-1][SynchronizeDataServiceImpl.java:108] - newbie_china_btc_60=====> [ 新增了0条数据 ]
 2016-05-03 21:54:01.638 INFO [pool-2-thread-1][SynchronizeDataServiceImpl.java:108] - newbie_china_btc_720=====> [ 新增了0条数据 ]
 2016-05-03 21:55:00.005 INFO [pool-2-thread-1][SynchronizeDataTask.java:30] - running SynchronizeData......
 2016-05-03 21:55:00.200 INFO [pool-2-thread-1][SynchronizeDataServiceImpl.java:108] - bti_1=====> [ 新增了2条数据 ]
 2016-05-03 21:55:00.284 INFO [pool-2-thread-1][SynchronizeDataServiceImpl.java:108] - bti_120=====> [ 新增了0条数据 ]
 2016-05-03 21:55:00.361 INFO [pool-2-thread-1][SynchronizeDataServiceImpl.java:108] - bti_1440=====> [ 新增了0条数据 ]
 2016-05-03 21:55:00.434 INFO [pool-2-thread-1][SynchronizeDataServiceImpl.java:108] - bti_15=====> [ 新增了0条数据 ]
 2016-05-03 21:55:00.482 INFO [pool-2-thread-1][SynchronizeDataServiceImpl.java:108] - bti_240=====> [ 新增了0条数据 ]
 2016-05-03 21:55:00.561 INFO [pool-2-thread-1][SynchronizeDataServiceImpl.java:108] - bti_3=====> [ 新增了1条数据 ]
 2016-05-03 21:55:00.593 INFO [pool-2-thread-1][SynchronizeDataServiceImpl.java:108] - bti_30=====> [ 新增了0条数据 ]
 2016-05-03 21:55:00.627 INFO [pool-2-thread-1][SynchronizeDataServiceImpl.java:108] - bti_360=====> [ 新增了0条数据 ]
 2016-05-03 21:58:00.005 INFO [pool-2-thread-1][SynchronizeDataTask.java:30] - running SynchronizeData......
 