2016-05-04 00:19:00.011 INFO [pool-2-thread-1][SynchronizeDataTask.java:30] - running SynchronizeData......
 2016-05-04 00:19:02.463 INFO [pool-2-thread-1][SynchronizeDataServiceImpl.java:108] - bti_1=====> [ 新增了89条数据 ]
 2016-05-04 00:19:02.573 INFO [pool-2-thread-1][SynchronizeDataServiceImpl.java:108] - bti_120=====> [ 新增了1条数据 ]
 2016-05-04 00:19:02.729 INFO [pool-2-thread-1][SynchronizeDataServiceImpl.java:108] - bti_1440=====> [ 新增了1条数据 ]
 2016-05-04 00:19:03.018 INFO [pool-2-thread-1][SynchronizeDataServiceImpl.java:108] - bti_15=====> [ 新增了6条数据 ]
 2016-05-04 00:19:03.163 INFO [pool-2-thread-1][SynchronizeDataServiceImpl.java:108] - bti_240=====> [ 新增了1条数据 ]
 2016-05-04 00:19:03.996 INFO [pool-2-thread-1][SynchronizeDataServiceImpl.java:108] - bti_3=====> [ 新增了29条数据 ]
 2016-05-04 00:19:04.185 INFO [pool-2-thread-1][SynchronizeDataServiceImpl.java:108] - bti_30=====> [ 新增了3条数据 ]
 2016-05-04 00:19:04.283 INFO [pool-2-thread-1][SynchronizeDataServiceImpl.java:108] - bti_360=====> [ 新增了0条数据 ]
 2016-05-04 00:19:04.807 INFO [pool-2-thread-1][SynchronizeDataServiceImpl.java:108] - bti_5=====> [ 新增了18条数据 ]
 2016-05-04 00:19:05.208 INFO [pool-2-thread-1][SynchronizeDataServiceImpl.java:108] - bti_60=====> [ 新增了2条数据 ]
 2016-05-04 00:19:05.270 INFO [pool-2-thread-1][SynchronizeDataServiceImpl.java:108] - bti_720=====> [ 新增了0条数据 ]
 2016-05-04 00:19:05.335 INFO [pool-2-thread-1][SynchronizeDataServiceImpl.java:108] - lsi_120=====> [ 新增了0条数据 ]
 2016-05-04 00:19:05.392 INFO [pool-2-thread-1][SynchronizeDataServiceImpl.java:108] - lsi_1440=====> [ 新增了0条数据 ]
 2016-05-04 00:19:05.422 INFO [pool-2-thread-1][SynchronizeDataServiceImpl.java:108] - lsi_240=====> [ 新增了0条数据 ]
 2016-05-04 00:19:05.502 INFO [pool-2-thread-1][SynchronizeDataServiceImpl.java:108] - lsi_360=====> [ 新增了0条数据 ]
 2016-05-04 00:19:05.582 INFO [pool-2-thread-1][SynchronizeDataServiceImpl.java:108] - lsi_60=====> [ 新增了1条数据 ]
 2016-05-04 00:19:05.671 INFO [pool-2-thread-1][SynchronizeDataServiceImpl.java:108] - lsi_720=====> [ 新增了0条数据 ]
 2016-05-04 00:19:05.738 INFO [pool-2-thread-1][SynchronizeDataServiceImpl.java:108] - newbie_china_btc_120=====> [ 新增了1条数据 ]
 2016-05-04 00:19:05.805 INFO [pool-2-thread-1][SynchronizeDataServiceImpl.java:108] - newbie_china_btc_1440=====> [ 新增了0条数据 ]
 2016-05-04 00:19:05.874 INFO [pool-2-thread-1][SynchronizeDataServiceImpl.java:108] - newbie_china_btc_240=====> [ 新增了1条数据 ]
 2016-05-04 00:19:05.936 INFO [pool-2-thread-1][SynchronizeDataServiceImpl.java:108] - newbie_china_btc_360=====> [ 新增了0条数据 ]
 2016-05-04 00:19:06.040 INFO [pool-2-thread-1][SynchronizeDataServiceImpl.java:108] - newbie_china_btc_60=====> [ 新增了2条数据 ]
 2016-05-04 00:19:06.114 INFO [pool-2-thread-1][SynchronizeDataServiceImpl.java:108] - newbie_china_btc_720=====> [ 新增了0条数据 ]
 2016-05-04 00:20:00.002 INFO [pool-2-thread-1][SynchronizeDataTask.java:30] - running SynchronizeData......
 2016-05-04 00:20:00.124 INFO [pool-2-thread-1][SynchronizeDataServiceImpl.java:108] - bti_1=====> [ 新增了0条数据 ]
 2016-05-04 00:20:00.237 INFO [pool-2-thread-1][SynchronizeDataServiceImpl.java:108] - bti_120=====> [ 新增了0条数据 ]
 2016-05-04 00:20:00.291 INFO [pool-2-thread-1][SynchronizeDataServiceImpl.java:108] - bti_1440=====> [ 新增了0条数据 ]
 2016-05-04 00:20:00.379 INFO [pool-2-thread-1][SynchronizeDataServiceImpl.java:108] - bti_15=====> [ 新增了0条数据 ]
 2016-05-04 00:20:00.453 INFO [pool-2-thread-1][SynchronizeDataServiceImpl.java:108] - bti_240=====> [ 新增了0条数据 ]
 2016-05-04 00:20:00.563 INFO [pool-2-thread-1][SynchronizeDataServiceImpl.java:108] - bti_3=====> [ 新增了0条数据 ]
 2016-05-04 00:20:00.622 INFO [pool-2-thread-1][SynchronizeDataServiceImpl.java:108] - bti_30=====> [ 新增了0条数据 ]
 2016-05-04 00:20:00.667 INFO [pool-2-thread-1][SynchronizeDataServiceImpl.java:108] - bti_360=====> [ 新增了0条数据 ]
 2016-05-04 00:20:00.699 INFO [pool-2-thread-1][SynchronizeDataServiceImpl.java:108] - bti_5=====> [ 新增了0条数据 ]
 2016-05-04 00:20:00.756 INFO [pool-2-thread-1][SynchronizeDataServiceImpl.java:108] - bti_60=====> [ 新增了0条数据 ]
 2016-05-04 00:20:00.801 INFO [pool-2-thread-1][SynchronizeDataServiceImpl.java:108] - bti_720=====> [ 新增了0条数据 ]
 2016-05-04 00:20:00.845 INFO [pool-2-thread-1][SynchronizeDataServiceImpl.java:108] - lsi_120=====> [ 新增了0条数据 ]
 2016-05-04 00:20:00.875 INFO [pool-2-thread-1][SynchronizeDataServiceImpl.java:108] - lsi_1440=====> [ 新增了0条数据 ]
 2016-05-04 00:20:00.913 INFO [pool-2-thread-1][SynchronizeDataServiceImpl.java:108] - lsi_240=====> [ 新增了0条数据 ]
 2016-05-04 00:20:00.969 INFO [pool-2-thread-1][SynchronizeDataServiceImpl.java:108] - lsi_360=====> [ 新增了0条数据 ]
 2016-05-04 00:20:01.035 INFO [pool-2-thread-1][SynchronizeDataServiceImpl.java:108] - lsi_60=====> [ 新增了0条数据 ]
 2016-05-04 00:20:01.080 INFO [pool-2-thread-1][SynchronizeDataServiceImpl.java:108] - lsi_720=====> [ 新增了0条数据 ]
 2016-05-04 00:20:01.130 INFO [pool-2-thread-1][SynchronizeDataServiceImpl.java:108] - newbie_china_btc_120=====> [ 新增了0条数据 ]
 2016-05-04 00:20:01.178 INFO [pool-2-thread-1][SynchronizeDataServiceImpl.java:108] - newbie_china_btc_1440=====> [ 新增了0条数据 ]
 2016-05-04 00:20:01.233 INFO [pool-2-thread-1][SynchronizeDataServiceImpl.java:108] - newbie_china_btc_240=====> [ 新增了0条数据 ]
 2016-05-04 00:20:01.289 INFO [pool-2-thread-1][SynchronizeDataServiceImpl.java:108] - newbie_china_btc_360=====> [ 新增了0条数据 ]
 2016-05-04 00:20:01.345 INFO [pool-2-thread-1][SynchronizeDataServiceImpl.java:108] - newbie_china_btc_60=====> [ 新增了0条数据 ]
 2016-05-04 00:20:01.389 INFO [pool-2-thread-1][SynchronizeDataServiceImpl.java:108] - newbie_china_btc_720=====> [ 新增了0条数据 ]
 2016-05-04 00:21:00.002 INFO [pool-2-thread-1][SynchronizeDataTask.java:30] - running SynchronizeData......
 2016-05-04 00:21:00.258 INFO [pool-2-thread-1][SynchronizeDataServiceImpl.java:108] - bti_1=====> [ 新增了2条数据 ]
 2016-05-04 00:21:00.330 INFO [pool-2-thread-1][SynchronizeDataServiceImpl.java:108] - bti_120=====> [ 新增了0条数据 ]
 2016-05-04 00:21:00.375 INFO [pool-2-thread-1][SynchronizeDataServiceImpl.java:108] - bti_1440=====> [ 新增了0条数据 ]
 2016-05-04 00:21:00.406 INFO [pool-2-thread-1][SynchronizeDataServiceImpl.java:108] - bti_15=====> [ 新增了0条数据 ]
 2016-05-04 00:21:00.442 INFO [pool-2-thread-1][SynchronizeDataServiceImpl.java:108] - bti_240=====> [ 新增了0条数据 ]
 2016-05-04 00:21:00.569 INFO [pool-2-thread-1][SynchronizeDataServiceImpl.java:108] - bti_3=====> [ 新增了1条数据 ]
 2016-05-04 00:21:00.644 INFO [pool-2-thread-1][SynchronizeDataServiceImpl.java:108] - bti_30=====> [ 新增了0条数据 ]
 2016-05-04 00:21:00.711 INFO [pool-2-thread-1][SynchronizeDataServiceImpl.java:108] - bti_360=====> [ 新增了0条数据 ]
 2016-05-04 00:21:00.789 INFO [pool-2-thread-1][SynchronizeDataServiceImpl.java:108] - bti_5=====> [ 新增了0条数据 ]
 2016-05-04 00:21:00.866 INFO [pool-2-thread-1][SynchronizeDataServiceImpl.java:108] - bti_60=====> [ 新增了0条数据 ]
 2016-05-04 00:21:00.912 INFO [pool-2-thread-1][SynchronizeDataServiceImpl.java:108] - bti_720=====> [ 新增了0条数据 ]
 2016-05-04 00:21:00.991 INFO [pool-2-thread-1][SynchronizeDataServiceImpl.java:108] - lsi_120=====> [ 新增了0条数据 ]
 2016-05-04 00:21:01.076 INFO [pool-2-thread-1][SynchronizeDataServiceImpl.java:108] - lsi_1440=====> [ 新增了0条数据 ]
 2016-05-04 00:21:01.122 INFO [pool-2-thread-1][SynchronizeDataServiceImpl.java:108] - lsi_240=====> [ 新增了0条数据 ]
 2016-05-04 00:21:01.188 INFO [pool-2-thread-1][SynchronizeDataServiceImpl.java:108] - lsi_360=====> [ 新增了0条数据 ]
 2016-05-04 00:21:01.255 INFO [pool-2-thread-1][SynchronizeDataServiceImpl.java:108] - lsi_60=====> [ 新增了0条数据 ]
 2016-05-04 00:21:01.354 INFO [pool-2-thread-1][SynchronizeDataServiceImpl.java:108] - lsi_720=====> [ 新增了0条数据 ]
 2016-05-04 00:21:01.399 INFO [pool-2-thread-1][SynchronizeDataServiceImpl.java:108] - newbie_china_btc_120=====> [ 新增了0条数据 ]
 2016-05-04 00:21:01.455 INFO [pool-2-thread-1][SynchronizeDataServiceImpl.java:108] - newbie_china_btc_1440=====> [ 新增了0条数据 ]
 2016-05-04 00:21:01.528 INFO [pool-2-thread-1][SynchronizeDataServiceImpl.java:108] - newbie_china_btc_240=====> [ 新增了0条数据 ]
 2016-05-04 00:21:01.578 INFO [pool-2-thread-1][SynchronizeDataServiceImpl.java:108] - newbie_china_btc_360=====> [ 新增了0条数据 ]
 2016-05-04 00:21:01.620 INFO [pool-2-thread-1][SynchronizeDataServiceImpl.java:108] - newbie_china_btc_60=====> [ 新增了0条数据 ]
 2016-05-04 00:21:01.688 INFO [pool-2-thread-1][SynchronizeDataServiceImpl.java:108] - newbie_china_btc_720=====> [ 新增了0条数据 ]
 2016-05-04 00:22:00.002 INFO [pool-2-thread-1][SynchronizeDataTask.java:30] - running SynchronizeData......
 2016-05-04 00:22:00.075 INFO [pool-2-thread-1][SynchronizeDataServiceImpl.java:108] - bti_1=====> [ 新增了0条数据 ]
 2016-05-04 00:22:00.152 INFO [pool-2-thread-1][SynchronizeDataServiceImpl.java:108] - bti_120=====> [ 新增了0条数据 ]
 2016-05-04 00:22:00.211 INFO [pool-2-thread-1][SynchronizeDataServiceImpl.java:108] - bti_1440=====> [ 新增了0条数据 ]
 2016-05-04 00:22:00.274 INFO [pool-2-thread-1][SynchronizeDataServiceImpl.java:108] - bti_15=====> [ 新增了0条数据 ]
 2016-05-04 00:22:00.319 INFO [pool-2-thread-1][SynchronizeDataServiceImpl.java:108] - bti_240=====> [ 新增了0条数据 ]
 2016-05-04 00:22:00.396 INFO [pool-2-thread-1][SynchronizeDataServiceImpl.java:108] - bti_3=====> [ 新增了0条数据 ]
 2016-05-04 00:22:00.440 INFO [pool-2-thread-1][SynchronizeDataServiceImpl.java:108] - bti_30=====> [ 新增了0条数据 ]
 2016-05-04 00:22:00.492 INFO [pool-2-thread-1][SynchronizeDataServiceImpl.java:108] - bti_360=====> [ 新增了0条数据 ]
 2016-05-04 00:22:00.530 INFO [pool-2-thread-1][SynchronizeDataServiceImpl.java:108] - bti_5=====> [ 新增了0条数据 ]
 2016-05-04 00:22:00.576 INFO [pool-2-thread-1][SynchronizeDataServiceImpl.java:108] - bti_60=====> [ 新增了0条数据 ]
 2016-05-04 00:22:00.617 INFO [pool-2-thread-1][SynchronizeDataServiceImpl.java:108] - bti_720=====> [ 新增了0条数据 ]
 2016-05-04 00:22:00.663 INFO [pool-2-thread-1][SynchronizeDataServiceImpl.java:108] - lsi_120=====> [ 新增了0条数据 ]
 2016-05-04 00:22:00.709 INFO [pool-2-thread-1][SynchronizeDataServiceImpl.java:108] - lsi_1440=====> [ 新增了0条数据 ]
 2016-05-04 00:22:00.753 INFO [pool-2-thread-1][SynchronizeDataServiceImpl.java:108] - lsi_240=====> [ 新增了0条数据 ]
 2016-05-04 00:22:00.797 INFO [pool-2-thread-1][SynchronizeDataServiceImpl.java:108] - lsi_360=====> [ 新增了0条数据 ]
 2016-05-04 00:22:00.841 INFO [pool-2-thread-1][SynchronizeDataServiceImpl.java:108] - lsi_60=====> [ 新增了0条数据 ]
 2016-05-04 00:22:00.886 INFO [pool-2-thread-1][SynchronizeDataServiceImpl.java:108] - lsi_720=====> [ 新增了0条数据 ]
 2016-05-04 00:22:00.930 INFO [pool-2-thread-1][SynchronizeDataServiceImpl.java:108] - newbie_china_btc_120=====> [ 新增了0条数据 ]
 2016-05-04 00:22:00.998 INFO [pool-2-thread-1][SynchronizeDataServiceImpl.java:108] - newbie_china_btc_1440=====> [ 新增了0条数据 ]
 2016-05-04 00:22:01.041 INFO [pool-2-thread-1][SynchronizeDataServiceImpl.java:108] - newbie_china_btc_240=====> [ 新增了0条数据 ]
 2016-05-04 00:22:01.098 INFO [pool-2-thread-1][SynchronizeDataServiceImpl.java:108] - newbie_china_btc_360=====> [ 新增了0条数据 ]
 2016-05-04 00:22:01.163 INFO [pool-2-thread-1][SynchronizeDataServiceImpl.java:108] - newbie_china_btc_60=====> [ 新增了0条数据 ]
 2016-05-04 00:22:01.219 INFO [pool-2-thread-1][SynchronizeDataServiceImpl.java:108] - newbie_china_btc_720=====> [ 新增了0条数据 ]
 2016-05-04 00:23:00.002 INFO [pool-2-thread-1][SynchronizeDataTask.java:30] - running SynchronizeData......
 2016-05-04 00:23:00.521 INFO [pool-2-thread-1][SynchronizeDataServiceImpl.java:108] - bti_1=====> [ 新增了1条数据 ]
 2016-05-04 00:23:00.583 INFO [pool-2-thread-1][SynchronizeDataServiceImpl.java:108] - bti_120=====> [ 新增了0条数据 ]
 2016-05-04 00:23:00.628 INFO [pool-2-thread-1][SynchronizeDataServiceImpl.java:108] - bti_1440=====> [ 新增了0条数据 ]
 2016-05-04 00:23:00.695 INFO [pool-2-thread-1][SynchronizeDataServiceImpl.java:108] - bti_15=====> [ 新增了0条数据 ]
 2016-05-04 00:23:00.752 INFO [pool-2-thread-1][SynchronizeDataServiceImpl.java:108] - bti_240=====> [ 新增了0条数据 ]
 2016-05-04 00:23:00.876 INFO [pool-2-thread-1][SynchronizeDataServiceImpl.java:108] - bti_3=====> [ 新增了1条数据 ]
 2016-05-04 00:23:00.938 INFO [pool-2-thread-1][SynchronizeDataServiceImpl.java:108] - bti_30=====> [ 新增了0条数据 ]
 2016-05-04 00:23:00.983 INFO [pool-2-thread-1][SynchronizeDataServiceImpl.java:108] - bti_360=====> [ 新增了0条数据 ]
 2016-05-04 00:23:01.065 INFO [pool-2-thread-1][SynchronizeDataServiceImpl.java:108] - bti_5=====> [ 新增了1条数据 ]
 2016-05-04 00:23:01.141 INFO [pool-2-thread-1][SynchronizeDataServiceImpl.java:108] - bti_60=====> [ 新增了0条数据 ]
 2016-05-04 00:23:01.182 INFO [pool-2-thread-1][SynchronizeDataServiceImpl.java:108] - bti_720=====> [ 新增了0条数据 ]
 2016-05-04 00:23:01.250 INFO [pool-2-thread-1][SynchronizeDataServiceImpl.java:108] - lsi_120=====> [ 新增了0条数据 ]
 2016-05-04 00:23:01.318 INFO [pool-2-thread-1][SynchronizeDataServiceImpl.java:108] - lsi_1440=====> [ 新增了0条数据 ]
 2016-05-04 00:23:01.384 INFO [pool-2-thread-1][SynchronizeDataServiceImpl.java:108] - lsi_240=====> [ 新增了0条数据 ]
 2016-05-04 00:23:01.486 INFO [pool-2-thread-1][SynchronizeDataServiceImpl.java:108] - lsi_360=====> [ 新增了0条数据 ]
 2016-05-04 00:23:01.561 INFO [pool-2-thread-1][SynchronizeDataServiceImpl.java:108] - lsi_60=====> [ 新增了0条数据 ]
 2016-05-04 00:23:01.652 INFO [pool-2-thread-1][SynchronizeDataServiceImpl.java:108] - lsi_720=====> [ 新增了0条数据 ]
 2016-05-04 00:23:01.728 INFO [pool-2-thread-1][SynchronizeDataServiceImpl.java:108] - newbie_china_btc_120=====> [ 新增了0条数据 ]
 2016-05-04 00:23:01.850 INFO [pool-2-thread-1][SynchronizeDataServiceImpl.java:108] - newbie_china_btc_1440=====> [ 新增了0条数据 ]
 2016-05-04 00:23:02.026 INFO [pool-2-thread-1][SynchronizeDataServiceImpl.java:108] - newbie_china_btc_240=====> [ 新增了0条数据 ]
 2016-05-04 00:23:02.129 INFO [pool-2-thread-1][SynchronizeDataServiceImpl.java:108] - newbie_china_btc_360=====> [ 新增了0条数据 ]
 2016-05-04 00:23:02.217 INFO [pool-2-thread-1][SynchronizeDataServiceImpl.java:108] - newbie_china_btc_60=====> [ 新增了0条数据 ]
 2016-05-04 00:23:02.317 INFO [pool-2-thread-1][SynchronizeDataServiceImpl.java:108] - newbie_china_btc_720=====> [ 新增了0条数据 ]
 2016-05-04 00:24:00.005 INFO [pool-2-thread-1][SynchronizeDataTask.java:30] - running SynchronizeData......
 2016-05-04 00:24:00.089 INFO [pool-2-thread-1][SynchronizeDataServiceImpl.java:108] - bti_1=====> [ 新增了0条数据 ]
 2016-05-04 00:24:00.144 INFO [pool-2-thread-1][SynchronizeDataServiceImpl.java:108] - bti_120=====> [ 新增了0条数据 ]
 2016-05-04 00:24:00.202 INFO [pool-2-thread-1][SynchronizeDataServiceImpl.java:108] - bti_1440=====> [ 新增了0条数据 ]
 2016-05-04 00:24:00.255 INFO [pool-2-thread-1][SynchronizeDataServiceImpl.java:108] - bti_15=====> [ 新增了0条数据 ]
 2016-05-04 00:24:00.302 INFO [pool-2-thread-1][SynchronizeDataServiceImpl.java:108] - bti_240=====> [ 新增了0条数据 ]
 2016-05-04 00:24:00.368 INFO [pool-2-thread-1][SynchronizeDataServiceImpl.java:108] - bti_3=====> [ 新增了0条数据 ]
 2016-05-04 00:24:00.422 INFO [pool-2-thread-1][SynchronizeDataServiceImpl.java:108] - bti_30=====> [ 新增了0条数据 ]
 2016-05-04 00:24:00.501 INFO [pool-2-thread-1][SynchronizeDataServiceImpl.java:108] - bti_360=====> [ 新增了0条数据 ]
 2016-05-04 00:24:00.545 INFO [pool-2-thread-1][SynchronizeDataServiceImpl.java:108] - bti_5=====> [ 新增了0条数据 ]
 2016-05-04 00:24:00.588 INFO [pool-2-thread-1][SynchronizeDataServiceImpl.java:108] - bti_60=====> [ 新增了0条数据 ]
 2016-05-04 00:24:00.623 INFO [pool-2-thread-1][SynchronizeDataServiceImpl.java:108] - bti_720=====> [ 新增了0条数据 ]
 2016-05-04 00:24:00.666 INFO [pool-2-thread-1][SynchronizeDataServiceImpl.java:108] - lsi_120=====> [ 新增了0条数据 ]
 2016-05-04 00:24:00.714 INFO [pool-2-thread-1][SynchronizeDataServiceImpl.java:108] - lsi_1440=====> [ 新增了0条数据 ]
 2016-05-04 00:24:00.757 INFO [pool-2-thread-1][SynchronizeDataServiceImpl.java:108] - lsi_240=====> [ 新增了0条数据 ]
 2016-05-04 00:24:00.786 INFO [pool-2-thread-1][SynchronizeDataServiceImpl.java:108] - lsi_360=====> [ 新增了0条数据 ]
 2016-05-04 00:24:00.823 INFO [pool-2-thread-1][SynchronizeDataServiceImpl.java:108] - lsi_60=====> [ 新增了0条数据 ]
 2016-05-04 00:24:00.855 INFO [pool-2-thread-1][SynchronizeDataServiceImpl.java:108] - lsi_720=====> [ 新增了0条数据 ]
 2016-05-04 00:24:00.890 INFO [pool-2-thread-1][SynchronizeDataServiceImpl.java:108] - newbie_china_btc_120=====> [ 新增了0条数据 ]
 2016-05-04 00:24:00.935 INFO [pool-2-thread-1][SynchronizeDataServiceImpl.java:108] - newbie_china_btc_1440=====> [ 新增了0条数据 ]
 2016-05-04 00:24:01.000 INFO [pool-2-thread-1][SynchronizeDataServiceImpl.java:108] - newbie_china_btc_240=====> [ 新增了0条数据 ]
 2016-05-04 00:24:01.058 INFO [pool-2-thread-1][SynchronizeDataServiceImpl.java:108] - newbie_china_btc_360=====> [ 新增了0条数据 ]
 2016-05-04 00:24:01.114 INFO [pool-2-thread-1][SynchronizeDataServiceImpl.java:108] - newbie_china_btc_60=====> [ 新增了0条数据 ]
 2016-05-04 00:24:01.200 INFO [pool-2-thread-1][SynchronizeDataServiceImpl.java:108] - newbie_china_btc_720=====> [ 新增了0条数据 ]
 2016-05-04 00:25:00.005 INFO [pool-2-thread-1][SynchronizeDataTask.java:30] - running SynchronizeData......
 2016-05-04 00:25:00.256 INFO [pool-2-thread-1][SynchronizeDataServiceImpl.java:108] - bti_1=====> [ 新增了3条数据 ]
 2016-05-04 00:25:00.319 INFO [pool-2-thread-1][SynchronizeDataServiceImpl.java:108] - bti_120=====> [ 新增了0条数据 ]
 2016-05-04 00:25:00.362 INFO [pool-2-thread-1][SynchronizeDataServiceImpl.java:108] - bti_1440=====> [ 新增了0条数据 ]
 2016-05-04 00:25:00.430 INFO [pool-2-thread-1][SynchronizeDataServiceImpl.java:108] - bti_15=====> [ 新增了0条数据 ]
 2016-05-04 00:25:00.485 INFO [pool-2-thread-1][SynchronizeDataServiceImpl.java:108] - bti_240=====> [ 新增了0条数据 ]
 2016-05-04 00:25:00.590 INFO [pool-2-thread-1][SynchronizeDataServiceImpl.java:108] - bti_3=====> [ 新增了1条数据 ]
 2016-05-04 00:25:00.651 INFO [pool-2-thread-1][SynchronizeDataServiceImpl.java:108] - bti_30=====> [ 新增了0条数据 ]
 2016-05-04 00:25:00.697 INFO [pool-2-thread-1][SynchronizeDataServiceImpl.java:108] - bti_360=====> [ 新增了0条数据 ]
 2016-05-04 00:25:00.763 INFO [pool-2-thread-1][SynchronizeDataServiceImpl.java:108] - bti_5=====> [ 新增了0条数据 ]
 2016-05-04 00:25:00.840 INFO [pool-2-thread-1][SynchronizeDataServiceImpl.java:108] - bti_60=====> [ 新增了0条数据 ]
 2016-05-04 00:25:00.872 INFO [pool-2-thread-1][SynchronizeDataServiceImpl.java:108] - bti_720=====> [ 新增了0条数据 ]
 2016-05-04 00:25:00.920 INFO [pool-2-thread-1][SynchronizeDataServiceImpl.java:108] - lsi_120=====> [ 新增了0条数据 ]
 2016-05-04 00:25:00.972 INFO [pool-2-thread-1][SynchronizeDataServiceImpl.java:108] - lsi_1440=====> [ 新增了0条数据 ]
 2016-05-04 00:25:01.019 INFO [pool-2-thread-1][SynchronizeDataServiceImpl.java:108] - lsi_240=====> [ 新增了0条数据 ]
 2016-05-04 00:25:01.094 INFO [pool-2-thread-1][SynchronizeDataServiceImpl.java:108] - lsi_360=====> [ 新增了0条数据 ]
 2016-05-04 00:25:01.175 INFO [pool-2-thread-1][SynchronizeDataServiceImpl.java:108] - lsi_60=====> [ 新增了0条数据 ]
 2016-05-04 00:25:01.231 INFO [pool-2-thread-1][SynchronizeDataServiceImpl.java:108] - lsi_720=====> [ 新增了0条数据 ]
 2016-05-04 00:25:01.274 INFO [pool-2-thread-1][SynchronizeDataServiceImpl.java:108] - newbie_china_btc_120=====> [ 新增了0条数据 ]
 2016-05-04 00:25:01.329 INFO [pool-2-thread-1][SynchronizeDataServiceImpl.java:108] - newbie_china_btc_1440=====> [ 新增了0条数据 ]
 2016-05-04 00:25:01.400 INFO [pool-2-thread-1][SynchronizeDataServiceImpl.java:108] - newbie_china_btc_240=====> [ 新增了0条数据 ]
 2016-05-04 00:25:01.441 INFO [pool-2-thread-1][SynchronizeDataServiceImpl.java:108] - newbie_china_btc_360=====> [ 新增了0条数据 ]
 2016-05-04 00:25:01.497 INFO [pool-2-thread-1][SynchronizeDataServiceImpl.java:108] - newbie_china_btc_60=====> [ 新增了0条数据 ]
 2016-05-04 00:25:01.574 INFO [pool-2-thread-1][SynchronizeDataServiceImpl.java:108] - newbie_china_btc_720=====> [ 新增了0条数据 ]
 2016-05-04 00:26:00.005 INFO [pool-2-thread-1][SynchronizeDataTask.java:30] - running SynchronizeData......
 2016-05-04 00:26:00.082 INFO [pool-2-thread-1][SynchronizeDataServiceImpl.java:108] - bti_1=====> [ 新增了0条数据 ]
 2016-05-04 00:26:00.111 INFO [pool-2-thread-1][SynchronizeDataServiceImpl.java:108] - bti_120=====> [ 新增了0条数据 ]
 2016-05-04 00:26:00.159 INFO [pool-2-thread-1][SynchronizeDataServiceImpl.java:108] - bti_1440=====> [ 新增了0条数据 ]
 2016-05-04 00:26:00.224 INFO [pool-2-thread-1][SynchronizeDataServiceImpl.java:108] - bti_15=====> [ 新增了0条数据 ]
 2016-05-04 00:26:00.292 INFO [pool-2-thread-1][SynchronizeDataServiceImpl.java:108] - bti_240=====> [ 新增了0条数据 ]
 2016-05-04 00:26:00.366 INFO [pool-2-thread-1][SynchronizeDataServiceImpl.java:108] - bti_3=====> [ 新增了0条数据 ]
 2016-05-04 00:26:00.447 INFO [pool-2-thread-1][SynchronizeDataServiceImpl.java:108] - bti_30=====> [ 新增了0条数据 ]
 2016-05-04 00:26:00.491 INFO [pool-2-thread-1][SynchronizeDataServiceImpl.java:108] - bti_360=====> [ 新增了0条数据 ]
 2016-05-04 00:26:00.571 INFO [pool-2-thread-1][SynchronizeDataServiceImpl.java:108] - bti_5=====> [ 新增了0条数据 ]
 2016-05-04 00:26:00.613 INFO [pool-2-thread-1][SynchronizeDataServiceImpl.java:108] - bti_60=====> [ 新增了0条数据 ]
 2016-05-04 00:26:00.691 INFO [pool-2-thread-1][SynchronizeDataServiceImpl.java:108] - bti_720=====> [ 新增了0条数据 ]
 2016-05-04 00:26:00.770 INFO [pool-2-thread-1][SynchronizeDataServiceImpl.java:108] - lsi_120=====> [ 新增了0条数据 ]
 2016-05-04 00:26:00.814 INFO [pool-2-thread-1][SynchronizeDataServiceImpl.java:108] - lsi_1440=====> [ 新增了0条数据 ]
 2016-05-04 00:26:00.860 INFO [pool-2-thread-1][SynchronizeDataServiceImpl.java:108] - lsi_240=====> [ 新增了0条数据 ]
 2016-05-04 00:26:00.890 INFO [pool-2-thread-1][SynchronizeDataServiceImpl.java:108] - lsi_360=====> [ 新增了0条数据 ]
 2016-05-04 00:26:00.924 INFO [pool-2-thread-1][SynchronizeDataServiceImpl.java:108] - lsi_60=====> [ 新增了0条数据 ]
 2016-05-04 00:26:01.000 INFO [pool-2-thread-1][SynchronizeDataServiceImpl.java:108] - lsi_720=====> [ 新增了0条数据 ]
 2016-05-04 00:26:01.037 INFO [pool-2-thread-1][SynchronizeDataServiceImpl.java:108] - newbie_china_btc_120=====> [ 新增了0条数据 ]
 2016-05-04 00:26:01.114 INFO [pool-2-thread-1][SynchronizeDataServiceImpl.java:108] - newbie_china_btc_1440=====> [ 新增了0条数据 ]
 2016-05-04 00:26:01.193 INFO [pool-2-thread-1][SynchronizeDataServiceImpl.java:108] - newbie_china_btc_240=====> [ 新增了0条数据 ]
 2016-05-04 00:26:01.259 INFO [pool-2-thread-1][SynchronizeDataServiceImpl.java:108] - newbie_china_btc_360=====> [ 新增了0条数据 ]
 2016-05-04 00:26:01.326 INFO [pool-2-thread-1][SynchronizeDataServiceImpl.java:108] - newbie_china_btc_60=====> [ 新增了0条数据 ]
 2016-05-04 00:26:01.370 INFO [pool-2-thread-1][SynchronizeDataServiceImpl.java:108] - newbie_china_btc_720=====> [ 新增了0条数据 ]
 2016-05-04 00:27:00.005 INFO [pool-2-thread-1][SynchronizeDataTask.java:30] - running SynchronizeData......
 2016-05-04 00:27:00.242 INFO [pool-2-thread-1][SynchronizeDataServiceImpl.java:108] - bti_1=====> [ 新增了0条数据 ]
 2016-05-04 00:27:00.320 INFO [pool-2-thread-1][SynchronizeDataServiceImpl.java:108] - bti_120=====> [ 新增了0条数据 ]
 2016-05-04 00:27:00.366 INFO [pool-2-thread-1][SynchronizeDataServiceImpl.java:108] - bti_1440=====> [ 新增了0条数据 ]
 2016-05-04 00:27:00.454 INFO [pool-2-thread-1][SynchronizeDataServiceImpl.java:108] - bti_15=====> [ 新增了0条数据 ]
 2016-05-04 00:27:00.532 INFO [pool-2-thread-1][SynchronizeDataServiceImpl.java:108] - bti_240=====> [ 新增了0条数据 ]
 2016-05-04 00:27:00.964 INFO [pool-2-thread-1][SynchronizeDataServiceImpl.java:108] - bti_3=====> [ 新增了0条数据 ]
 2016-05-04 00:27:01.055 INFO [pool-2-thread-1][SynchronizeDataServiceImpl.java:108] - bti_30=====> [ 新增了0条数据 ]
 2016-05-04 00:27:01.119 INFO [pool-2-thread-1][SynchronizeDataServiceImpl.java:108] - bti_360=====> [ 新增了0条数据 ]
 2016-05-04 00:27:01.198 INFO [pool-2-thread-1][SynchronizeDataServiceImpl.java:108] - bti_5=====> [ 新增了0条数据 ]
 2016-05-04 00:27:01.298 INFO [pool-2-thread-1][SynchronizeDataServiceImpl.java:108] - bti_60=====> [ 新增了0条数据 ]
 2016-05-04 00:27:01.343 INFO [pool-2-thread-1][SynchronizeDataServiceImpl.java:108] - bti_720=====> [ 新增了0条数据 ]
 2016-05-04 00:27:01.388 INFO [pool-2-thread-1][SynchronizeDataServiceImpl.java:108] - lsi_120=====> [ 新增了0条数据 ]
 2016-05-04 00:27:01.498 INFO [pool-2-thread-1][SynchronizeDataServiceImpl.java:108] - lsi_1440=====> [ 新增了0条数据 ]
 2016-05-04 00:27:01.611 INFO [pool-2-thread-1][SynchronizeDataServiceImpl.java:108] - lsi_240=====> [ 新增了0条数据 ]
 2016-05-04 00:27:01.730 INFO [pool-2-thread-1][SynchronizeDataServiceImpl.java:108] - lsi_360=====> [ 新增了0条数据 ]
 2016-05-04 00:27:01.809 INFO [pool-2-thread-1][SynchronizeDataServiceImpl.java:108] - lsi_60=====> [ 新增了0条数据 ]
 2016-05-04 00:27:01.865 INFO [pool-2-thread-1][SynchronizeDataServiceImpl.java:108] - lsi_720=====> [ 新增了0条数据 ]
 2016-05-04 00:27:01.903 INFO [pool-2-thread-1][SynchronizeDataServiceImpl.java:108] - newbie_china_btc_120=====> [ 新增了0条数据 ]
 2016-05-04 00:27:01.966 INFO [pool-2-thread-1][SynchronizeDataServiceImpl.java:108] - newbie_china_btc_1440=====> [ 新增了0条数据 ]
 2016-05-04 00:27:02.022 INFO [pool-2-thread-1][SynchronizeDataServiceImpl.java:108] - newbie_china_btc_240=====> [ 新增了0条数据 ]
 2016-05-04 00:27:02.077 INFO [pool-2-thread-1][SynchronizeDataServiceImpl.java:108] - newbie_china_btc_360=====> [ 新增了0条数据 ]
 2016-05-04 00:27:02.119 INFO [pool-2-thread-1][SynchronizeDataServiceImpl.java:108] - newbie_china_btc_60=====> [ 新增了0条数据 ]
 2016-05-04 00:27:02.213 INFO [pool-2-thread-1][SynchronizeDataServiceImpl.java:108] - newbie_china_btc_720=====> [ 新增了0条数据 ]
 2016-05-04 00:28:00.005 INFO [pool-2-thread-1][SynchronizeDataTask.java:30] - running SynchronizeData......
 2016-05-04 00:28:00.161 INFO [pool-2-thread-1][SynchronizeDataServiceImpl.java:108] - bti_1=====> [ 新增了0条数据 ]
 2016-05-04 00:28:00.329 INFO [pool-2-thread-1][SynchronizeDataServiceImpl.java:108] - bti_120=====> [ 新增了0条数据 ]
 2016-05-04 00:28:00.441 INFO [pool-2-thread-1][SynchronizeDataServiceImpl.java:108] - bti_1440=====> [ 新增了0条数据 ]
 2016-05-04 00:28:00.517 INFO [pool-2-thread-1][SynchronizeDataServiceImpl.java:108] - bti_15=====> [ 新增了0条数据 ]
 2016-05-04 00:28:00.593 INFO [pool-2-thread-1][SynchronizeDataServiceImpl.java:108] - bti_240=====> [ 新增了0条数据 ]
 2016-05-04 00:28:00.638 INFO [pool-2-thread-1][SynchronizeDataServiceImpl.java:108] - bti_3=====> [ 新增了0条数据 ]
 2016-05-04 00:28:00.706 INFO [pool-2-thread-1][SynchronizeDataServiceImpl.java:108] - bti_30=====> [ 新增了0条数据 ]
 2016-05-04 00:28:00.735 INFO [pool-2-thread-1][SynchronizeDataServiceImpl.java:108] - bti_360=====> [ 新增了0条数据 ]
 2016-05-04 00:28:00.817 INFO [pool-2-thread-1][SynchronizeDataServiceImpl.java:108] - bti_5=====> [ 新增了0条数据 ]
 2016-05-04 00:28:00.848 INFO [pool-2-thread-1][SynchronizeDataServiceImpl.java:108] - bti_60=====> [ 新增了0条数据 ]
 2016-05-04 00:28:00.913 INFO [pool-2-thread-1][SynchronizeDataServiceImpl.java:108] - bti_720=====> [ 新增了0条数据 ]
 2016-05-04 00:28:00.948 INFO [pool-2-thread-1][SynchronizeDataServiceImpl.java:108] - lsi_120=====> [ 新增了0条数据 ]
 2016-05-04 00:28:00.994 INFO [pool-2-thread-1][SynchronizeDataServiceImpl.java:108] - lsi_1440=====> [ 新增了0条数据 ]
 2016-05-04 00:28:01.072 INFO [pool-2-thread-1][SynchronizeDataServiceImpl.java:108] - lsi_240=====> [ 新增了0条数据 ]
 2016-05-04 00:28:01.150 INFO [pool-2-thread-1][SynchronizeDataServiceImpl.java:108] - lsi_360=====> [ 新增了0条数据 ]
 2016-05-04 00:28:01.194 INFO [pool-2-thread-1][SynchronizeDataServiceImpl.java:108] - lsi_60=====> [ 新增了0条数据 ]
 2016-05-04 00:28:01.236 INFO [pool-2-thread-1][SynchronizeDataServiceImpl.java:108] - lsi_720=====> [ 新增了0条数据 ]
 2016-05-04 00:28:01.302 INFO [pool-2-thread-1][SynchronizeDataServiceImpl.java:108] - newbie_china_btc_120=====> [ 新增了0条数据 ]
 2016-05-04 00:28:01.384 INFO [pool-2-thread-1][SynchronizeDataServiceImpl.java:108] - newbie_china_btc_1440=====> [ 新增了0条数据 ]
 2016-05-04 00:28:01.473 INFO [pool-2-thread-1][SynchronizeDataServiceImpl.java:108] - newbie_china_btc_240=====> [ 新增了0条数据 ]
 2016-05-04 00:28:01.594 INFO [pool-2-thread-1][SynchronizeDataServiceImpl.java:108] - newbie_china_btc_360=====> [ 新增了0条数据 ]
 2016-05-04 00:28:01.671 INFO [pool-2-thread-1][SynchronizeDataServiceImpl.java:108] - newbie_china_btc_60=====> [ 新增了0条数据 ]
 2016-05-04 00:28:01.777 INFO [pool-2-thread-1][SynchronizeDataServiceImpl.java:108] - newbie_china_btc_720=====> [ 新增了0条数据 ]
 2016-05-04 00:29:00.005 INFO [pool-2-thread-1][SynchronizeDataTask.java:30] - running SynchronizeData......
 2016-05-04 00:29:00.271 INFO [pool-2-thread-1][SynchronizeDataServiceImpl.java:108] - bti_1=====> [ 新增了2条数据 ]
 2016-05-04 00:29:00.324 INFO [pool-2-thread-1][SynchronizeDataServiceImpl.java:108] - bti_120=====> [ 新增了0条数据 ]
 2016-05-04 00:29:00.392 INFO [pool-2-thread-1][SynchronizeDataServiceImpl.java:108] - bti_1440=====> [ 新增了0条数据 ]
 2016-05-04 00:29:00.456 INFO [pool-2-thread-1][SynchronizeDataServiceImpl.java:108] - bti_15=====> [ 新增了0条数据 ]
 2016-05-04 00:29:00.523 INFO [pool-2-thread-1][SynchronizeDataServiceImpl.java:108] - bti_240=====> [ 新增了0条数据 ]
 2016-05-04 00:29:00.660 INFO [pool-2-thread-1][SynchronizeDataServiceImpl.java:108] - bti_3=====> [ 新增了1条数据 ]
 2016-05-04 00:29:00.709 INFO [pool-2-thread-1][SynchronizeDataServiceImpl.java:108] - bti_30=====> [ 新增了0条数据 ]
 2016-05-04 00:29:00.770 INFO [pool-2-thread-1][SynchronizeDataServiceImpl.java:108] - bti_360=====> [ 新增了0条数据 ]
 2016-05-04 00:29:01.171 INFO [pool-2-thread-1][SynchronizeDataServiceImpl.java:108] - bti_5=====> [ 新增了1条数据 ]
 2016-05-04 00:29:01.321 INFO [pool-2-thread-1][SynchronizeDataServiceImpl.java:108] - bti_60=====> [ 新增了0条数据 ]
 2016-05-04 00:29:01.401 INFO [pool-2-thread-1][SynchronizeDataServiceImpl.java:108] - bti_720=====> [ 新增了0条数据 ]
 2016-05-04 00:29:01.510 INFO [pool-2-thread-1][SynchronizeDataServiceImpl.java:108] - lsi_120=====> [ 新增了0条数据 ]
 2016-05-04 00:29:01.601 INFO [pool-2-thread-1][SynchronizeDataServiceImpl.java:108] - lsi_1440=====> [ 新增了0条数据 ]
 2016-05-04 00:29:01.656 INFO [pool-2-thread-1][SynchronizeDataServiceImpl.java:108] - lsi_240=====> [ 新增了0条数据 ]
 2016-05-04 00:29:01.813 INFO [pool-2-thread-1][SynchronizeDataServiceImpl.java:108] - lsi_360=====> [ 新增了0条数据 ]
 2016-05-04 00:29:01.924 INFO [pool-2-thread-1][SynchronizeDataServiceImpl.java:108] - lsi_60=====> [ 新增了0条数据 ]
 2016-05-04 00:29:01.981 INFO [pool-2-thread-1][SynchronizeDataServiceImpl.java:108] - lsi_720=====> [ 新增了0条数据 ]
 2016-05-04 00:29:02.035 INFO [pool-2-thread-1][SynchronizeDataServiceImpl.java:108] - newbie_china_btc_120=====> [ 新增了0条数据 ]
 2016-05-04 00:29:02.086 INFO [pool-2-thread-1][SynchronizeDataServiceImpl.java:108] - newbie_china_btc_1440=====> [ 新增了0条数据 ]
 2016-05-04 00:29:02.123 INFO [pool-2-thread-1][SynchronizeDataServiceImpl.java:108] - newbie_china_btc_240=====> [ 新增了0条数据 ]
 2016-05-04 00:29:02.214 INFO [pool-2-thread-1][SynchronizeDataServiceImpl.java:108] - newbie_china_btc_360=====> [ 新增了0条数据 ]
 2016-05-04 00:29:02.256 INFO [pool-2-thread-1][SynchronizeDataServiceImpl.java:108] - newbie_china_btc_60=====> [ 新增了0条数据 ]
 2016-05-04 00:29:02.312 INFO [pool-2-thread-1][SynchronizeDataServiceImpl.java:108] - newbie_china_btc_720=====> [ 新增了0条数据 ]
 