2016-05-04 00:30:00.004 INFO [pool-2-thread-1][SynchronizeDataTask.java:30] - running SynchronizeData......
 2016-05-04 00:30:00.148 INFO [pool-2-thread-1][SynchronizeDataServiceImpl.java:108] - bti_1=====> [ 新增了0条数据 ]
 2016-05-04 00:30:00.216 INFO [pool-2-thread-1][SynchronizeDataServiceImpl.java:108] - bti_120=====> [ 新增了0条数据 ]
 2016-05-04 00:30:00.319 INFO [pool-2-thread-1][SynchronizeDataServiceImpl.java:108] - bti_1440=====> [ 新增了0条数据 ]
 2016-05-04 00:30:00.406 INFO [pool-2-thread-1][SynchronizeDataServiceImpl.java:108] - bti_15=====> [ 新增了0条数据 ]
 2016-05-04 00:30:00.493 INFO [pool-2-thread-1][SynchronizeDataServiceImpl.java:108] - bti_240=====> [ 新增了0条数据 ]
 2016-05-04 00:30:00.593 INFO [pool-2-thread-1][SynchronizeDataServiceImpl.java:108] - bti_3=====> [ 新增了0条数据 ]
 2016-05-04 00:30:00.641 INFO [pool-2-thread-1][SynchronizeDataServiceImpl.java:108] - bti_30=====> [ 新增了0条数据 ]
 2016-05-04 00:30:00.673 INFO [pool-2-thread-1][SynchronizeDataServiceImpl.java:108] - bti_360=====> [ 新增了0条数据 ]
 2016-05-04 00:30:00.720 INFO [pool-2-thread-1][SynchronizeDataServiceImpl.java:108] - bti_5=====> [ 新增了0条数据 ]
 2016-05-04 00:30:00.763 INFO [pool-2-thread-1][SynchronizeDataServiceImpl.java:108] - bti_60=====> [ 新增了0条数据 ]
 2016-05-04 00:30:00.807 INFO [pool-2-thread-1][SynchronizeDataServiceImpl.java:108] - bti_720=====> [ 新增了0条数据 ]
 2016-05-04 00:30:00.841 INFO [pool-2-thread-1][SynchronizeDataServiceImpl.java:108] - lsi_120=====> [ 新增了0条数据 ]
 2016-05-04 00:30:00.887 INFO [pool-2-thread-1][SynchronizeDataServiceImpl.java:108] - lsi_1440=====> [ 新增了0条数据 ]
 2016-05-04 00:30:00.918 INFO [pool-2-thread-1][SynchronizeDataServiceImpl.java:108] - lsi_240=====> [ 新增了0条数据 ]
 2016-05-04 00:30:00.962 INFO [pool-2-thread-1][SynchronizeDataServiceImpl.java:108] - lsi_360=====> [ 新增了0条数据 ]
 2016-05-04 00:30:01.008 INFO [pool-2-thread-1][SynchronizeDataServiceImpl.java:108] - lsi_60=====> [ 新增了0条数据 ]
 2016-05-04 00:30:01.095 INFO [pool-2-thread-1][SynchronizeDataServiceImpl.java:108] - lsi_720=====> [ 新增了0条数据 ]
 2016-05-04 00:30:01.141 INFO [pool-2-thread-1][SynchronizeDataServiceImpl.java:108] - newbie_china_btc_120=====> [ 新增了0条数据 ]
 2016-05-04 00:30:01.252 INFO [pool-2-thread-1][SynchronizeDataServiceImpl.java:108] - newbie_china_btc_1440=====> [ 新增了0条数据 ]
 2016-05-04 00:30:01.317 INFO [pool-2-thread-1][SynchronizeDataServiceImpl.java:108] - newbie_china_btc_240=====> [ 新增了0条数据 ]
 2016-05-04 00:30:01.397 INFO [pool-2-thread-1][SynchronizeDataServiceImpl.java:108] - newbie_china_btc_360=====> [ 新增了0条数据 ]
 2016-05-04 00:30:01.527 INFO [pool-2-thread-1][SynchronizeDataServiceImpl.java:108] - newbie_china_btc_60=====> [ 新增了0条数据 ]
 2016-05-04 00:30:01.586 INFO [pool-2-thread-1][SynchronizeDataServiceImpl.java:108] - newbie_china_btc_720=====> [ 新增了0条数据 ]
 2016-05-04 00:31:00.020 INFO [pool-2-thread-1][SynchronizeDataTask.java:30] - running SynchronizeData......
 2016-05-04 00:31:00.340 INFO [pool-2-thread-1][SynchronizeDataServiceImpl.java:108] - bti_1=====> [ 新增了2条数据 ]
 2016-05-04 00:31:00.470 INFO [pool-2-thread-1][SynchronizeDataServiceImpl.java:108] - bti_120=====> [ 新增了0条数据 ]
 2016-05-04 00:31:00.560 INFO [pool-2-thread-1][SynchronizeDataServiceImpl.java:108] - bti_1440=====> [ 新增了0条数据 ]
 2016-05-04 00:31:00.660 INFO [pool-2-thread-1][SynchronizeDataServiceImpl.java:108] - bti_15=====> [ 新增了0条数据 ]
 2016-05-04 00:31:00.714 INFO [pool-2-thread-1][SynchronizeDataServiceImpl.java:108] - bti_240=====> [ 新增了0条数据 ]
 2016-05-04 00:31:00.778 INFO [pool-2-thread-1][SynchronizeDataServiceImpl.java:108] - bti_3=====> [ 新增了0条数据 ]
 2016-05-04 00:31:00.935 INFO [pool-2-thread-1][SynchronizeDataServiceImpl.java:108] - bti_30=====> [ 新增了0条数据 ]
 2016-05-04 00:31:01.246 INFO [pool-2-thread-1][SynchronizeDataServiceImpl.java:108] - bti_360=====> [ 新增了0条数据 ]
 2016-05-04 00:31:01.538 INFO [pool-2-thread-1][SynchronizeDataServiceImpl.java:108] - bti_5=====> [ 新增了0条数据 ]
 2016-05-04 00:31:01.613 INFO [pool-2-thread-1][SynchronizeDataServiceImpl.java:108] - bti_60=====> [ 新增了0条数据 ]
 2016-05-04 00:31:01.659 INFO [pool-2-thread-1][SynchronizeDataServiceImpl.java:108] - bti_720=====> [ 新增了0条数据 ]
 2016-05-04 00:31:01.712 INFO [pool-2-thread-1][SynchronizeDataServiceImpl.java:108] - lsi_120=====> [ 新增了0条数据 ]
 2016-05-04 00:31:01.767 INFO [pool-2-thread-1][SynchronizeDataServiceImpl.java:108] - lsi_1440=====> [ 新增了0条数据 ]
 2016-05-04 00:31:01.802 INFO [pool-2-thread-1][SynchronizeDataServiceImpl.java:108] - lsi_240=====> [ 新增了0条数据 ]
 2016-05-04 00:31:02.022 INFO [pool-2-thread-1][SynchronizeDataServiceImpl.java:108] - lsi_360=====> [ 新增了0条数据 ]
 2016-05-04 00:31:02.101 INFO [pool-2-thread-1][SynchronizeDataServiceImpl.java:108] - lsi_60=====> [ 新增了0条数据 ]
 2016-05-04 00:31:02.158 INFO [pool-2-thread-1][SynchronizeDataServiceImpl.java:108] - lsi_720=====> [ 新增了0条数据 ]
 2016-05-04 00:31:02.308 INFO [pool-2-thread-1][SynchronizeDataServiceImpl.java:108] - newbie_china_btc_120=====> [ 新增了0条数据 ]
 2016-05-04 00:31:02.392 INFO [pool-2-thread-1][SynchronizeDataServiceImpl.java:108] - newbie_china_btc_1440=====> [ 新增了0条数据 ]
 2016-05-04 00:31:02.457 INFO [pool-2-thread-1][SynchronizeDataServiceImpl.java:108] - newbie_china_btc_240=====> [ 新增了0条数据 ]
 2016-05-04 00:31:02.502 INFO [pool-2-thread-1][SynchronizeDataServiceImpl.java:108] - newbie_china_btc_360=====> [ 新增了0条数据 ]
 2016-05-04 00:31:02.547 INFO [pool-2-thread-1][SynchronizeDataServiceImpl.java:108] - newbie_china_btc_60=====> [ 新增了0条数据 ]
 2016-05-04 00:31:02.578 INFO [pool-2-thread-1][SynchronizeDataServiceImpl.java:108] - newbie_china_btc_720=====> [ 新增了0条数据 ]
 2016-05-04 00:49:59.178 INFO [main][SynchronizeDataServiceImpl.java:108] - bti_1=====> [ 新增了15条数据 ]
 2016-05-04 00:49:59.408 INFO [main][SynchronizeDataServiceImpl.java:108] - bti_120=====> [ 新增了0条数据 ]
 2016-05-04 00:49:59.485 INFO [main][SynchronizeDataServiceImpl.java:108] - bti_1440=====> [ 新增了0条数据 ]
 2016-05-04 00:49:59.646 INFO [main][SynchronizeDataServiceImpl.java:108] - bti_15=====> [ 新增了2条数据 ]
 2016-05-04 00:49:59.730 INFO [main][SynchronizeDataServiceImpl.java:108] - bti_240=====> [ 新增了0条数据 ]
 2016-05-04 00:50:00.001 INFO [pool-2-thread-1][SynchronizeDataTask.java:32] - running SynchronizeData......
 2016-05-04 00:50:00.622 INFO [pool-2-thread-1][SynchronizeDataServiceImpl.java:108] - bti_1=====> [ 新增了0条数据 ]
 2016-05-04 00:50:01.353 INFO [pool-2-thread-1][SynchronizeDataServiceImpl.java:108] - bti_120=====> [ 新增了0条数据 ]
 2016-05-04 00:50:01.369 INFO [main][SynchronizeDataServiceImpl.java:108] - bti_3=====> [ 新增了6条数据 ]
 2016-05-04 00:50:01.399 INFO [pool-2-thread-1][SynchronizeDataServiceImpl.java:108] - bti_1440=====> [ 新增了0条数据 ]
 2016-05-04 00:50:01.452 INFO [pool-2-thread-1][SynchronizeDataServiceImpl.java:108] - bti_15=====> [ 新增了0条数据 ]
 2016-05-04 00:50:01.497 INFO [pool-2-thread-1][SynchronizeDataServiceImpl.java:108] - bti_240=====> [ 新增了0条数据 ]
 2016-05-04 00:50:01.524 INFO [main][SynchronizeDataServiceImpl.java:108] - bti_30=====> [ 新增了1条数据 ]
 2016-05-04 00:50:01.587 INFO [pool-2-thread-1][SynchronizeDataServiceImpl.java:108] - bti_3=====> [ 新增了0条数据 ]
 2016-05-04 00:50:01.688 INFO [pool-2-thread-1][SynchronizeDataServiceImpl.java:108] - bti_30=====> [ 新增了0条数据 ]
 2016-05-04 00:50:01.788 INFO [main][SynchronizeDataServiceImpl.java:108] - bti_360=====> [ 新增了0条数据 ]
 2016-05-04 00:50:02.380 INFO [main][SynchronizeDataServiceImpl.java:108] - bti_5=====> [ 新增了4条数据 ]
 2016-05-04 00:50:02.499 INFO [pool-2-thread-1][SynchronizeDataServiceImpl.java:108] - bti_360=====> [ 新增了0条数据 ]
 2016-05-04 00:50:02.577 INFO [main][SynchronizeDataServiceImpl.java:108] - bti_60=====> [ 新增了0条数据 ]
 2016-05-04 00:50:02.698 INFO [pool-2-thread-1][SynchronizeDataServiceImpl.java:108] - bti_5=====> [ 新增了0条数据 ]
 2016-05-04 00:50:03.121 INFO [pool-2-thread-1][SynchronizeDataServiceImpl.java:108] - bti_60=====> [ 新增了0条数据 ]
 2016-05-04 00:50:03.249 INFO [main][SynchronizeDataServiceImpl.java:108] - bti_720=====> [ 新增了0条数据 ]
 2016-05-04 00:50:03.346 INFO [pool-2-thread-1][SynchronizeDataServiceImpl.java:108] - bti_720=====> [ 新增了0条数据 ]
 2016-05-04 00:50:03.424 INFO [main][SynchronizeDataServiceImpl.java:108] - lsi_120=====> [ 新增了1条数据 ]
 2016-05-04 00:50:03.531 INFO [main][SynchronizeDataServiceImpl.java:108] - lsi_1440=====> [ 新增了0条数据 ]
 2016-05-04 00:50:03.693 ERROR [pool-2-thread-1][SynchronizeDataServiceImpl.java:110] - org.springframework.dao.DuplicateKeyException: StatementCallback; SQL [insert into lsi_120 (date,indx,info,longIndx,shortIndx) values (' 2016-05-04 00:00:00' ,  60.0 ,'  ',  0.0,  0.0) ]; Duplicate entry '2016-05-04 00:00:00' for key 'date'; nested exception is com.mysql.jdbc.exceptions.jdbc4.MySQLIntegrityConstraintViolationException: Duplicate entry '2016-05-04 00:00:00' for key 'date'
	at org.springframework.jdbc.support.SQLErrorCodeSQLExceptionTranslator.doTranslate(SQLErrorCodeSQLExceptionTranslator.java:239)
	at org.springframework.jdbc.support.AbstractFallbackSQLExceptionTranslator.translate(AbstractFallbackSQLExceptionTranslator.java:73)
	at org.springframework.jdbc.core.JdbcTemplate.execute(JdbcTemplate.java:416)
	at org.springframework.jdbc.core.JdbcTemplate.execute(JdbcTemplate.java:440)
	at com.radarwin.bifu.bm.dao.impl.SynchronizeDataDaoImpl.save(SynchronizeDataDaoImpl.java:208)
	at com.radarwin.bifu.bm.service.impl.SynchronizeDataServiceImpl.addNewData(SynchronizeDataServiceImpl.java:106)
	at com.radarwin.bifu.bm.task.base.SynchronizeDataTask.syn(SynchronizeDataTask.java:40)
	at sun.reflect.NativeMethodAccessorImpl.invoke0(Native Method)
	at sun.reflect.NativeMethodAccessorImpl.invoke(NativeMethodAccessorImpl.java:57)
	at sun.reflect.DelegatingMethodAccessorImpl.invoke(DelegatingMethodAccessorImpl.java:43)
	at java.lang.reflect.Method.invoke(Method.java:606)
	at org.springframework.scheduling.support.ScheduledMethodRunnable.run(ScheduledMethodRunnable.java:65)
	at org.springframework.scheduling.support.DelegatingErrorHandlingRunnable.run(DelegatingErrorHandlingRunnable.java:54)
	at org.springframework.scheduling.concurrent.ReschedulingRunnable.run(ReschedulingRunnable.java:81)
	at java.util.concurrent.Executors$RunnableAdapter.call(Executors.java:471)
	at java.util.concurrent.FutureTask.run(FutureTask.java:262)
	at java.util.concurrent.ScheduledThreadPoolExecutor$ScheduledFutureTask.access$201(ScheduledThreadPoolExecutor.java:178)
	at java.util.concurrent.ScheduledThreadPoolExecutor$ScheduledFutureTask.run(ScheduledThreadPoolExecutor.java:292)
	at java.util.concurrent.ThreadPoolExecutor.runWorker(ThreadPoolExecutor.java:1145)
	at java.util.concurrent.ThreadPoolExecutor$Worker.run(ThreadPoolExecutor.java:615)
	at java.lang.Thread.run(Thread.java:745)
Caused by: com.mysql.jdbc.exceptions.jdbc4.MySQLIntegrityConstraintViolationException: Duplicate entry '2016-05-04 00:00:00' for key 'date'
	at sun.reflect.NativeConstructorAccessorImpl.newInstance0(Native Method)
	at sun.reflect.NativeConstructorAccessorImpl.newInstance(NativeConstructorAccessorImpl.java:57)
	at sun.reflect.DelegatingConstructorAccessorImpl.newInstance(DelegatingConstructorAccessorImpl.java:45)
	at java.lang.reflect.Constructor.newInstance(Constructor.java:526)
	at com.mysql.jdbc.Util.handleNewInstance(Util.java:389)
	at com.mysql.jdbc.Util.getInstance(Util.java:372)
	at com.mysql.jdbc.SQLError.createSQLException(SQLError.java:973)
	at com.mysql.jdbc.MysqlIO.checkErrorPacket(MysqlIO.java:3835)
	at com.mysql.jdbc.MysqlIO.checkErrorPacket(MysqlIO.java:3771)
	at com.mysql.jdbc.MysqlIO.sendCommand(MysqlIO.java:2435)
	at com.mysql.jdbc.MysqlIO.sqlQueryDirect(MysqlIO.java:2582)
	at com.mysql.jdbc.ConnectionImpl.execSQL(ConnectionImpl.java:2531)
	at com.mysql.jdbc.ConnectionImpl.execSQL(ConnectionImpl.java:2489)
	at com.mysql.jdbc.StatementImpl.execute(StatementImpl.java:848)
	at com.mysql.jdbc.StatementImpl.execute(StatementImpl.java:742)
	at com.alibaba.druid.filter.FilterChainImpl.statement_execute(FilterChainImpl.java:2489)
	at com.alibaba.druid.filter.FilterAdapter.statement_execute(FilterAdapter.java:2451)
	at com.alibaba.druid.filter.FilterEventAdapter.statement_execute(FilterEventAdapter.java:188)
	at com.alibaba.druid.filter.FilterChainImpl.statement_execute(FilterChainImpl.java:2487)
	at com.alibaba.druid.proxy.jdbc.StatementProxyImpl.execute(StatementProxyImpl.java:137)
	at com.alibaba.druid.pool.DruidPooledStatement.execute(DruidPooledStatement.java:421)
	at org.springframework.jdbc.core.JdbcTemplate$1ExecuteStatementCallback.doInStatement(JdbcTemplate.java:432)
	at org.springframework.jdbc.core.JdbcTemplate.execute(JdbcTemplate.java:405)
	... 18 more

 2016-05-04 00:50:03.780 INFO [main][SynchronizeDataServiceImpl.java:108] - lsi_240=====> [ 新增了1条数据 ]
 2016-05-04 00:50:03.866 INFO [pool-2-thread-1][SynchronizeDataServiceImpl.java:108] - lsi_1440=====> [ 新增了0条数据 ]
 2016-05-04 00:50:04.045 INFO [main][SynchronizeDataServiceImpl.java:108] - lsi_360=====> [ 新增了0条数据 ]
 2016-05-04 00:50:04.173 INFO [pool-2-thread-1][SynchronizeDataServiceImpl.java:108] - lsi_240=====> [ 新增了0条数据 ]
 2016-05-04 00:50:04.619 INFO [pool-2-thread-1][SynchronizeDataServiceImpl.java:108] - lsi_360=====> [ 新增了0条数据 ]
 2016-05-04 00:50:04.713 INFO [main][SynchronizeDataServiceImpl.java:108] - lsi_60=====> [ 新增了1条数据 ]
 2016-05-04 00:50:04.832 INFO [main][SynchronizeDataServiceImpl.java:108] - lsi_720=====> [ 新增了0条数据 ]
 2016-05-04 00:50:05.079 INFO [main][SynchronizeDataServiceImpl.java:108] - newbie_china_btc_120=====> [ 新增了0条数据 ]
 2016-05-04 00:50:05.079 INFO [pool-2-thread-1][SynchronizeDataServiceImpl.java:108] - lsi_60=====> [ 新增了0条数据 ]
 2016-05-04 00:50:05.265 INFO [main][SynchronizeDataServiceImpl.java:108] - newbie_china_btc_1440=====> [ 新增了0条数据 ]
 2016-05-04 00:50:05.367 INFO [pool-2-thread-1][SynchronizeDataServiceImpl.java:108] - lsi_720=====> [ 新增了0条数据 ]
 2016-05-04 00:50:05.510 INFO [pool-2-thread-1][SynchronizeDataServiceImpl.java:108] - newbie_china_btc_120=====> [ 新增了0条数据 ]
 2016-05-04 00:50:05.589 INFO [main][SynchronizeDataServiceImpl.java:108] - newbie_china_btc_240=====> [ 新增了0条数据 ]
 2016-05-04 00:50:05.633 INFO [pool-2-thread-1][SynchronizeDataServiceImpl.java:108] - newbie_china_btc_1440=====> [ 新增了0条数据 ]
 2016-05-04 00:50:05.789 INFO [main][SynchronizeDataServiceImpl.java:108] - newbie_china_btc_360=====> [ 新增了0条数据 ]
 2016-05-04 00:50:05.955 INFO [pool-2-thread-1][SynchronizeDataServiceImpl.java:108] - newbie_china_btc_240=====> [ 新增了0条数据 ]
 2016-05-04 00:50:06.159 INFO [main][SynchronizeDataServiceImpl.java:108] - newbie_china_btc_60=====> [ 新增了0条数据 ]
 2016-05-04 00:50:06.476 INFO [pool-2-thread-1][SynchronizeDataServiceImpl.java:108] - newbie_china_btc_360=====> [ 新增了0条数据 ]
 2016-05-04 00:50:06.666 INFO [main][SynchronizeDataServiceImpl.java:108] - newbie_china_btc_720=====> [ 新增了0条数据 ]
 2016-05-04 00:50:49.678 INFO [main][SynchronizeDataServiceImpl.java:108] - bti_1=====> [ 新增了0条数据 ]
 2016-05-04 00:50:49.752 INFO [main][SynchronizeDataServiceImpl.java:108] - bti_120=====> [ 新增了0条数据 ]
 2016-05-04 00:50:49.807 INFO [main][SynchronizeDataServiceImpl.java:108] - bti_1440=====> [ 新增了0条数据 ]
 2016-05-04 00:50:49.887 INFO [main][SynchronizeDataServiceImpl.java:108] - bti_15=====> [ 新增了0条数据 ]
 2016-05-04 00:50:50.171 INFO [main][SynchronizeDataServiceImpl.java:108] - bti_240=====> [ 新增了0条数据 ]
 2016-05-04 00:50:50.364 INFO [main][SynchronizeDataServiceImpl.java:108] - bti_3=====> [ 新增了0条数据 ]
 2016-05-04 00:50:50.465 INFO [main][SynchronizeDataServiceImpl.java:108] - bti_30=====> [ 新增了0条数据 ]
 2016-05-04 00:50:50.577 INFO [main][SynchronizeDataServiceImpl.java:108] - bti_360=====> [ 新增了0条数据 ]
 2016-05-04 00:50:50.678 INFO [main][SynchronizeDataServiceImpl.java:108] - bti_5=====> [ 新增了0条数据 ]
 2016-05-04 00:50:50.764 INFO [main][SynchronizeDataServiceImpl.java:108] - bti_60=====> [ 新增了0条数据 ]
 2016-05-04 00:50:50.831 INFO [main][SynchronizeDataServiceImpl.java:108] - bti_720=====> [ 新增了0条数据 ]
 2016-05-04 00:50:50.875 INFO [main][SynchronizeDataServiceImpl.java:108] - lsi_120=====> [ 新增了0条数据 ]
 2016-05-04 00:50:50.963 INFO [main][SynchronizeDataServiceImpl.java:108] - lsi_1440=====> [ 新增了0条数据 ]
 2016-05-04 00:50:51.042 INFO [main][SynchronizeDataServiceImpl.java:108] - lsi_240=====> [ 新增了0条数据 ]
 2016-05-04 00:50:51.105 INFO [main][SynchronizeDataServiceImpl.java:108] - lsi_360=====> [ 新增了0条数据 ]
 2016-05-04 00:50:51.153 INFO [main][SynchronizeDataServiceImpl.java:108] - lsi_60=====> [ 新增了0条数据 ]
 2016-05-04 00:50:51.199 INFO [main][SynchronizeDataServiceImpl.java:108] - lsi_720=====> [ 新增了0条数据 ]
 2016-05-04 00:50:51.239 INFO [main][SynchronizeDataServiceImpl.java:108] - newbie_china_btc_120=====> [ 新增了0条数据 ]
 2016-05-04 00:50:51.299 INFO [main][SynchronizeDataServiceImpl.java:108] - newbie_china_btc_1440=====> [ 新增了0条数据 ]
 2016-05-04 00:50:51.352 INFO [main][SynchronizeDataServiceImpl.java:108] - newbie_china_btc_240=====> [ 新增了0条数据 ]
 2016-05-04 00:50:51.419 INFO [main][SynchronizeDataServiceImpl.java:108] - newbie_china_btc_360=====> [ 新增了0条数据 ]
 2016-05-04 00:50:51.484 INFO [main][SynchronizeDataServiceImpl.java:108] - newbie_china_btc_60=====> [ 新增了0条数据 ]
 2016-05-04 00:50:51.540 INFO [main][SynchronizeDataServiceImpl.java:108] - newbie_china_btc_720=====> [ 新增了0条数据 ]
 